<?xml version="1.0" encoding="UTF-8"?>
<robot generator="Robot 6.1.1 (Python 3.12.0 on win32)" generated="20240314 14:24:14.168" rpa="false" schemaversion="4">
<suite id="s1" name="PMC-AES" source="C:\Users\mojgan.dadashi\PycharmProjects\PersystRobotAutomation\Tests\PMC\PMC-AES">
<suite id="s1-s1" name="SmokeTest8" source="C:\Users\mojgan.dadashi\PycharmProjects\PersystRobotAutomation\Tests\PMC\PMC-AES\SmokeTest8.robot">
<test id="s1-s1-t1" name="User should be able to login with valid credentials" line="15">
<kw name="Begin Web Suit With No Login" library="Common" type="SETUP">
<kw name="Set Selenium Timeout" library="SeleniumLibrary">
<arg>15s</arg>
<doc>Sets the timeout that is used by various keywords.</doc>
<status status="PASS" starttime="20240314 14:24:15.094" endtime="20240314 14:24:15.094"/>
</kw>
<kw name="Set Reference Folder" library="ImageHorizonLibrary">
<arg>${COMPARISON_IMAGES_PATH}</arg>
<doc>Sets where all reference images are stored.</doc>
<status status="PASS" starttime="20240314 14:24:15.094" endtime="20240314 14:24:15.095"/>
</kw>
<kw name="Open Browser" library="SeleniumLibrary">
<arg>sbout:blank</arg>
<arg>${Browser}[0]</arg>
<doc>Opens a new browser instance to the optional ``url``.</doc>
<msg timestamp="20240314 14:24:15.096" level="INFO">Opening browser 'chrome' to base url 'sbout:blank'.</msg>
<status status="PASS" starttime="20240314 14:24:15.095" endtime="20240314 14:24:19.560"/>
</kw>
<kw name="Set Window Size" library="SeleniumLibrary">
<arg>1552</arg>
<arg>928</arg>
<doc>Sets current windows size to given ``width`` and ``height``.</doc>
<status status="PASS" starttime="20240314 14:24:19.561" endtime="20240314 14:24:19.786"/>
</kw>
<status status="PASS" starttime="20240314 14:24:15.093" endtime="20240314 14:24:19.787"/>
</kw>
<kw name="Navigate To Login Page" library="LoginPage">
<arg>${PMC_Prod_URL}</arg>
<kw name="Get Location" library="SeleniumLibrary">
<var>${current_url}</var>
<doc>Returns the current browser window URL.</doc>
<msg timestamp="20240314 14:24:19.844" level="INFO">${current_url} = data:,</msg>
<status status="PASS" starttime="20240314 14:24:19.787" endtime="20240314 14:24:19.844"/>
</kw>
<if>
<branch type="IF" condition="$current_url == $URL">
<kw name="No Operation" library="BuiltIn">
<doc>Does absolutely nothing.</doc>
<status status="NOT RUN" starttime="20240314 14:24:19.845" endtime="20240314 14:24:19.845"/>
</kw>
<status status="NOT RUN" starttime="20240314 14:24:19.844" endtime="20240314 14:24:19.845"/>
</branch>
<branch type="ELSE">
<kw name="Go To" library="SeleniumLibrary">
<arg>${URL}</arg>
<doc>Navigates the current browser window to the provided ``url``.</doc>
<msg timestamp="20240314 14:24:19.846" level="INFO">Opening url 'https://pmc.persyst.com/login'</msg>
<status status="PASS" starttime="20240314 14:24:19.845" endtime="20240314 14:24:21.938"/>
</kw>
<status status="PASS" starttime="20240314 14:24:19.845" endtime="20240314 14:24:21.938"/>
</branch>
<status status="PASS" starttime="20240314 14:24:19.844" endtime="20240314 14:24:21.938"/>
</if>
<status status="PASS" starttime="20240314 14:24:19.787" endtime="20240314 14:24:21.938"/>
</kw>
<kw name="Login Into PMC With Valid Credentials" library="PMCApp">
<arg>${CORRECT_USERNAME}</arg>
<arg>${CORRECT_PASSWORD}</arg>
<kw name="Login With Valid Credentials" library="LoginPage">
<arg>${USERNAME}</arg>
<arg>${PASSWORD}</arg>
<kw name="Fill &quot;Username&quot; field" library="LoginPage">
<arg>${USERNAME}</arg>
<kw name="Input Text" library="SeleniumLibrary">
<arg>${USER_NAME_LOCATOR}</arg>
<arg>${Username}</arg>
<doc>Types the given ``text`` into the text field identified by ``locator``.</doc>
<msg timestamp="20240314 14:24:21.941" level="INFO">Typing text 'astonstudent8@persyst.com' into text field 'name=username'.</msg>
<status status="PASS" starttime="20240314 14:24:21.940" endtime="20240314 14:24:22.393"/>
</kw>
<status status="PASS" starttime="20240314 14:24:21.940" endtime="20240314 14:24:22.393"/>
</kw>
<kw name="Fill &quot;Password&quot; Field" library="LoginPage">
<arg>${PASSWORD}</arg>
<kw name="Input Text" library="SeleniumLibrary">
<arg>${PASSWORD_LOCATOR}</arg>
<arg>${Password}</arg>
<doc>Types the given ``text`` into the text field identified by ``locator``.</doc>
<msg timestamp="20240314 14:24:22.395" level="INFO">Typing text 'AstonUni2024!' into text field 'name=password'.</msg>
<status status="PASS" starttime="20240314 14:24:22.394" endtime="20240314 14:24:22.546"/>
</kw>
<status status="PASS" starttime="20240314 14:24:22.393" endtime="20240314 14:24:22.546"/>
</kw>
<kw name="Click Login Button" library="LoginPage">
<kw name="Click Button" library="SeleniumLibrary">
<arg>Sign in</arg>
<doc>Clicks the button identified by ``locator``.</doc>
<msg timestamp="20240314 14:24:22.548" level="INFO">Clicking button 'Sign in'.</msg>
<status status="PASS" starttime="20240314 14:24:22.547" endtime="20240314 14:24:22.852"/>
</kw>
<kw name="Sleep" library="BuiltIn">
<arg>3s</arg>
<doc>Pauses the test executed for the given time.</doc>
<msg timestamp="20240314 14:24:25.852" level="INFO">Slept 3 seconds</msg>
<status status="PASS" starttime="20240314 14:24:22.852" endtime="20240314 14:24:25.852"/>
</kw>
<status status="PASS" starttime="20240314 14:24:22.546" endtime="20240314 14:24:25.853"/>
</kw>
<status status="PASS" starttime="20240314 14:24:21.939" endtime="20240314 14:24:25.853"/>
</kw>
<kw name="Verify Patient View Page Loaded" library="PatientView">
<kw name="Wait Until Page Contains" library="SeleniumLibrary">
<arg>Record List</arg>
<arg>40s</arg>
<doc>Waits until ``text`` appears on the current page.</doc>
<status status="PASS" starttime="20240314 14:24:25.853" endtime="20240314 14:24:25.887"/>
</kw>
<status status="PASS" starttime="20240314 14:24:25.853" endtime="20240314 14:24:25.887"/>
</kw>
<status status="PASS" starttime="20240314 14:24:21.938" endtime="20240314 14:24:25.887"/>
</kw>
<for flavor="IN RANGE">
<var>${index}</var>
<value>3</value>
<iter>
<var name="${index}">0</var>
<kw name="Log" library="BuiltIn">
<arg>Iteration: ${index + 1}</arg>
<doc>Logs the given message with the given level.</doc>
<msg timestamp="20240314 14:24:25.891" level="INFO">Iteration: 1</msg>
<status status="PASS" starttime="20240314 14:24:25.888" endtime="20240314 14:24:25.891"/>
</kw>
<kw name="Enter Patient Name In The Patient Name Textfield" library="PatientView">
<arg>${Record_Name}</arg>
<kw name="Input Text" library="SeleniumLibrary">
<arg>xpath=${Patient_Filter_Textfield}</arg>
<arg>${PATIENT_NAME}</arg>
<arg>clear=True</arg>
<doc>Types the given ``text`` into the text field identified by ``locator``.</doc>
<msg timestamp="20240314 14:24:25.893" level="INFO">Typing text 'A2_24-clip-sz' into text field 'xpath=//mdl-textfield[@label='Record Filter']/div/input'.</msg>
<status status="PASS" starttime="20240314 14:24:25.892" endtime="20240314 14:24:27.142"/>
</kw>
<status status="PASS" starttime="20240314 14:24:25.892" endtime="20240314 14:24:27.142"/>
</kw>
<kw name="Click On Record By Name" library="PatientView">
<arg>${Record_Name}</arg>
<kw name="Set Variable" library="BuiltIn">
<var>${Record_With_Name}</var>
<arg>//span[text()="${Patient_Name}"]</arg>
<doc>Returns the given values which can then be assigned to a variables.</doc>
<msg timestamp="20240314 14:24:27.144" level="INFO">${Record_With_Name} = //span[text()="A2_24-clip-sz"]</msg>
<status status="PASS" starttime="20240314 14:24:27.143" endtime="20240314 14:24:27.144"/>
</kw>
<kw name="Wait And Click Element" library="Base">
<arg>xpath=${Record_With_Name}</arg>
<kw name="Wait Until Element Is Visible" library="SeleniumLibrary">
<arg>${LOCATOR}</arg>
<arg>timeout=${Wait_Time}</arg>
<arg>error=${Timeout_Message}</arg>
<doc>Waits until the element ``locator`` is visible.</doc>
<status status="PASS" starttime="20240314 14:24:27.145" endtime="20240314 14:24:27.450"/>
</kw>
<kw name="Run Keyword And Return Status" library="BuiltIn">
<var>${element_enabled}</var>
<arg>Element Should Be Enabled</arg>
<arg>${LOCATOR}</arg>
<doc>Runs the given keyword with given arguments and returns the status as a Boolean value.</doc>
<kw name="Element Should Be Enabled" library="SeleniumLibrary">
<arg>${LOCATOR}</arg>
<doc>Verifies that element identified by ``locator`` is enabled.</doc>
<status status="PASS" starttime="20240314 14:24:27.452" endtime="20240314 14:24:27.513"/>
</kw>
<msg timestamp="20240314 14:24:27.514" level="INFO">${element_enabled} = True</msg>
<status status="PASS" starttime="20240314 14:24:27.450" endtime="20240314 14:24:27.514"/>
</kw>
<if>
<branch type="IF" condition="$element_enabled">
<kw name="Click Element" library="SeleniumLibrary">
<arg>${LOCATOR}</arg>
<doc>Click the element identified by ``locator``.</doc>
<msg timestamp="20240314 14:24:27.517" level="INFO">Clicking element 'xpath=//span[text()="A2_24-clip-sz"]'.</msg>
<status status="PASS" starttime="20240314 14:24:27.516" endtime="20240314 14:24:27.639"/>
</kw>
<status status="PASS" starttime="20240314 14:24:27.514" endtime="20240314 14:24:27.639"/>
</branch>
<branch type="ELSE">
<kw name="Log" library="BuiltIn">
<arg>Element is not enabled, ${LOCATOR}, ${Wait_Time}, ${Timeout_Message}</arg>
<doc>Logs the given message with the given level.</doc>
<status status="NOT RUN" starttime="20240314 14:24:27.640" endtime="20240314 14:24:27.640"/>
</kw>
<status status="NOT RUN" starttime="20240314 14:24:27.639" endtime="20240314 14:24:27.640"/>
</branch>
<status status="PASS" starttime="20240314 14:24:27.514" endtime="20240314 14:24:27.640"/>
</if>
<status status="PASS" starttime="20240314 14:24:27.144" endtime="20240314 14:24:27.640"/>
</kw>
<kw name="Sleep" library="BuiltIn">
<arg>3s</arg>
<doc>Pauses the test executed for the given time.</doc>
<msg timestamp="20240314 14:24:30.642" level="INFO">Slept 3 seconds</msg>
<status status="PASS" starttime="20240314 14:24:27.640" endtime="20240314 14:24:30.642"/>
</kw>
<status status="PASS" starttime="20240314 14:24:27.143" endtime="20240314 14:24:30.642"/>
</kw>
<kw name="Click on Patient Beginning of Record" library="PatientView">
<kw name="Wait Until Page Contains" library="SeleniumLibrary">
<arg>Beginning of Record</arg>
<doc>Waits until ``text`` appears on the current page.</doc>
<status status="PASS" starttime="20240314 14:24:30.643" endtime="20240314 14:24:30.661"/>
</kw>
<kw name="Wait Until Page Contains Element" library="SeleniumLibrary">
<arg>${Beginning_Of_Recording}</arg>
<doc>Waits until the element ``locator`` appears on the current page.</doc>
<status status="PASS" starttime="20240314 14:24:30.661" endtime="20240314 14:24:30.675"/>
</kw>
<kw name="Click Element" library="SeleniumLibrary">
<arg>${Beginning_Of_Recording}</arg>
<doc>Click the element identified by ``locator``.</doc>
<msg timestamp="20240314 14:24:30.676" level="INFO">Clicking element 'id=Beginning of Record'.</msg>
<status status="PASS" starttime="20240314 14:24:30.675" endtime="20240314 14:24:30.747"/>
</kw>
<status status="PASS" starttime="20240314 14:24:30.642" endtime="20240314 14:24:30.749"/>
</kw>
<kw name="Sleep" library="BuiltIn">
<arg>2s</arg>
<doc>Pauses the test executed for the given time.</doc>
<msg timestamp="20240314 14:24:32.750" level="INFO">Slept 2 seconds</msg>
<status status="PASS" starttime="20240314 14:24:30.749" endtime="20240314 14:24:32.750"/>
</kw>
<kw name="Click on Right Page Button" library="EEGPage">
<kw name="Wait And Click Element" library="Base">
<arg>//button[@title="Page Right"]</arg>
<kw name="Wait Until Element Is Visible" library="SeleniumLibrary">
<arg>${LOCATOR}</arg>
<arg>timeout=${Wait_Time}</arg>
<arg>error=${Timeout_Message}</arg>
<doc>Waits until the element ``locator`` is visible.</doc>
<status status="PASS" starttime="20240314 14:24:32.751" endtime="20240314 14:24:32.864"/>
</kw>
<kw name="Run Keyword And Return Status" library="BuiltIn">
<var>${element_enabled}</var>
<arg>Element Should Be Enabled</arg>
<arg>${LOCATOR}</arg>
<doc>Runs the given keyword with given arguments and returns the status as a Boolean value.</doc>
<kw name="Element Should Be Enabled" library="SeleniumLibrary">
<arg>${LOCATOR}</arg>
<doc>Verifies that element identified by ``locator`` is enabled.</doc>
<status status="PASS" starttime="20240314 14:24:32.864" endtime="20240314 14:24:33.078"/>
</kw>
<msg timestamp="20240314 14:24:33.078" level="INFO">${element_enabled} = True</msg>
<status status="PASS" starttime="20240314 14:24:32.864" endtime="20240314 14:24:33.078"/>
</kw>
<if>
<branch type="IF" condition="$element_enabled">
<kw name="Click Element" library="SeleniumLibrary">
<arg>${LOCATOR}</arg>
<doc>Click the element identified by ``locator``.</doc>
<msg timestamp="20240314 14:24:33.080" level="INFO">Clicking element '//button[@title="Page Right"]'.</msg>
<status status="PASS" starttime="20240314 14:24:33.079" endtime="20240314 14:24:33.210"/>
</kw>
<status status="PASS" starttime="20240314 14:24:33.079" endtime="20240314 14:24:33.210"/>
</branch>
<branch type="ELSE">
<kw name="Log" library="BuiltIn">
<arg>Element is not enabled, ${LOCATOR}, ${Wait_Time}, ${Timeout_Message}</arg>
<doc>Logs the given message with the given level.</doc>
<status status="NOT RUN" starttime="20240314 14:24:33.211" endtime="20240314 14:24:33.211"/>
</kw>
<status status="NOT RUN" starttime="20240314 14:24:33.210" endtime="20240314 14:24:33.211"/>
</branch>
<status status="PASS" starttime="20240314 14:24:33.078" endtime="20240314 14:24:33.211"/>
</if>
<status status="PASS" starttime="20240314 14:24:32.751" endtime="20240314 14:24:33.211"/>
</kw>
<kw name="Sleep" library="BuiltIn">
<arg>1s</arg>
<doc>Pauses the test executed for the given time.</doc>
<msg timestamp="20240314 14:24:34.212" level="INFO">Slept 1 second</msg>
<status status="PASS" starttime="20240314 14:24:33.211" endtime="20240314 14:24:34.212"/>
</kw>
<status status="PASS" starttime="20240314 14:24:32.750" endtime="20240314 14:24:34.213"/>
</kw>
<kw name="Click on Right Page Button" library="EEGPage">
<kw name="Wait And Click Element" library="Base">
<arg>//button[@title="Page Right"]</arg>
<kw name="Wait Until Element Is Visible" library="SeleniumLibrary">
<arg>${LOCATOR}</arg>
<arg>timeout=${Wait_Time}</arg>
<arg>error=${Timeout_Message}</arg>
<doc>Waits until the element ``locator`` is visible.</doc>
<status status="PASS" starttime="20240314 14:24:34.214" endtime="20240314 14:24:34.239"/>
</kw>
<kw name="Run Keyword And Return Status" library="BuiltIn">
<var>${element_enabled}</var>
<arg>Element Should Be Enabled</arg>
<arg>${LOCATOR}</arg>
<doc>Runs the given keyword with given arguments and returns the status as a Boolean value.</doc>
<kw name="Element Should Be Enabled" library="SeleniumLibrary">
<arg>${LOCATOR}</arg>
<doc>Verifies that element identified by ``locator`` is enabled.</doc>
<status status="PASS" starttime="20240314 14:24:34.240" endtime="20240314 14:24:34.276"/>
</kw>
<msg timestamp="20240314 14:24:34.277" level="INFO">${element_enabled} = True</msg>
<status status="PASS" starttime="20240314 14:24:34.239" endtime="20240314 14:24:34.277"/>
</kw>
<if>
<branch type="IF" condition="$element_enabled">
<kw name="Click Element" library="SeleniumLibrary">
<arg>${LOCATOR}</arg>
<doc>Click the element identified by ``locator``.</doc>
<msg timestamp="20240314 14:24:34.278" level="INFO">Clicking element '//button[@title="Page Right"]'.</msg>
<status status="PASS" starttime="20240314 14:24:34.277" endtime="20240314 14:24:34.381"/>
</kw>
<status status="PASS" starttime="20240314 14:24:34.277" endtime="20240314 14:24:34.381"/>
</branch>
<branch type="ELSE">
<kw name="Log" library="BuiltIn">
<arg>Element is not enabled, ${LOCATOR}, ${Wait_Time}, ${Timeout_Message}</arg>
<doc>Logs the given message with the given level.</doc>
<status status="NOT RUN" starttime="20240314 14:24:34.382" endtime="20240314 14:24:34.382"/>
</kw>
<status status="NOT RUN" starttime="20240314 14:24:34.382" endtime="20240314 14:24:34.382"/>
</branch>
<status status="PASS" starttime="20240314 14:24:34.277" endtime="20240314 14:24:34.382"/>
</if>
<status status="PASS" starttime="20240314 14:24:34.214" endtime="20240314 14:24:34.382"/>
</kw>
<kw name="Sleep" library="BuiltIn">
<arg>1s</arg>
<doc>Pauses the test executed for the given time.</doc>
<msg timestamp="20240314 14:24:35.383" level="INFO">Slept 1 second</msg>
<status status="PASS" starttime="20240314 14:24:34.383" endtime="20240314 14:24:35.383"/>
</kw>
<status status="PASS" starttime="20240314 14:24:34.213" endtime="20240314 14:24:35.383"/>
</kw>
<kw name="Click on Play EEG" library="EEGPage">
<kw name="Click Element" library="SeleniumLibrary">
<arg>${Play_Button}</arg>
<doc>Click the element identified by ``locator``.</doc>
<msg timestamp="20240314 14:24:35.385" level="INFO">Clicking element 'css=body button[title='Start Playing']'.</msg>
<status status="PASS" starttime="20240314 14:24:35.383" endtime="20240314 14:24:35.474"/>
</kw>
<kw name="Sleep" library="BuiltIn">
<arg>3s</arg>
<doc>Pauses the test executed for the given time.</doc>
<msg timestamp="20240314 14:24:38.475" level="INFO">Slept 3 seconds</msg>
<status status="PASS" starttime="20240314 14:24:35.474" endtime="20240314 14:24:38.475"/>
</kw>
<status status="PASS" starttime="20240314 14:24:35.383" endtime="20240314 14:24:38.475"/>
</kw>
<kw name="Sleep" library="BuiltIn">
<arg>15s</arg>
<doc>Pauses the test executed for the given time.</doc>
<msg timestamp="20240314 14:24:53.476" level="INFO">Slept 15 seconds</msg>
<status status="PASS" starttime="20240314 14:24:38.475" endtime="20240314 14:24:53.476"/>
</kw>
<kw name="Navigate to Trends Page From EEG Page" library="PMCApp">
<kw name="Click on &quot;Trends&quot; link" library="EEGPage">
<kw name="Click Element" library="SeleniumLibrary">
<arg>${Trends_Link}</arg>
<doc>Click the element identified by ``locator``.</doc>
<msg timestamp="20240314 14:24:53.479" level="INFO">Clicking element 'xpath=//span[text()='Trends']'.</msg>
<status status="PASS" starttime="20240314 14:24:53.479" endtime="20240314 14:24:53.558"/>
</kw>
<status status="PASS" starttime="20240314 14:24:53.478" endtime="20240314 14:24:53.558"/>
</kw>
<kw name="Verify Trends Page Loads Successfully" library="TrendsPage">
<kw name="Wait Until Page Contains Element" library="SeleniumLibrary">
<arg>css=${Trends_View}</arg>
<doc>Waits until the element ``locator`` appears on the current page.</doc>
<status status="PASS" starttime="20240314 14:24:53.558" endtime="20240314 14:24:55.687"/>
</kw>
<kw name="Wait Until Page Contains Element" library="SeleniumLibrary">
<arg>${Trends_Image}</arg>
<doc>Waits until the element ``locator`` appears on the current page.</doc>
<status status="PASS" starttime="20240314 14:24:55.687" endtime="20240314 14:24:55.697"/>
</kw>
<kw name="Wait Until Page Does Not Contain Element" library="SeleniumLibrary">
<arg>${Circle_Spinner}</arg>
<doc>Waits until the element ``locator`` disappears from the current page.</doc>
<status status="PASS" starttime="20240314 14:24:55.697" endtime="20240314 14:24:55.707"/>
</kw>
<kw name="Wait Until Page Does Not Contain Element" library="SeleniumLibrary">
<arg>${second_spinner}</arg>
<doc>Waits until the element ``locator`` disappears from the current page.</doc>
<status status="PASS" starttime="20240314 14:24:55.707" endtime="20240314 14:25:02.475"/>
</kw>
<kw name="Wait Until Element Is Visible" library="SeleniumLibrary">
<arg>${Trends_Canvas}</arg>
<doc>Waits until the element ``locator`` is visible.</doc>
<status status="PASS" starttime="20240314 14:25:02.476" endtime="20240314 14:25:02.498"/>
</kw>
<kw name="Sleep" library="BuiltIn">
<arg>1s</arg>
<doc>Pauses the test executed for the given time.</doc>
<msg timestamp="20240314 14:25:03.499" level="INFO">Slept 1 second</msg>
<status status="PASS" starttime="20240314 14:25:02.498" endtime="20240314 14:25:03.499"/>
</kw>
<status status="PASS" starttime="20240314 14:24:53.558" endtime="20240314 14:25:03.499"/>
</kw>
<status status="PASS" starttime="20240314 14:24:53.477" endtime="20240314 14:25:03.500"/>
</kw>
<kw name="Navigate to Patient View From Trends" library="PMCApp">
<kw name="Click on Record List On Trends Page" library="TrendsPage">
<kw name="Set Variable" library="BuiltIn">
<var>${Record_List_Button}</var>
<arg>xpath=//mdl-icon[text()='arrow_back_ios']/following-sibling::div</arg>
<doc>Returns the given values which can then be assigned to a variables.</doc>
<msg timestamp="20240314 14:25:03.505" level="INFO">${Record_List_Button} = xpath=//mdl-icon[text()='arrow_back_ios']/following-sibling::div</msg>
<status status="PASS" starttime="20240314 14:25:03.504" endtime="20240314 14:25:03.505"/>
</kw>
<kw name="Wait And Click Element" library="Base">
<arg>${Record_List_Button}</arg>
<kw name="Wait Until Element Is Visible" library="SeleniumLibrary">
<arg>${LOCATOR}</arg>
<arg>timeout=${Wait_Time}</arg>
<arg>error=${Timeout_Message}</arg>
<doc>Waits until the element ``locator`` is visible.</doc>
<status status="PASS" starttime="20240314 14:25:03.506" endtime="20240314 14:25:03.560"/>
</kw>
<kw name="Run Keyword And Return Status" library="BuiltIn">
<var>${element_enabled}</var>
<arg>Element Should Be Enabled</arg>
<arg>${LOCATOR}</arg>
<doc>Runs the given keyword with given arguments and returns the status as a Boolean value.</doc>
<kw name="Element Should Be Enabled" library="SeleniumLibrary">
<arg>${LOCATOR}</arg>
<doc>Verifies that element identified by ``locator`` is enabled.</doc>
<status status="PASS" starttime="20240314 14:25:03.560" endtime="20240314 14:25:03.601"/>
</kw>
<msg timestamp="20240314 14:25:03.601" level="INFO">${element_enabled} = True</msg>
<status status="PASS" starttime="20240314 14:25:03.560" endtime="20240314 14:25:03.601"/>
</kw>
<if>
<branch type="IF" condition="$element_enabled">
<kw name="Click Element" library="SeleniumLibrary">
<arg>${LOCATOR}</arg>
<doc>Click the element identified by ``locator``.</doc>
<msg timestamp="20240314 14:25:03.602" level="INFO">Clicking element 'xpath=//mdl-icon[text()='arrow_back_ios']/following-sibling::div'.</msg>
<status status="PASS" starttime="20240314 14:25:03.602" endtime="20240314 14:25:03.637"/>
</kw>
<status status="PASS" starttime="20240314 14:25:03.602" endtime="20240314 14:25:03.637"/>
</branch>
<branch type="ELSE">
<kw name="Log" library="BuiltIn">
<arg>Element is not enabled, ${LOCATOR}, ${Wait_Time}, ${Timeout_Message}</arg>
<doc>Logs the given message with the given level.</doc>
<status status="NOT RUN" starttime="20240314 14:25:03.637" endtime="20240314 14:25:03.637"/>
</kw>
<status status="NOT RUN" starttime="20240314 14:25:03.637" endtime="20240314 14:25:03.637"/>
</branch>
<status status="PASS" starttime="20240314 14:25:03.602" endtime="20240314 14:25:03.637"/>
</if>
<status status="PASS" starttime="20240314 14:25:03.505" endtime="20240314 14:25:03.637"/>
</kw>
<status status="PASS" starttime="20240314 14:25:03.502" endtime="20240314 14:25:03.637"/>
</kw>
<kw name="Verify Patient View Page Loaded" library="PatientView">
<kw name="Wait Until Page Contains" library="SeleniumLibrary">
<arg>Record List</arg>
<arg>40s</arg>
<doc>Waits until ``text`` appears on the current page.</doc>
<status status="PASS" starttime="20240314 14:25:03.639" endtime="20240314 14:25:03.649"/>
</kw>
<status status="PASS" starttime="20240314 14:25:03.639" endtime="20240314 14:25:03.649"/>
</kw>
<status status="PASS" starttime="20240314 14:25:03.500" endtime="20240314 14:25:03.649"/>
</kw>
<status status="PASS" starttime="20240314 14:24:25.888" endtime="20240314 14:25:03.649"/>
</iter>
<iter>
<var name="${index}">1</var>
<kw name="Log" library="BuiltIn">
<arg>Iteration: ${index + 1}</arg>
<doc>Logs the given message with the given level.</doc>
<msg timestamp="20240314 14:25:03.651" level="INFO">Iteration: 2</msg>
<status status="PASS" starttime="20240314 14:25:03.650" endtime="20240314 14:25:03.651"/>
</kw>
<kw name="Enter Patient Name In The Patient Name Textfield" library="PatientView">
<arg>${Record_Name}</arg>
<kw name="Input Text" library="SeleniumLibrary">
<arg>xpath=${Patient_Filter_Textfield}</arg>
<arg>${PATIENT_NAME}</arg>
<arg>clear=True</arg>
<doc>Types the given ``text`` into the text field identified by ``locator``.</doc>
<msg timestamp="20240314 14:25:03.652" level="INFO">Typing text 'A2_24-clip-sz' into text field 'xpath=//mdl-textfield[@label='Record Filter']/div/input'.</msg>
<status status="PASS" starttime="20240314 14:25:03.651" endtime="20240314 14:25:03.796"/>
</kw>
<status status="PASS" starttime="20240314 14:25:03.651" endtime="20240314 14:25:03.796"/>
</kw>
<kw name="Click On Record By Name" library="PatientView">
<arg>${Record_Name}</arg>
<kw name="Set Variable" library="BuiltIn">
<var>${Record_With_Name}</var>
<arg>//span[text()="${Patient_Name}"]</arg>
<doc>Returns the given values which can then be assigned to a variables.</doc>
<msg timestamp="20240314 14:25:03.797" level="INFO">${Record_With_Name} = //span[text()="A2_24-clip-sz"]</msg>
<status status="PASS" starttime="20240314 14:25:03.797" endtime="20240314 14:25:03.797"/>
</kw>
<kw name="Wait And Click Element" library="Base">
<arg>xpath=${Record_With_Name}</arg>
<kw name="Wait Until Element Is Visible" library="SeleniumLibrary">
<arg>${LOCATOR}</arg>
<arg>timeout=${Wait_Time}</arg>
<arg>error=${Timeout_Message}</arg>
<doc>Waits until the element ``locator`` is visible.</doc>
<status status="PASS" starttime="20240314 14:25:03.798" endtime="20240314 14:25:03.820"/>
</kw>
<kw name="Run Keyword And Return Status" library="BuiltIn">
<var>${element_enabled}</var>
<arg>Element Should Be Enabled</arg>
<arg>${LOCATOR}</arg>
<doc>Runs the given keyword with given arguments and returns the status as a Boolean value.</doc>
<kw name="Element Should Be Enabled" library="SeleniumLibrary">
<arg>${LOCATOR}</arg>
<doc>Verifies that element identified by ``locator`` is enabled.</doc>
<status status="PASS" starttime="20240314 14:25:03.821" endtime="20240314 14:25:03.842"/>
</kw>
<msg timestamp="20240314 14:25:03.844" level="INFO">${element_enabled} = True</msg>
<status status="PASS" starttime="20240314 14:25:03.821" endtime="20240314 14:25:03.844"/>
</kw>
<if>
<branch type="IF" condition="$element_enabled">
<kw name="Click Element" library="SeleniumLibrary">
<arg>${LOCATOR}</arg>
<doc>Click the element identified by ``locator``.</doc>
<msg timestamp="20240314 14:25:03.846" level="INFO">Clicking element 'xpath=//span[text()="A2_24-clip-sz"]'.</msg>
<status status="PASS" starttime="20240314 14:25:03.845" endtime="20240314 14:25:03.888"/>
</kw>
<status status="PASS" starttime="20240314 14:25:03.844" endtime="20240314 14:25:03.888"/>
</branch>
<branch type="ELSE">
<kw name="Log" library="BuiltIn">
<arg>Element is not enabled, ${LOCATOR}, ${Wait_Time}, ${Timeout_Message}</arg>
<doc>Logs the given message with the given level.</doc>
<status status="NOT RUN" starttime="20240314 14:25:03.888" endtime="20240314 14:25:03.889"/>
</kw>
<status status="NOT RUN" starttime="20240314 14:25:03.888" endtime="20240314 14:25:03.889"/>
</branch>
<status status="PASS" starttime="20240314 14:25:03.844" endtime="20240314 14:25:03.889"/>
</if>
<status status="PASS" starttime="20240314 14:25:03.798" endtime="20240314 14:25:03.889"/>
</kw>
<kw name="Sleep" library="BuiltIn">
<arg>3s</arg>
<doc>Pauses the test executed for the given time.</doc>
<msg timestamp="20240314 14:25:06.890" level="INFO">Slept 3 seconds</msg>
<status status="PASS" starttime="20240314 14:25:03.889" endtime="20240314 14:25:06.890"/>
</kw>
<status status="PASS" starttime="20240314 14:25:03.796" endtime="20240314 14:25:06.890"/>
</kw>
<kw name="Click on Patient Beginning of Record" library="PatientView">
<kw name="Wait Until Page Contains" library="SeleniumLibrary">
<arg>Beginning of Record</arg>
<doc>Waits until ``text`` appears on the current page.</doc>
<status status="PASS" starttime="20240314 14:25:06.890" endtime="20240314 14:25:06.911"/>
</kw>
<kw name="Wait Until Page Contains Element" library="SeleniumLibrary">
<arg>${Beginning_Of_Recording}</arg>
<doc>Waits until the element ``locator`` appears on the current page.</doc>
<status status="PASS" starttime="20240314 14:25:06.911" endtime="20240314 14:25:06.923"/>
</kw>
<kw name="Click Element" library="SeleniumLibrary">
<arg>${Beginning_Of_Recording}</arg>
<doc>Click the element identified by ``locator``.</doc>
<msg timestamp="20240314 14:25:06.923" level="INFO">Clicking element 'id=Beginning of Record'.</msg>
<status status="PASS" starttime="20240314 14:25:06.923" endtime="20240314 14:25:06.968"/>
</kw>
<status status="PASS" starttime="20240314 14:25:06.890" endtime="20240314 14:25:06.969"/>
</kw>
<kw name="Sleep" library="BuiltIn">
<arg>2s</arg>
<doc>Pauses the test executed for the given time.</doc>
<msg timestamp="20240314 14:25:08.971" level="INFO">Slept 2 seconds</msg>
<status status="PASS" starttime="20240314 14:25:06.969" endtime="20240314 14:25:08.971"/>
</kw>
<kw name="Click on Right Page Button" library="EEGPage">
<kw name="Wait And Click Element" library="Base">
<arg>//button[@title="Page Right"]</arg>
<kw name="Wait Until Element Is Visible" library="SeleniumLibrary">
<arg>${LOCATOR}</arg>
<arg>timeout=${Wait_Time}</arg>
<arg>error=${Timeout_Message}</arg>
<doc>Waits until the element ``locator`` is visible.</doc>
<status status="PASS" starttime="20240314 14:25:08.971" endtime="20240314 14:25:09.039"/>
</kw>
<kw name="Run Keyword And Return Status" library="BuiltIn">
<var>${element_enabled}</var>
<arg>Element Should Be Enabled</arg>
<arg>${LOCATOR}</arg>
<doc>Runs the given keyword with given arguments and returns the status as a Boolean value.</doc>
<kw name="Element Should Be Enabled" library="SeleniumLibrary">
<arg>${LOCATOR}</arg>
<doc>Verifies that element identified by ``locator`` is enabled.</doc>
<status status="PASS" starttime="20240314 14:25:09.040" endtime="20240314 14:25:09.071"/>
</kw>
<msg timestamp="20240314 14:25:09.071" level="INFO">${element_enabled} = True</msg>
<status status="PASS" starttime="20240314 14:25:09.040" endtime="20240314 14:25:09.071"/>
</kw>
<if>
<branch type="IF" condition="$element_enabled">
<kw name="Click Element" library="SeleniumLibrary">
<arg>${LOCATOR}</arg>
<doc>Click the element identified by ``locator``.</doc>
<msg timestamp="20240314 14:25:09.072" level="INFO">Clicking element '//button[@title="Page Right"]'.</msg>
<status status="PASS" starttime="20240314 14:25:09.072" endtime="20240314 14:25:09.134"/>
</kw>
<status status="PASS" starttime="20240314 14:25:09.071" endtime="20240314 14:25:09.134"/>
</branch>
<branch type="ELSE">
<kw name="Log" library="BuiltIn">
<arg>Element is not enabled, ${LOCATOR}, ${Wait_Time}, ${Timeout_Message}</arg>
<doc>Logs the given message with the given level.</doc>
<status status="NOT RUN" starttime="20240314 14:25:09.135" endtime="20240314 14:25:09.135"/>
</kw>
<status status="NOT RUN" starttime="20240314 14:25:09.134" endtime="20240314 14:25:09.135"/>
</branch>
<status status="PASS" starttime="20240314 14:25:09.071" endtime="20240314 14:25:09.135"/>
</if>
<status status="PASS" starttime="20240314 14:25:08.971" endtime="20240314 14:25:09.135"/>
</kw>
<kw name="Sleep" library="BuiltIn">
<arg>1s</arg>
<doc>Pauses the test executed for the given time.</doc>
<msg timestamp="20240314 14:25:10.136" level="INFO">Slept 1 second</msg>
<status status="PASS" starttime="20240314 14:25:09.135" endtime="20240314 14:25:10.136"/>
</kw>
<status status="PASS" starttime="20240314 14:25:08.971" endtime="20240314 14:25:10.136"/>
</kw>
<kw name="Click on Right Page Button" library="EEGPage">
<kw name="Wait And Click Element" library="Base">
<arg>//button[@title="Page Right"]</arg>
<kw name="Wait Until Element Is Visible" library="SeleniumLibrary">
<arg>${LOCATOR}</arg>
<arg>timeout=${Wait_Time}</arg>
<arg>error=${Timeout_Message}</arg>
<doc>Waits until the element ``locator`` is visible.</doc>
<status status="PASS" starttime="20240314 14:25:10.137" endtime="20240314 14:25:10.169"/>
</kw>
<kw name="Run Keyword And Return Status" library="BuiltIn">
<var>${element_enabled}</var>
<arg>Element Should Be Enabled</arg>
<arg>${LOCATOR}</arg>
<doc>Runs the given keyword with given arguments and returns the status as a Boolean value.</doc>
<kw name="Element Should Be Enabled" library="SeleniumLibrary">
<arg>${LOCATOR}</arg>
<doc>Verifies that element identified by ``locator`` is enabled.</doc>
<status status="PASS" starttime="20240314 14:25:10.170" endtime="20240314 14:25:10.210"/>
</kw>
<msg timestamp="20240314 14:25:10.210" level="INFO">${element_enabled} = True</msg>
<status status="PASS" starttime="20240314 14:25:10.170" endtime="20240314 14:25:10.210"/>
</kw>
<if>
<branch type="IF" condition="$element_enabled">
<kw name="Click Element" library="SeleniumLibrary">
<arg>${LOCATOR}</arg>
<doc>Click the element identified by ``locator``.</doc>
<msg timestamp="20240314 14:25:10.211" level="INFO">Clicking element '//button[@title="Page Right"]'.</msg>
<status status="PASS" starttime="20240314 14:25:10.210" endtime="20240314 14:25:10.275"/>
</kw>
<status status="PASS" starttime="20240314 14:25:10.210" endtime="20240314 14:25:10.276"/>
</branch>
<branch type="ELSE">
<kw name="Log" library="BuiltIn">
<arg>Element is not enabled, ${LOCATOR}, ${Wait_Time}, ${Timeout_Message}</arg>
<doc>Logs the given message with the given level.</doc>
<status status="NOT RUN" starttime="20240314 14:25:10.276" endtime="20240314 14:25:10.276"/>
</kw>
<status status="NOT RUN" starttime="20240314 14:25:10.276" endtime="20240314 14:25:10.276"/>
</branch>
<status status="PASS" starttime="20240314 14:25:10.210" endtime="20240314 14:25:10.277"/>
</if>
<status status="PASS" starttime="20240314 14:25:10.137" endtime="20240314 14:25:10.277"/>
</kw>
<kw name="Sleep" library="BuiltIn">
<arg>1s</arg>
<doc>Pauses the test executed for the given time.</doc>
<msg timestamp="20240314 14:25:11.278" level="INFO">Slept 1 second</msg>
<status status="PASS" starttime="20240314 14:25:10.277" endtime="20240314 14:25:11.278"/>
</kw>
<status status="PASS" starttime="20240314 14:25:10.136" endtime="20240314 14:25:11.278"/>
</kw>
<kw name="Click on Play EEG" library="EEGPage">
<kw name="Click Element" library="SeleniumLibrary">
<arg>${Play_Button}</arg>
<doc>Click the element identified by ``locator``.</doc>
<msg timestamp="20240314 14:25:11.279" level="INFO">Clicking element 'css=body button[title='Start Playing']'.</msg>
<status status="PASS" starttime="20240314 14:25:11.279" endtime="20240314 14:25:11.348"/>
</kw>
<kw name="Sleep" library="BuiltIn">
<arg>3s</arg>
<doc>Pauses the test executed for the given time.</doc>
<msg timestamp="20240314 14:25:14.349" level="INFO">Slept 3 seconds</msg>
<status status="PASS" starttime="20240314 14:25:11.349" endtime="20240314 14:25:14.349"/>
</kw>
<status status="PASS" starttime="20240314 14:25:11.278" endtime="20240314 14:25:14.349"/>
</kw>
<kw name="Sleep" library="BuiltIn">
<arg>15s</arg>
<doc>Pauses the test executed for the given time.</doc>
<msg timestamp="20240314 14:25:29.350" level="INFO">Slept 15 seconds</msg>
<status status="PASS" starttime="20240314 14:25:14.349" endtime="20240314 14:25:29.350"/>
</kw>
<kw name="Navigate to Trends Page From EEG Page" library="PMCApp">
<kw name="Click on &quot;Trends&quot; link" library="EEGPage">
<kw name="Click Element" library="SeleniumLibrary">
<arg>${Trends_Link}</arg>
<doc>Click the element identified by ``locator``.</doc>
<msg timestamp="20240314 14:25:29.351" level="INFO">Clicking element 'xpath=//span[text()='Trends']'.</msg>
<status status="PASS" starttime="20240314 14:25:29.350" endtime="20240314 14:25:29.408"/>
</kw>
<status status="PASS" starttime="20240314 14:25:29.350" endtime="20240314 14:25:29.408"/>
</kw>
<kw name="Verify Trends Page Loads Successfully" library="TrendsPage">
<kw name="Wait Until Page Contains Element" library="SeleniumLibrary">
<arg>css=${Trends_View}</arg>
<doc>Waits until the element ``locator`` appears on the current page.</doc>
<status status="PASS" starttime="20240314 14:25:29.408" endtime="20240314 14:25:32.605"/>
</kw>
<kw name="Wait Until Page Contains Element" library="SeleniumLibrary">
<arg>${Trends_Image}</arg>
<doc>Waits until the element ``locator`` appears on the current page.</doc>
<status status="PASS" starttime="20240314 14:25:32.605" endtime="20240314 14:25:32.620"/>
</kw>
<kw name="Wait Until Page Does Not Contain Element" library="SeleniumLibrary">
<arg>${Circle_Spinner}</arg>
<doc>Waits until the element ``locator`` disappears from the current page.</doc>
<status status="PASS" starttime="20240314 14:25:32.620" endtime="20240314 14:25:32.636"/>
</kw>
<kw name="Wait Until Page Does Not Contain Element" library="SeleniumLibrary">
<arg>${second_spinner}</arg>
<doc>Waits until the element ``locator`` disappears from the current page.</doc>
<status status="PASS" starttime="20240314 14:25:32.636" endtime="20240314 14:25:33.703"/>
</kw>
<kw name="Wait Until Element Is Visible" library="SeleniumLibrary">
<arg>${Trends_Canvas}</arg>
<doc>Waits until the element ``locator`` is visible.</doc>
<status status="PASS" starttime="20240314 14:25:33.703" endtime="20240314 14:25:33.730"/>
</kw>
<kw name="Sleep" library="BuiltIn">
<arg>1s</arg>
<doc>Pauses the test executed for the given time.</doc>
<msg timestamp="20240314 14:25:34.732" level="INFO">Slept 1 second</msg>
<status status="PASS" starttime="20240314 14:25:33.731" endtime="20240314 14:25:34.732"/>
</kw>
<status status="PASS" starttime="20240314 14:25:29.408" endtime="20240314 14:25:34.732"/>
</kw>
<status status="PASS" starttime="20240314 14:25:29.350" endtime="20240314 14:25:34.732"/>
</kw>
<kw name="Navigate to Patient View From Trends" library="PMCApp">
<kw name="Click on Record List On Trends Page" library="TrendsPage">
<kw name="Set Variable" library="BuiltIn">
<var>${Record_List_Button}</var>
<arg>xpath=//mdl-icon[text()='arrow_back_ios']/following-sibling::div</arg>
<doc>Returns the given values which can then be assigned to a variables.</doc>
<msg timestamp="20240314 14:25:34.735" level="INFO">${Record_List_Button} = xpath=//mdl-icon[text()='arrow_back_ios']/following-sibling::div</msg>
<status status="PASS" starttime="20240314 14:25:34.734" endtime="20240314 14:25:34.735"/>
</kw>
<kw name="Wait And Click Element" library="Base">
<arg>${Record_List_Button}</arg>
<kw name="Wait Until Element Is Visible" library="SeleniumLibrary">
<arg>${LOCATOR}</arg>
<arg>timeout=${Wait_Time}</arg>
<arg>error=${Timeout_Message}</arg>
<doc>Waits until the element ``locator`` is visible.</doc>
<status status="PASS" starttime="20240314 14:25:34.736" endtime="20240314 14:25:34.773"/>
</kw>
<kw name="Run Keyword And Return Status" library="BuiltIn">
<var>${element_enabled}</var>
<arg>Element Should Be Enabled</arg>
<arg>${LOCATOR}</arg>
<doc>Runs the given keyword with given arguments and returns the status as a Boolean value.</doc>
<kw name="Element Should Be Enabled" library="SeleniumLibrary">
<arg>${LOCATOR}</arg>
<doc>Verifies that element identified by ``locator`` is enabled.</doc>
<status status="PASS" starttime="20240314 14:25:34.773" endtime="20240314 14:25:34.817"/>
</kw>
<msg timestamp="20240314 14:25:34.817" level="INFO">${element_enabled} = True</msg>
<status status="PASS" starttime="20240314 14:25:34.773" endtime="20240314 14:25:34.817"/>
</kw>
<if>
<branch type="IF" condition="$element_enabled">
<kw name="Click Element" library="SeleniumLibrary">
<arg>${LOCATOR}</arg>
<doc>Click the element identified by ``locator``.</doc>
<msg timestamp="20240314 14:25:34.817" level="INFO">Clicking element 'xpath=//mdl-icon[text()='arrow_back_ios']/following-sibling::div'.</msg>
<status status="PASS" starttime="20240314 14:25:34.817" endtime="20240314 14:25:34.893"/>
</kw>
<status status="PASS" starttime="20240314 14:25:34.817" endtime="20240314 14:25:34.893"/>
</branch>
<branch type="ELSE">
<kw name="Log" library="BuiltIn">
<arg>Element is not enabled, ${LOCATOR}, ${Wait_Time}, ${Timeout_Message}</arg>
<doc>Logs the given message with the given level.</doc>
<status status="NOT RUN" starttime="20240314 14:25:34.894" endtime="20240314 14:25:34.894"/>
</kw>
<status status="NOT RUN" starttime="20240314 14:25:34.893" endtime="20240314 14:25:34.894"/>
</branch>
<status status="PASS" starttime="20240314 14:25:34.817" endtime="20240314 14:25:34.894"/>
</if>
<status status="PASS" starttime="20240314 14:25:34.735" endtime="20240314 14:25:34.894"/>
</kw>
<status status="PASS" starttime="20240314 14:25:34.733" endtime="20240314 14:25:34.894"/>
</kw>
<kw name="Verify Patient View Page Loaded" library="PatientView">
<kw name="Wait Until Page Contains" library="SeleniumLibrary">
<arg>Record List</arg>
<arg>40s</arg>
<doc>Waits until ``text`` appears on the current page.</doc>
<status status="PASS" starttime="20240314 14:25:34.895" endtime="20240314 14:25:34.917"/>
</kw>
<status status="PASS" starttime="20240314 14:25:34.894" endtime="20240314 14:25:34.917"/>
</kw>
<status status="PASS" starttime="20240314 14:25:34.732" endtime="20240314 14:25:34.917"/>
</kw>
<status status="PASS" starttime="20240314 14:25:03.649" endtime="20240314 14:25:34.917"/>
</iter>
<iter>
<var name="${index}">2</var>
<kw name="Log" library="BuiltIn">
<arg>Iteration: ${index + 1}</arg>
<doc>Logs the given message with the given level.</doc>
<msg timestamp="20240314 14:25:34.920" level="INFO">Iteration: 3</msg>
<status status="PASS" starttime="20240314 14:25:34.917" endtime="20240314 14:25:34.920"/>
</kw>
<kw name="Enter Patient Name In The Patient Name Textfield" library="PatientView">
<arg>${Record_Name}</arg>
<kw name="Input Text" library="SeleniumLibrary">
<arg>xpath=${Patient_Filter_Textfield}</arg>
<arg>${PATIENT_NAME}</arg>
<arg>clear=True</arg>
<doc>Types the given ``text`` into the text field identified by ``locator``.</doc>
<msg timestamp="20240314 14:25:34.923" level="INFO">Typing text 'A2_24-clip-sz' into text field 'xpath=//mdl-textfield[@label='Record Filter']/div/input'.</msg>
<status status="PASS" starttime="20240314 14:25:34.922" endtime="20240314 14:25:35.198"/>
</kw>
<status status="PASS" starttime="20240314 14:25:34.920" endtime="20240314 14:25:35.198"/>
</kw>
<kw name="Click On Record By Name" library="PatientView">
<arg>${Record_Name}</arg>
<kw name="Set Variable" library="BuiltIn">
<var>${Record_With_Name}</var>
<arg>//span[text()="${Patient_Name}"]</arg>
<doc>Returns the given values which can then be assigned to a variables.</doc>
<msg timestamp="20240314 14:25:35.198" level="INFO">${Record_With_Name} = //span[text()="A2_24-clip-sz"]</msg>
<status status="PASS" starttime="20240314 14:25:35.198" endtime="20240314 14:25:35.198"/>
</kw>
<kw name="Wait And Click Element" library="Base">
<arg>xpath=${Record_With_Name}</arg>
<kw name="Wait Until Element Is Visible" library="SeleniumLibrary">
<arg>${LOCATOR}</arg>
<arg>timeout=${Wait_Time}</arg>
<arg>error=${Timeout_Message}</arg>
<doc>Waits until the element ``locator`` is visible.</doc>
<status status="PASS" starttime="20240314 14:25:35.200" endtime="20240314 14:25:35.240"/>
</kw>
<kw name="Run Keyword And Return Status" library="BuiltIn">
<var>${element_enabled}</var>
<arg>Element Should Be Enabled</arg>
<arg>${LOCATOR}</arg>
<doc>Runs the given keyword with given arguments and returns the status as a Boolean value.</doc>
<kw name="Element Should Be Enabled" library="SeleniumLibrary">
<arg>${LOCATOR}</arg>
<doc>Verifies that element identified by ``locator`` is enabled.</doc>
<status status="PASS" starttime="20240314 14:25:35.241" endtime="20240314 14:25:35.280"/>
</kw>
<msg timestamp="20240314 14:25:35.280" level="INFO">${element_enabled} = True</msg>
<status status="PASS" starttime="20240314 14:25:35.240" endtime="20240314 14:25:35.280"/>
</kw>
<if>
<branch type="IF" condition="$element_enabled">
<kw name="Click Element" library="SeleniumLibrary">
<arg>${LOCATOR}</arg>
<doc>Click the element identified by ``locator``.</doc>
<msg timestamp="20240314 14:25:35.281" level="INFO">Clicking element 'xpath=//span[text()="A2_24-clip-sz"]'.</msg>
<status status="PASS" starttime="20240314 14:25:35.281" endtime="20240314 14:25:35.356"/>
</kw>
<status status="PASS" starttime="20240314 14:25:35.280" endtime="20240314 14:25:35.356"/>
</branch>
<branch type="ELSE">
<kw name="Log" library="BuiltIn">
<arg>Element is not enabled, ${LOCATOR}, ${Wait_Time}, ${Timeout_Message}</arg>
<doc>Logs the given message with the given level.</doc>
<status status="NOT RUN" starttime="20240314 14:25:35.356" endtime="20240314 14:25:35.356"/>
</kw>
<status status="NOT RUN" starttime="20240314 14:25:35.356" endtime="20240314 14:25:35.356"/>
</branch>
<status status="PASS" starttime="20240314 14:25:35.280" endtime="20240314 14:25:35.356"/>
</if>
<status status="PASS" starttime="20240314 14:25:35.198" endtime="20240314 14:25:35.356"/>
</kw>
<kw name="Sleep" library="BuiltIn">
<arg>3s</arg>
<doc>Pauses the test executed for the given time.</doc>
<msg timestamp="20240314 14:25:38.358" level="INFO">Slept 3 seconds</msg>
<status status="PASS" starttime="20240314 14:25:35.356" endtime="20240314 14:25:38.358"/>
</kw>
<status status="PASS" starttime="20240314 14:25:35.198" endtime="20240314 14:25:38.358"/>
</kw>
<kw name="Click on Patient Beginning of Record" library="PatientView">
<kw name="Wait Until Page Contains" library="SeleniumLibrary">
<arg>Beginning of Record</arg>
<doc>Waits until ``text`` appears on the current page.</doc>
<status status="PASS" starttime="20240314 14:25:38.358" endtime="20240314 14:25:38.371"/>
</kw>
<kw name="Wait Until Page Contains Element" library="SeleniumLibrary">
<arg>${Beginning_Of_Recording}</arg>
<doc>Waits until the element ``locator`` appears on the current page.</doc>
<status status="PASS" starttime="20240314 14:25:38.371" endtime="20240314 14:25:38.381"/>
</kw>
<kw name="Click Element" library="SeleniumLibrary">
<arg>${Beginning_Of_Recording}</arg>
<doc>Click the element identified by ``locator``.</doc>
<msg timestamp="20240314 14:25:38.382" level="INFO">Clicking element 'id=Beginning of Record'.</msg>
<status status="PASS" starttime="20240314 14:25:38.382" endtime="20240314 14:25:38.442"/>
</kw>
<status status="PASS" starttime="20240314 14:25:38.358" endtime="20240314 14:25:38.442"/>
</kw>
<kw name="Sleep" library="BuiltIn">
<arg>2s</arg>
<doc>Pauses the test executed for the given time.</doc>
<msg timestamp="20240314 14:25:40.443" level="INFO">Slept 2 seconds</msg>
<status status="PASS" starttime="20240314 14:25:38.442" endtime="20240314 14:25:40.443"/>
</kw>
<kw name="Click on Right Page Button" library="EEGPage">
<kw name="Wait And Click Element" library="Base">
<arg>//button[@title="Page Right"]</arg>
<kw name="Wait Until Element Is Visible" library="SeleniumLibrary">
<arg>${LOCATOR}</arg>
<arg>timeout=${Wait_Time}</arg>
<arg>error=${Timeout_Message}</arg>
<doc>Waits until the element ``locator`` is visible.</doc>
<status status="PASS" starttime="20240314 14:25:40.444" endtime="20240314 14:25:40.474"/>
</kw>
<kw name="Run Keyword And Return Status" library="BuiltIn">
<var>${element_enabled}</var>
<arg>Element Should Be Enabled</arg>
<arg>${LOCATOR}</arg>
<doc>Runs the given keyword with given arguments and returns the status as a Boolean value.</doc>
<kw name="Element Should Be Enabled" library="SeleniumLibrary">
<arg>${LOCATOR}</arg>
<doc>Verifies that element identified by ``locator`` is enabled.</doc>
<status status="PASS" starttime="20240314 14:25:40.475" endtime="20240314 14:25:40.501"/>
</kw>
<msg timestamp="20240314 14:25:40.501" level="INFO">${element_enabled} = True</msg>
<status status="PASS" starttime="20240314 14:25:40.474" endtime="20240314 14:25:40.501"/>
</kw>
<if>
<branch type="IF" condition="$element_enabled">
<kw name="Click Element" library="SeleniumLibrary">
<arg>${LOCATOR}</arg>
<doc>Click the element identified by ``locator``.</doc>
<msg timestamp="20240314 14:25:40.502" level="INFO">Clicking element '//button[@title="Page Right"]'.</msg>
<status status="PASS" starttime="20240314 14:25:40.502" endtime="20240314 14:25:40.573"/>
</kw>
<status status="PASS" starttime="20240314 14:25:40.502" endtime="20240314 14:25:40.574"/>
</branch>
<branch type="ELSE">
<kw name="Log" library="BuiltIn">
<arg>Element is not enabled, ${LOCATOR}, ${Wait_Time}, ${Timeout_Message}</arg>
<doc>Logs the given message with the given level.</doc>
<status status="NOT RUN" starttime="20240314 14:25:40.574" endtime="20240314 14:25:40.574"/>
</kw>
<status status="NOT RUN" starttime="20240314 14:25:40.574" endtime="20240314 14:25:40.575"/>
</branch>
<status status="PASS" starttime="20240314 14:25:40.502" endtime="20240314 14:25:40.575"/>
</if>
<status status="PASS" starttime="20240314 14:25:40.444" endtime="20240314 14:25:40.575"/>
</kw>
<kw name="Sleep" library="BuiltIn">
<arg>1s</arg>
<doc>Pauses the test executed for the given time.</doc>
<msg timestamp="20240314 14:25:41.576" level="INFO">Slept 1 second</msg>
<status status="PASS" starttime="20240314 14:25:40.575" endtime="20240314 14:25:41.576"/>
</kw>
<status status="PASS" starttime="20240314 14:25:40.443" endtime="20240314 14:25:41.577"/>
</kw>
<kw name="Click on Right Page Button" library="EEGPage">
<kw name="Wait And Click Element" library="Base">
<arg>//button[@title="Page Right"]</arg>
<kw name="Wait Until Element Is Visible" library="SeleniumLibrary">
<arg>${LOCATOR}</arg>
<arg>timeout=${Wait_Time}</arg>
<arg>error=${Timeout_Message}</arg>
<doc>Waits until the element ``locator`` is visible.</doc>
<status status="PASS" starttime="20240314 14:25:41.578" endtime="20240314 14:25:41.610"/>
</kw>
<kw name="Run Keyword And Return Status" library="BuiltIn">
<var>${element_enabled}</var>
<arg>Element Should Be Enabled</arg>
<arg>${LOCATOR}</arg>
<doc>Runs the given keyword with given arguments and returns the status as a Boolean value.</doc>
<kw name="Element Should Be Enabled" library="SeleniumLibrary">
<arg>${LOCATOR}</arg>
<doc>Verifies that element identified by ``locator`` is enabled.</doc>
<status status="PASS" starttime="20240314 14:25:41.610" endtime="20240314 14:25:41.650"/>
</kw>
<msg timestamp="20240314 14:25:41.650" level="INFO">${element_enabled} = True</msg>
<status status="PASS" starttime="20240314 14:25:41.610" endtime="20240314 14:25:41.650"/>
</kw>
<if>
<branch type="IF" condition="$element_enabled">
<kw name="Click Element" library="SeleniumLibrary">
<arg>${LOCATOR}</arg>
<doc>Click the element identified by ``locator``.</doc>
<msg timestamp="20240314 14:25:41.651" level="INFO">Clicking element '//button[@title="Page Right"]'.</msg>
<status status="PASS" starttime="20240314 14:25:41.651" endtime="20240314 14:25:41.717"/>
</kw>
<status status="PASS" starttime="20240314 14:25:41.651" endtime="20240314 14:25:41.717"/>
</branch>
<branch type="ELSE">
<kw name="Log" library="BuiltIn">
<arg>Element is not enabled, ${LOCATOR}, ${Wait_Time}, ${Timeout_Message}</arg>
<doc>Logs the given message with the given level.</doc>
<status status="NOT RUN" starttime="20240314 14:25:41.717" endtime="20240314 14:25:41.717"/>
</kw>
<status status="NOT RUN" starttime="20240314 14:25:41.717" endtime="20240314 14:25:41.717"/>
</branch>
<status status="PASS" starttime="20240314 14:25:41.651" endtime="20240314 14:25:41.717"/>
</if>
<status status="PASS" starttime="20240314 14:25:41.578" endtime="20240314 14:25:41.717"/>
</kw>
<kw name="Sleep" library="BuiltIn">
<arg>1s</arg>
<doc>Pauses the test executed for the given time.</doc>
<msg timestamp="20240314 14:25:42.718" level="INFO">Slept 1 second</msg>
<status status="PASS" starttime="20240314 14:25:41.717" endtime="20240314 14:25:42.718"/>
</kw>
<status status="PASS" starttime="20240314 14:25:41.577" endtime="20240314 14:25:42.718"/>
</kw>
<kw name="Click on Play EEG" library="EEGPage">
<kw name="Click Element" library="SeleniumLibrary">
<arg>${Play_Button}</arg>
<doc>Click the element identified by ``locator``.</doc>
<msg timestamp="20240314 14:25:42.718" level="INFO">Clicking element 'css=body button[title='Start Playing']'.</msg>
<status status="PASS" starttime="20240314 14:25:42.718" endtime="20240314 14:25:42.770"/>
</kw>
<kw name="Sleep" library="BuiltIn">
<arg>3s</arg>
<doc>Pauses the test executed for the given time.</doc>
<msg timestamp="20240314 14:25:45.772" level="INFO">Slept 3 seconds</msg>
<status status="PASS" starttime="20240314 14:25:42.772" endtime="20240314 14:25:45.772"/>
</kw>
<status status="PASS" starttime="20240314 14:25:42.718" endtime="20240314 14:25:45.772"/>
</kw>
<kw name="Sleep" library="BuiltIn">
<arg>15s</arg>
<doc>Pauses the test executed for the given time.</doc>
<msg timestamp="20240314 14:26:00.773" level="INFO">Slept 15 seconds</msg>
<status status="PASS" starttime="20240314 14:25:45.772" endtime="20240314 14:26:00.773"/>
</kw>
<kw name="Navigate to Trends Page From EEG Page" library="PMCApp">
<kw name="Click on &quot;Trends&quot; link" library="EEGPage">
<kw name="Click Element" library="SeleniumLibrary">
<arg>${Trends_Link}</arg>
<doc>Click the element identified by ``locator``.</doc>
<msg timestamp="20240314 14:26:00.773" level="INFO">Clicking element 'xpath=//span[text()='Trends']'.</msg>
<status status="PASS" starttime="20240314 14:26:00.773" endtime="20240314 14:26:00.836"/>
</kw>
<status status="PASS" starttime="20240314 14:26:00.773" endtime="20240314 14:26:00.836"/>
</kw>
<kw name="Verify Trends Page Loads Successfully" library="TrendsPage">
<kw name="Wait Until Page Contains Element" library="SeleniumLibrary">
<arg>css=${Trends_View}</arg>
<doc>Waits until the element ``locator`` appears on the current page.</doc>
<status status="PASS" starttime="20240314 14:26:00.837" endtime="20240314 14:26:03.145"/>
</kw>
<kw name="Wait Until Page Contains Element" library="SeleniumLibrary">
<arg>${Trends_Image}</arg>
<doc>Waits until the element ``locator`` appears on the current page.</doc>
<status status="PASS" starttime="20240314 14:26:03.145" endtime="20240314 14:26:03.156"/>
</kw>
<kw name="Wait Until Page Does Not Contain Element" library="SeleniumLibrary">
<arg>${Circle_Spinner}</arg>
<doc>Waits until the element ``locator`` disappears from the current page.</doc>
<status status="PASS" starttime="20240314 14:26:03.156" endtime="20240314 14:26:03.164"/>
</kw>
<kw name="Wait Until Page Does Not Contain Element" library="SeleniumLibrary">
<arg>${second_spinner}</arg>
<doc>Waits until the element ``locator`` disappears from the current page.</doc>
<status status="PASS" starttime="20240314 14:26:03.164" endtime="20240314 14:26:03.178"/>
</kw>
<kw name="Wait Until Element Is Visible" library="SeleniumLibrary">
<arg>${Trends_Canvas}</arg>
<doc>Waits until the element ``locator`` is visible.</doc>
<status status="PASS" starttime="20240314 14:26:03.178" endtime="20240314 14:26:03.204"/>
</kw>
<kw name="Sleep" library="BuiltIn">
<arg>1s</arg>
<doc>Pauses the test executed for the given time.</doc>
<msg timestamp="20240314 14:26:04.205" level="INFO">Slept 1 second</msg>
<status status="PASS" starttime="20240314 14:26:03.205" endtime="20240314 14:26:04.205"/>
</kw>
<status status="PASS" starttime="20240314 14:26:00.836" endtime="20240314 14:26:04.205"/>
</kw>
<status status="PASS" starttime="20240314 14:26:00.773" endtime="20240314 14:26:04.206"/>
</kw>
<kw name="Navigate to Patient View From Trends" library="PMCApp">
<kw name="Click on Record List On Trends Page" library="TrendsPage">
<kw name="Set Variable" library="BuiltIn">
<var>${Record_List_Button}</var>
<arg>xpath=//mdl-icon[text()='arrow_back_ios']/following-sibling::div</arg>
<doc>Returns the given values which can then be assigned to a variables.</doc>
<msg timestamp="20240314 14:26:04.206" level="INFO">${Record_List_Button} = xpath=//mdl-icon[text()='arrow_back_ios']/following-sibling::div</msg>
<status status="PASS" starttime="20240314 14:26:04.206" endtime="20240314 14:26:04.206"/>
</kw>
<kw name="Wait And Click Element" library="Base">
<arg>${Record_List_Button}</arg>
<kw name="Wait Until Element Is Visible" library="SeleniumLibrary">
<arg>${LOCATOR}</arg>
<arg>timeout=${Wait_Time}</arg>
<arg>error=${Timeout_Message}</arg>
<doc>Waits until the element ``locator`` is visible.</doc>
<status status="PASS" starttime="20240314 14:26:04.206" endtime="20240314 14:26:04.226"/>
</kw>
<kw name="Run Keyword And Return Status" library="BuiltIn">
<var>${element_enabled}</var>
<arg>Element Should Be Enabled</arg>
<arg>${LOCATOR}</arg>
<doc>Runs the given keyword with given arguments and returns the status as a Boolean value.</doc>
<kw name="Element Should Be Enabled" library="SeleniumLibrary">
<arg>${LOCATOR}</arg>
<doc>Verifies that element identified by ``locator`` is enabled.</doc>
<status status="PASS" starttime="20240314 14:26:04.226" endtime="20240314 14:26:04.250"/>
</kw>
<msg timestamp="20240314 14:26:04.251" level="INFO">${element_enabled} = True</msg>
<status status="PASS" starttime="20240314 14:26:04.226" endtime="20240314 14:26:04.251"/>
</kw>
<if>
<branch type="IF" condition="$element_enabled">
<kw name="Click Element" library="SeleniumLibrary">
<arg>${LOCATOR}</arg>
<doc>Click the element identified by ``locator``.</doc>
<msg timestamp="20240314 14:26:04.251" level="INFO">Clicking element 'xpath=//mdl-icon[text()='arrow_back_ios']/following-sibling::div'.</msg>
<status status="PASS" starttime="20240314 14:26:04.251" endtime="20240314 14:26:04.295"/>
</kw>
<status status="PASS" starttime="20240314 14:26:04.251" endtime="20240314 14:26:04.295"/>
</branch>
<branch type="ELSE">
<kw name="Log" library="BuiltIn">
<arg>Element is not enabled, ${LOCATOR}, ${Wait_Time}, ${Timeout_Message}</arg>
<doc>Logs the given message with the given level.</doc>
<status status="NOT RUN" starttime="20240314 14:26:04.297" endtime="20240314 14:26:04.297"/>
</kw>
<status status="NOT RUN" starttime="20240314 14:26:04.295" endtime="20240314 14:26:04.297"/>
</branch>
<status status="PASS" starttime="20240314 14:26:04.251" endtime="20240314 14:26:04.297"/>
</if>
<status status="PASS" starttime="20240314 14:26:04.206" endtime="20240314 14:26:04.297"/>
</kw>
<status status="PASS" starttime="20240314 14:26:04.206" endtime="20240314 14:26:04.297"/>
</kw>
<kw name="Verify Patient View Page Loaded" library="PatientView">
<kw name="Wait Until Page Contains" library="SeleniumLibrary">
<arg>Record List</arg>
<arg>40s</arg>
<doc>Waits until ``text`` appears on the current page.</doc>
<status status="PASS" starttime="20240314 14:26:04.297" endtime="20240314 14:26:04.310"/>
</kw>
<status status="PASS" starttime="20240314 14:26:04.297" endtime="20240314 14:26:04.310"/>
</kw>
<status status="PASS" starttime="20240314 14:26:04.206" endtime="20240314 14:26:04.310"/>
</kw>
<status status="PASS" starttime="20240314 14:25:34.917" endtime="20240314 14:26:04.310"/>
</iter>
<status status="PASS" starttime="20240314 14:24:25.887" endtime="20240314 14:26:04.310"/>
</for>
<kw name="Logging Out From PMC" library="PMCApp">
<kw name="Logging out" library="Settings">
<kw name="Click On Settings Button" library="Settings">
<kw name="Get Location" library="SeleniumLibrary">
<var>${current_url}</var>
<doc>Returns the current browser window URL.</doc>
<msg timestamp="20240314 14:26:04.315" level="INFO">${current_url} = https://pmc.persyst.com/record-views</msg>
<status status="PASS" starttime="20240314 14:26:04.310" endtime="20240314 14:26:04.315"/>
</kw>
<if>
<branch type="IF" condition="$current_url == $Setting_Page_URL">
<kw name="No Operation" library="BuiltIn">
<doc>Does absolutely nothing.</doc>
<status status="NOT RUN" starttime="20240314 14:26:04.315" endtime="20240314 14:26:04.315"/>
</kw>
<status status="NOT RUN" starttime="20240314 14:26:04.315" endtime="20240314 14:26:04.315"/>
</branch>
<branch type="ELSE">
<kw name="Wait Until Page Contains Element" library="SeleniumLibrary">
<arg>${Setting_Button_Locator}</arg>
<doc>Waits until the element ``locator`` appears on the current page.</doc>
<status status="PASS" starttime="20240314 14:26:04.315" endtime="20240314 14:26:04.326"/>
</kw>
<kw name="Wait And Click Element" library="Base">
<arg>${Setting_Button_Locator}</arg>
<kw name="Wait Until Element Is Visible" library="SeleniumLibrary">
<arg>${LOCATOR}</arg>
<arg>timeout=${Wait_Time}</arg>
<arg>error=${Timeout_Message}</arg>
<doc>Waits until the element ``locator`` is visible.</doc>
<status status="PASS" starttime="20240314 14:26:04.326" endtime="20240314 14:26:04.340"/>
</kw>
<kw name="Run Keyword And Return Status" library="BuiltIn">
<var>${element_enabled}</var>
<arg>Element Should Be Enabled</arg>
<arg>${LOCATOR}</arg>
<doc>Runs the given keyword with given arguments and returns the status as a Boolean value.</doc>
<kw name="Element Should Be Enabled" library="SeleniumLibrary">
<arg>${LOCATOR}</arg>
<doc>Verifies that element identified by ``locator`` is enabled.</doc>
<status status="PASS" starttime="20240314 14:26:04.340" endtime="20240314 14:26:04.357"/>
</kw>
<msg timestamp="20240314 14:26:04.357" level="INFO">${element_enabled} = True</msg>
<status status="PASS" starttime="20240314 14:26:04.340" endtime="20240314 14:26:04.357"/>
</kw>
<if>
<branch type="IF" condition="$element_enabled">
<kw name="Click Element" library="SeleniumLibrary">
<arg>${LOCATOR}</arg>
<doc>Click the element identified by ``locator``.</doc>
<msg timestamp="20240314 14:26:04.357" level="INFO">Clicking element 'css=button[title="Settings"]'.</msg>
<status status="PASS" starttime="20240314 14:26:04.357" endtime="20240314 14:26:04.452"/>
</kw>
<status status="PASS" starttime="20240314 14:26:04.357" endtime="20240314 14:26:04.452"/>
</branch>
<branch type="ELSE">
<kw name="Log" library="BuiltIn">
<arg>Element is not enabled, ${LOCATOR}, ${Wait_Time}, ${Timeout_Message}</arg>
<doc>Logs the given message with the given level.</doc>
<status status="NOT RUN" starttime="20240314 14:26:04.453" endtime="20240314 14:26:04.453"/>
</kw>
<status status="NOT RUN" starttime="20240314 14:26:04.453" endtime="20240314 14:26:04.453"/>
</branch>
<status status="PASS" starttime="20240314 14:26:04.357" endtime="20240314 14:26:04.453"/>
</if>
<status status="PASS" starttime="20240314 14:26:04.326" endtime="20240314 14:26:04.453"/>
</kw>
<kw name="Verify &quot;Setting&quot; page loaded" library="Settings">
<kw name="Wait Until Page Contains Element" library="SeleniumLibrary">
<arg>${Setting_Page_Last_Element}</arg>
<doc>Waits until the element ``locator`` appears on the current page.</doc>
<status status="PASS" starttime="20240314 14:26:04.455" endtime="20240314 14:26:04.472"/>
</kw>
<status status="PASS" starttime="20240314 14:26:04.454" endtime="20240314 14:26:04.472"/>
</kw>
<status status="PASS" starttime="20240314 14:26:04.315" endtime="20240314 14:26:04.472"/>
</branch>
<status status="PASS" starttime="20240314 14:26:04.315" endtime="20240314 14:26:04.473"/>
</if>
<status status="PASS" starttime="20240314 14:26:04.310" endtime="20240314 14:26:04.473"/>
</kw>
<kw name="Verify &quot;Setting&quot; page loaded" library="Settings">
<kw name="Wait Until Page Contains Element" library="SeleniumLibrary">
<arg>${Setting_Page_Last_Element}</arg>
<doc>Waits until the element ``locator`` appears on the current page.</doc>
<status status="PASS" starttime="20240314 14:26:04.473" endtime="20240314 14:26:04.481"/>
</kw>
<status status="PASS" starttime="20240314 14:26:04.473" endtime="20240314 14:26:04.482"/>
</kw>
<kw name="Click On &quot;Logout&quot;" library="Settings">
<kw name="Wait Until Page Contains Element" library="SeleniumLibrary">
<arg>${Logout_Button_Locator}</arg>
<doc>Waits until the element ``locator`` appears on the current page.</doc>
<status status="PASS" starttime="20240314 14:26:04.482" endtime="20240314 14:26:04.497"/>
</kw>
<kw name="Wait And Click Element" library="Base">
<arg>${Logout_Button_Locator}</arg>
<kw name="Wait Until Element Is Visible" library="SeleniumLibrary">
<arg>${LOCATOR}</arg>
<arg>timeout=${Wait_Time}</arg>
<arg>error=${Timeout_Message}</arg>
<doc>Waits until the element ``locator`` is visible.</doc>
<status status="PASS" starttime="20240314 14:26:04.498" endtime="20240314 14:26:04.530"/>
</kw>
<kw name="Run Keyword And Return Status" library="BuiltIn">
<var>${element_enabled}</var>
<arg>Element Should Be Enabled</arg>
<arg>${LOCATOR}</arg>
<doc>Runs the given keyword with given arguments and returns the status as a Boolean value.</doc>
<kw name="Element Should Be Enabled" library="SeleniumLibrary">
<arg>${LOCATOR}</arg>
<doc>Verifies that element identified by ``locator`` is enabled.</doc>
<status status="PASS" starttime="20240314 14:26:04.531" endtime="20240314 14:26:04.586"/>
</kw>
<msg timestamp="20240314 14:26:04.586" level="INFO">${element_enabled} = True</msg>
<status status="PASS" starttime="20240314 14:26:04.530" endtime="20240314 14:26:04.586"/>
</kw>
<if>
<branch type="IF" condition="$element_enabled">
<kw name="Click Element" library="SeleniumLibrary">
<arg>${LOCATOR}</arg>
<doc>Click the element identified by ``locator``.</doc>
<msg timestamp="20240314 14:26:04.589" level="INFO">Clicking element 'xpath=//div[text()=' Logout ']'.</msg>
<status status="PASS" starttime="20240314 14:26:04.588" endtime="20240314 14:26:04.693"/>
</kw>
<status status="PASS" starttime="20240314 14:26:04.587" endtime="20240314 14:26:04.693"/>
</branch>
<branch type="ELSE">
<kw name="Log" library="BuiltIn">
<arg>Element is not enabled, ${LOCATOR}, ${Wait_Time}, ${Timeout_Message}</arg>
<doc>Logs the given message with the given level.</doc>
<status status="NOT RUN" starttime="20240314 14:26:04.695" endtime="20240314 14:26:04.695"/>
</kw>
<status status="NOT RUN" starttime="20240314 14:26:04.694" endtime="20240314 14:26:04.695"/>
</branch>
<status status="PASS" starttime="20240314 14:26:04.587" endtime="20240314 14:26:04.695"/>
</if>
<status status="PASS" starttime="20240314 14:26:04.497" endtime="20240314 14:26:04.695"/>
</kw>
<kw name="Sleep" library="BuiltIn">
<arg>3s</arg>
<doc>Pauses the test executed for the given time.</doc>
<msg timestamp="20240314 14:26:07.695" level="INFO">Slept 3 seconds</msg>
<status status="PASS" starttime="20240314 14:26:04.695" endtime="20240314 14:26:07.695"/>
</kw>
<status status="PASS" starttime="20240314 14:26:04.482" endtime="20240314 14:26:07.695"/>
</kw>
<kw name="Verify User Successfully Logged Out" library="Settings">
<kw name="Wait Until Page Contains" library="SeleniumLibrary">
<arg>Welcome To Persyst Mobile</arg>
<doc>Waits until ``text`` appears on the current page.</doc>
<status status="PASS" starttime="20240314 14:26:07.695" endtime="20240314 14:26:07.706"/>
</kw>
<status status="PASS" starttime="20240314 14:26:07.695" endtime="20240314 14:26:07.706"/>
</kw>
<status status="PASS" starttime="20240314 14:26:04.310" endtime="20240314 14:26:07.706"/>
</kw>
<status status="PASS" starttime="20240314 14:26:04.310" endtime="20240314 14:26:07.706"/>
</kw>
<kw name="End Web Suit" library="Common" type="TEARDOWN">
<kw name="Close Browser" library="SeleniumLibrary">
<doc>Closes the current browser.</doc>
<status status="PASS" starttime="20240314 14:26:07.707" endtime="20240314 14:26:10.043"/>
</kw>
<status status="PASS" starttime="20240314 14:26:07.706" endtime="20240314 14:26:10.043"/>
</kw>
<doc>Login is happening in this test with incorrect credentials</doc>
<tag>Login</tag>
<status status="PASS" starttime="20240314 14:24:15.093" endtime="20240314 14:26:10.043"/>
</test>
<doc>This test is going to test persyst login</doc>
<status status="PASS" starttime="20240314 14:24:14.190" endtime="20240314 14:26:10.044"/>
</suite>
<status status="PASS" starttime="20240314 14:24:14.176" endtime="20240314 14:26:10.046"/>
</suite>
<statistics>
<total>
<stat pass="1" fail="0" skip="0">All Tests</stat>
</total>
<tag>
<stat pass="1" fail="0" skip="0">Login</stat>
</tag>
<suite>
<stat pass="1" fail="0" skip="0" id="s1" name="PMC-AES">PMC-AES</stat>
<stat pass="1" fail="0" skip="0" id="s1-s1" name="SmokeTest8">PMC-AES.SmokeTest8</stat>
</suite>
</statistics>
<errors>
</errors>
</robot>
