<?xml version="1.0" encoding="UTF-8"?>
<robot generator="Robot 6.1.1 (Python 3.12.0 on win32)" generated="20240314 14:24:14.112" rpa="false" schemaversion="4">
<suite id="s1" name="PMC-AES" source="C:\Users\mojgan.dadashi\PycharmProjects\PersystRobotAutomation\Tests\PMC\PMC-AES">
<suite id="s1-s1" name="SmokeTest13" source="C:\Users\mojgan.dadashi\PycharmProjects\PersystRobotAutomation\Tests\PMC\PMC-AES\SmokeTest13.robot">
<test id="s1-s1-t1" name="User should be able to login with valid credentials" line="15">
<kw name="Begin Web Suit With No Login" library="Common" type="SETUP">
<kw name="Set Selenium Timeout" library="SeleniumLibrary">
<arg>15s</arg>
<doc>Sets the timeout that is used by various keywords.</doc>
<status status="PASS" starttime="20240314 14:24:15.121" endtime="20240314 14:24:15.121"/>
</kw>
<kw name="Set Reference Folder" library="ImageHorizonLibrary">
<arg>${COMPARISON_IMAGES_PATH}</arg>
<doc>Sets where all reference images are stored.</doc>
<status status="PASS" starttime="20240314 14:24:15.122" endtime="20240314 14:24:15.122"/>
</kw>
<kw name="Open Browser" library="SeleniumLibrary">
<arg>sbout:blank</arg>
<arg>${Browser}[0]</arg>
<doc>Opens a new browser instance to the optional ``url``.</doc>
<msg timestamp="20240314 14:24:15.123" level="INFO">Opening browser 'chrome' to base url 'sbout:blank'.</msg>
<status status="PASS" starttime="20240314 14:24:15.122" endtime="20240314 14:24:18.332"/>
</kw>
<kw name="Set Window Size" library="SeleniumLibrary">
<arg>1552</arg>
<arg>928</arg>
<doc>Sets current windows size to given ``width`` and ``height``.</doc>
<status status="PASS" starttime="20240314 14:24:18.332" endtime="20240314 14:24:18.533"/>
</kw>
<status status="PASS" starttime="20240314 14:24:15.120" endtime="20240314 14:24:18.533"/>
</kw>
<kw name="Navigate To Login Page" library="LoginPage">
<arg>${PMC_Prod_URL}</arg>
<kw name="Get Location" library="SeleniumLibrary">
<var>${current_url}</var>
<doc>Returns the current browser window URL.</doc>
<msg timestamp="20240314 14:24:18.555" level="INFO">${current_url} = data:,</msg>
<status status="PASS" starttime="20240314 14:24:18.534" endtime="20240314 14:24:18.555"/>
</kw>
<if>
<branch type="IF" condition="$current_url == $URL">
<kw name="No Operation" library="BuiltIn">
<doc>Does absolutely nothing.</doc>
<status status="NOT RUN" starttime="20240314 14:24:18.555" endtime="20240314 14:24:18.557"/>
</kw>
<status status="NOT RUN" starttime="20240314 14:24:18.555" endtime="20240314 14:24:18.557"/>
</branch>
<branch type="ELSE">
<kw name="Go To" library="SeleniumLibrary">
<arg>${URL}</arg>
<doc>Navigates the current browser window to the provided ``url``.</doc>
<msg timestamp="20240314 14:24:18.557" level="INFO">Opening url 'https://pmc.persyst.com/login'</msg>
<status status="PASS" starttime="20240314 14:24:18.557" endtime="20240314 14:24:20.762"/>
</kw>
<status status="PASS" starttime="20240314 14:24:18.557" endtime="20240314 14:24:20.763"/>
</branch>
<status status="PASS" starttime="20240314 14:24:18.555" endtime="20240314 14:24:20.763"/>
</if>
<status status="PASS" starttime="20240314 14:24:18.533" endtime="20240314 14:24:20.763"/>
</kw>
<kw name="Login Into PMC With Valid Credentials" library="PMCApp">
<arg>${CORRECT_USERNAME}</arg>
<arg>${CORRECT_PASSWORD}</arg>
<kw name="Login With Valid Credentials" library="LoginPage">
<arg>${USERNAME}</arg>
<arg>${PASSWORD}</arg>
<kw name="Fill &quot;Username&quot; field" library="LoginPage">
<arg>${USERNAME}</arg>
<kw name="Input Text" library="SeleniumLibrary">
<arg>${USER_NAME_LOCATOR}</arg>
<arg>${Username}</arg>
<doc>Types the given ``text`` into the text field identified by ``locator``.</doc>
<msg timestamp="20240314 14:24:20.769" level="INFO">Typing text 'astonstudent13@persyst.com' into text field 'name=username'.</msg>
<status status="PASS" starttime="20240314 14:24:20.767" endtime="20240314 14:24:21.024"/>
</kw>
<status status="PASS" starttime="20240314 14:24:20.766" endtime="20240314 14:24:21.024"/>
</kw>
<kw name="Fill &quot;Password&quot; Field" library="LoginPage">
<arg>${PASSWORD}</arg>
<kw name="Input Text" library="SeleniumLibrary">
<arg>${PASSWORD_LOCATOR}</arg>
<arg>${Password}</arg>
<doc>Types the given ``text`` into the text field identified by ``locator``.</doc>
<msg timestamp="20240314 14:24:21.027" level="INFO">Typing text 'AstonUni2024!' into text field 'name=password'.</msg>
<status status="PASS" starttime="20240314 14:24:21.025" endtime="20240314 14:24:21.452"/>
</kw>
<status status="PASS" starttime="20240314 14:24:21.024" endtime="20240314 14:24:21.453"/>
</kw>
<kw name="Click Login Button" library="LoginPage">
<kw name="Click Button" library="SeleniumLibrary">
<arg>Sign in</arg>
<doc>Clicks the button identified by ``locator``.</doc>
<msg timestamp="20240314 14:24:21.455" level="INFO">Clicking button 'Sign in'.</msg>
<status status="PASS" starttime="20240314 14:24:21.454" endtime="20240314 14:24:21.925"/>
</kw>
<kw name="Sleep" library="BuiltIn">
<arg>3s</arg>
<doc>Pauses the test executed for the given time.</doc>
<msg timestamp="20240314 14:24:24.927" level="INFO">Slept 3 seconds</msg>
<status status="PASS" starttime="20240314 14:24:21.925" endtime="20240314 14:24:24.927"/>
</kw>
<status status="PASS" starttime="20240314 14:24:21.453" endtime="20240314 14:24:24.927"/>
</kw>
<status status="PASS" starttime="20240314 14:24:20.765" endtime="20240314 14:24:24.927"/>
</kw>
<kw name="Verify Patient View Page Loaded" library="PatientView">
<kw name="Wait Until Page Contains" library="SeleniumLibrary">
<arg>Record List</arg>
<arg>40s</arg>
<doc>Waits until ``text`` appears on the current page.</doc>
<status status="PASS" starttime="20240314 14:24:24.928" endtime="20240314 14:24:24.957"/>
</kw>
<status status="PASS" starttime="20240314 14:24:24.927" endtime="20240314 14:24:24.958"/>
</kw>
<status status="PASS" starttime="20240314 14:24:20.763" endtime="20240314 14:24:24.958"/>
</kw>
<for flavor="IN RANGE">
<var>${index}</var>
<value>3</value>
<iter>
<var name="${index}">0</var>
<kw name="Log" library="BuiltIn">
<arg>Iteration: ${index + 1}</arg>
<doc>Logs the given message with the given level.</doc>
<msg timestamp="20240314 14:24:24.962" level="INFO">Iteration: 1</msg>
<status status="PASS" starttime="20240314 14:24:24.959" endtime="20240314 14:24:24.962"/>
</kw>
<kw name="Enter Patient Name In The Patient Name Textfield" library="PatientView">
<arg>${Record_Name}</arg>
<kw name="Input Text" library="SeleniumLibrary">
<arg>xpath=${Patient_Filter_Textfield}</arg>
<arg>${PATIENT_NAME}</arg>
<arg>clear=True</arg>
<doc>Types the given ``text`` into the text field identified by ``locator``.</doc>
<msg timestamp="20240314 14:24:24.964" level="INFO">Typing text 'A2_24-clip-sz' into text field 'xpath=//mdl-textfield[@label='Record Filter']/div/input'.</msg>
<status status="PASS" starttime="20240314 14:24:24.963" endtime="20240314 14:24:25.637"/>
</kw>
<status status="PASS" starttime="20240314 14:24:24.962" endtime="20240314 14:24:25.638"/>
</kw>
<kw name="Click On Record By Name" library="PatientView">
<arg>${Record_Name}</arg>
<kw name="Set Variable" library="BuiltIn">
<var>${Record_With_Name}</var>
<arg>//span[text()="${Patient_Name}"]</arg>
<doc>Returns the given values which can then be assigned to a variables.</doc>
<msg timestamp="20240314 14:24:25.640" level="INFO">${Record_With_Name} = //span[text()="A2_24-clip-sz"]</msg>
<status status="PASS" starttime="20240314 14:24:25.638" endtime="20240314 14:24:25.640"/>
</kw>
<kw name="Wait And Click Element" library="Base">
<arg>xpath=${Record_With_Name}</arg>
<kw name="Wait Until Element Is Visible" library="SeleniumLibrary">
<arg>${LOCATOR}</arg>
<arg>timeout=${Wait_Time}</arg>
<arg>error=${Timeout_Message}</arg>
<doc>Waits until the element ``locator`` is visible.</doc>
<status status="PASS" starttime="20240314 14:24:25.641" endtime="20240314 14:24:26.125"/>
</kw>
<kw name="Run Keyword And Return Status" library="BuiltIn">
<var>${element_enabled}</var>
<arg>Element Should Be Enabled</arg>
<arg>${LOCATOR}</arg>
<doc>Runs the given keyword with given arguments and returns the status as a Boolean value.</doc>
<kw name="Element Should Be Enabled" library="SeleniumLibrary">
<arg>${LOCATOR}</arg>
<doc>Verifies that element identified by ``locator`` is enabled.</doc>
<status status="PASS" starttime="20240314 14:24:26.126" endtime="20240314 14:24:26.190"/>
</kw>
<msg timestamp="20240314 14:24:26.191" level="INFO">${element_enabled} = True</msg>
<status status="PASS" starttime="20240314 14:24:26.125" endtime="20240314 14:24:26.191"/>
</kw>
<if>
<branch type="IF" condition="$element_enabled">
<kw name="Click Element" library="SeleniumLibrary">
<arg>${LOCATOR}</arg>
<doc>Click the element identified by ``locator``.</doc>
<msg timestamp="20240314 14:24:26.193" level="INFO">Clicking element 'xpath=//span[text()="A2_24-clip-sz"]'.</msg>
<status status="PASS" starttime="20240314 14:24:26.192" endtime="20240314 14:24:26.315"/>
</kw>
<status status="PASS" starttime="20240314 14:24:26.191" endtime="20240314 14:24:26.316"/>
</branch>
<branch type="ELSE">
<kw name="Log" library="BuiltIn">
<arg>Element is not enabled, ${LOCATOR}, ${Wait_Time}, ${Timeout_Message}</arg>
<doc>Logs the given message with the given level.</doc>
<status status="NOT RUN" starttime="20240314 14:24:26.316" endtime="20240314 14:24:26.316"/>
</kw>
<status status="NOT RUN" starttime="20240314 14:24:26.316" endtime="20240314 14:24:26.316"/>
</branch>
<status status="PASS" starttime="20240314 14:24:26.191" endtime="20240314 14:24:26.316"/>
</if>
<status status="PASS" starttime="20240314 14:24:25.640" endtime="20240314 14:24:26.316"/>
</kw>
<kw name="Sleep" library="BuiltIn">
<arg>3s</arg>
<doc>Pauses the test executed for the given time.</doc>
<msg timestamp="20240314 14:24:29.318" level="INFO">Slept 3 seconds</msg>
<status status="PASS" starttime="20240314 14:24:26.316" endtime="20240314 14:24:29.318"/>
</kw>
<status status="PASS" starttime="20240314 14:24:25.638" endtime="20240314 14:24:29.318"/>
</kw>
<kw name="Click on Patient Beginning of Record" library="PatientView">
<kw name="Wait Until Page Contains" library="SeleniumLibrary">
<arg>Beginning of Record</arg>
<doc>Waits until ``text`` appears on the current page.</doc>
<status status="PASS" starttime="20240314 14:24:29.319" endtime="20240314 14:24:29.338"/>
</kw>
<kw name="Wait Until Page Contains Element" library="SeleniumLibrary">
<arg>${Beginning_Of_Recording}</arg>
<doc>Waits until the element ``locator`` appears on the current page.</doc>
<status status="PASS" starttime="20240314 14:24:29.338" endtime="20240314 14:24:29.353"/>
</kw>
<kw name="Click Element" library="SeleniumLibrary">
<arg>${Beginning_Of_Recording}</arg>
<doc>Click the element identified by ``locator``.</doc>
<msg timestamp="20240314 14:24:29.355" level="INFO">Clicking element 'id=Beginning of Record'.</msg>
<status status="PASS" starttime="20240314 14:24:29.354" endtime="20240314 14:24:29.416"/>
</kw>
<status status="PASS" starttime="20240314 14:24:29.318" endtime="20240314 14:24:29.416"/>
</kw>
<kw name="Sleep" library="BuiltIn">
<arg>2s</arg>
<doc>Pauses the test executed for the given time.</doc>
<msg timestamp="20240314 14:24:31.417" level="INFO">Slept 2 seconds</msg>
<status status="PASS" starttime="20240314 14:24:29.416" endtime="20240314 14:24:31.417"/>
</kw>
<kw name="Click on Right Page Button" library="EEGPage">
<kw name="Wait And Click Element" library="Base">
<arg>//button[@title="Page Right"]</arg>
<kw name="Wait Until Element Is Visible" library="SeleniumLibrary">
<arg>${LOCATOR}</arg>
<arg>timeout=${Wait_Time}</arg>
<arg>error=${Timeout_Message}</arg>
<doc>Waits until the element ``locator`` is visible.</doc>
<status status="PASS" starttime="20240314 14:24:31.418" endtime="20240314 14:24:31.510"/>
</kw>
<kw name="Run Keyword And Return Status" library="BuiltIn">
<var>${element_enabled}</var>
<arg>Element Should Be Enabled</arg>
<arg>${LOCATOR}</arg>
<doc>Runs the given keyword with given arguments and returns the status as a Boolean value.</doc>
<kw name="Element Should Be Enabled" library="SeleniumLibrary">
<arg>${LOCATOR}</arg>
<doc>Verifies that element identified by ``locator`` is enabled.</doc>
<status status="PASS" starttime="20240314 14:24:31.511" endtime="20240314 14:24:31.562"/>
</kw>
<msg timestamp="20240314 14:24:31.562" level="INFO">${element_enabled} = True</msg>
<status status="PASS" starttime="20240314 14:24:31.511" endtime="20240314 14:24:31.562"/>
</kw>
<if>
<branch type="IF" condition="$element_enabled">
<kw name="Click Element" library="SeleniumLibrary">
<arg>${LOCATOR}</arg>
<doc>Click the element identified by ``locator``.</doc>
<msg timestamp="20240314 14:24:31.565" level="INFO">Clicking element '//button[@title="Page Right"]'.</msg>
<status status="PASS" starttime="20240314 14:24:31.564" endtime="20240314 14:24:31.744"/>
</kw>
<status status="PASS" starttime="20240314 14:24:31.564" endtime="20240314 14:24:31.745"/>
</branch>
<branch type="ELSE">
<kw name="Log" library="BuiltIn">
<arg>Element is not enabled, ${LOCATOR}, ${Wait_Time}, ${Timeout_Message}</arg>
<doc>Logs the given message with the given level.</doc>
<status status="NOT RUN" starttime="20240314 14:24:31.746" endtime="20240314 14:24:31.746"/>
</kw>
<status status="NOT RUN" starttime="20240314 14:24:31.745" endtime="20240314 14:24:31.746"/>
</branch>
<status status="PASS" starttime="20240314 14:24:31.562" endtime="20240314 14:24:31.746"/>
</if>
<status status="PASS" starttime="20240314 14:24:31.418" endtime="20240314 14:24:31.746"/>
</kw>
<kw name="Sleep" library="BuiltIn">
<arg>1s</arg>
<doc>Pauses the test executed for the given time.</doc>
<msg timestamp="20240314 14:24:32.748" level="INFO">Slept 1 second</msg>
<status status="PASS" starttime="20240314 14:24:31.747" endtime="20240314 14:24:32.748"/>
</kw>
<status status="PASS" starttime="20240314 14:24:31.418" endtime="20240314 14:24:32.748"/>
</kw>
<kw name="Click on Right Page Button" library="EEGPage">
<kw name="Wait And Click Element" library="Base">
<arg>//button[@title="Page Right"]</arg>
<kw name="Wait Until Element Is Visible" library="SeleniumLibrary">
<arg>${LOCATOR}</arg>
<arg>timeout=${Wait_Time}</arg>
<arg>error=${Timeout_Message}</arg>
<doc>Waits until the element ``locator`` is visible.</doc>
<status status="PASS" starttime="20240314 14:24:32.749" endtime="20240314 14:24:32.833"/>
</kw>
<kw name="Run Keyword And Return Status" library="BuiltIn">
<var>${element_enabled}</var>
<arg>Element Should Be Enabled</arg>
<arg>${LOCATOR}</arg>
<doc>Runs the given keyword with given arguments and returns the status as a Boolean value.</doc>
<kw name="Element Should Be Enabled" library="SeleniumLibrary">
<arg>${LOCATOR}</arg>
<doc>Verifies that element identified by ``locator`` is enabled.</doc>
<status status="PASS" starttime="20240314 14:24:32.833" endtime="20240314 14:24:32.916"/>
</kw>
<msg timestamp="20240314 14:24:32.916" level="INFO">${element_enabled} = True</msg>
<status status="PASS" starttime="20240314 14:24:32.833" endtime="20240314 14:24:32.916"/>
</kw>
<if>
<branch type="IF" condition="$element_enabled">
<kw name="Click Element" library="SeleniumLibrary">
<arg>${LOCATOR}</arg>
<doc>Click the element identified by ``locator``.</doc>
<msg timestamp="20240314 14:24:32.917" level="INFO">Clicking element '//button[@title="Page Right"]'.</msg>
<status status="PASS" starttime="20240314 14:24:32.917" endtime="20240314 14:24:33.069"/>
</kw>
<status status="PASS" starttime="20240314 14:24:32.916" endtime="20240314 14:24:33.069"/>
</branch>
<branch type="ELSE">
<kw name="Log" library="BuiltIn">
<arg>Element is not enabled, ${LOCATOR}, ${Wait_Time}, ${Timeout_Message}</arg>
<doc>Logs the given message with the given level.</doc>
<status status="NOT RUN" starttime="20240314 14:24:33.069" endtime="20240314 14:24:33.069"/>
</kw>
<status status="NOT RUN" starttime="20240314 14:24:33.069" endtime="20240314 14:24:33.069"/>
</branch>
<status status="PASS" starttime="20240314 14:24:32.916" endtime="20240314 14:24:33.070"/>
</if>
<status status="PASS" starttime="20240314 14:24:32.749" endtime="20240314 14:24:33.070"/>
</kw>
<kw name="Sleep" library="BuiltIn">
<arg>1s</arg>
<doc>Pauses the test executed for the given time.</doc>
<msg timestamp="20240314 14:24:34.071" level="INFO">Slept 1 second</msg>
<status status="PASS" starttime="20240314 14:24:33.070" endtime="20240314 14:24:34.071"/>
</kw>
<status status="PASS" starttime="20240314 14:24:32.748" endtime="20240314 14:24:34.071"/>
</kw>
<kw name="Click on Play EEG" library="EEGPage">
<kw name="Click Element" library="SeleniumLibrary">
<arg>${Play_Button}</arg>
<doc>Click the element identified by ``locator``.</doc>
<msg timestamp="20240314 14:24:34.073" level="INFO">Clicking element 'css=body button[title='Start Playing']'.</msg>
<status status="PASS" starttime="20240314 14:24:34.072" endtime="20240314 14:24:34.186"/>
</kw>
<kw name="Sleep" library="BuiltIn">
<arg>3s</arg>
<doc>Pauses the test executed for the given time.</doc>
<msg timestamp="20240314 14:24:37.187" level="INFO">Slept 3 seconds</msg>
<status status="PASS" starttime="20240314 14:24:34.186" endtime="20240314 14:24:37.187"/>
</kw>
<status status="PASS" starttime="20240314 14:24:34.071" endtime="20240314 14:24:37.187"/>
</kw>
<kw name="Sleep" library="BuiltIn">
<arg>15s</arg>
<doc>Pauses the test executed for the given time.</doc>
<msg timestamp="20240314 14:24:52.189" level="INFO">Slept 15 seconds</msg>
<status status="PASS" starttime="20240314 14:24:37.187" endtime="20240314 14:24:52.189"/>
</kw>
<kw name="Navigate to Trends Page From EEG Page" library="PMCApp">
<kw name="Click on &quot;Trends&quot; link" library="EEGPage">
<kw name="Click Element" library="SeleniumLibrary">
<arg>${Trends_Link}</arg>
<doc>Click the element identified by ``locator``.</doc>
<msg timestamp="20240314 14:24:52.192" level="INFO">Clicking element 'xpath=//span[text()='Trends']'.</msg>
<status status="PASS" starttime="20240314 14:24:52.191" endtime="20240314 14:24:52.279"/>
</kw>
<status status="PASS" starttime="20240314 14:24:52.191" endtime="20240314 14:24:52.279"/>
</kw>
<kw name="Verify Trends Page Loads Successfully" library="TrendsPage">
<kw name="Wait Until Page Contains Element" library="SeleniumLibrary">
<arg>css=${Trends_View}</arg>
<doc>Waits until the element ``locator`` appears on the current page.</doc>
<status status="PASS" starttime="20240314 14:24:52.280" endtime="20240314 14:24:55.481"/>
</kw>
<kw name="Wait Until Page Contains Element" library="SeleniumLibrary">
<arg>${Trends_Image}</arg>
<doc>Waits until the element ``locator`` appears on the current page.</doc>
<status status="PASS" starttime="20240314 14:24:55.481" endtime="20240314 14:24:55.491"/>
</kw>
<kw name="Wait Until Page Does Not Contain Element" library="SeleniumLibrary">
<arg>${Circle_Spinner}</arg>
<doc>Waits until the element ``locator`` disappears from the current page.</doc>
<status status="PASS" starttime="20240314 14:24:55.491" endtime="20240314 14:24:55.507"/>
</kw>
<kw name="Wait Until Page Does Not Contain Element" library="SeleniumLibrary">
<arg>${second_spinner}</arg>
<doc>Waits until the element ``locator`` disappears from the current page.</doc>
<status status="PASS" starttime="20240314 14:24:55.507" endtime="20240314 14:24:55.518"/>
</kw>
<kw name="Wait Until Element Is Visible" library="SeleniumLibrary">
<arg>${Trends_Canvas}</arg>
<doc>Waits until the element ``locator`` is visible.</doc>
<status status="PASS" starttime="20240314 14:24:55.518" endtime="20240314 14:24:55.543"/>
</kw>
<kw name="Sleep" library="BuiltIn">
<arg>1s</arg>
<doc>Pauses the test executed for the given time.</doc>
<msg timestamp="20240314 14:24:56.545" level="INFO">Slept 1 second</msg>
<status status="PASS" starttime="20240314 14:24:55.544" endtime="20240314 14:24:56.545"/>
</kw>
<status status="PASS" starttime="20240314 14:24:52.279" endtime="20240314 14:24:56.546"/>
</kw>
<status status="PASS" starttime="20240314 14:24:52.190" endtime="20240314 14:24:56.546"/>
</kw>
<kw name="Navigate to Patient View From Trends" library="PMCApp">
<kw name="Click on Record List On Trends Page" library="TrendsPage">
<kw name="Set Variable" library="BuiltIn">
<var>${Record_List_Button}</var>
<arg>xpath=//mdl-icon[text()='arrow_back_ios']/following-sibling::div</arg>
<doc>Returns the given values which can then be assigned to a variables.</doc>
<msg timestamp="20240314 14:24:56.550" level="INFO">${Record_List_Button} = xpath=//mdl-icon[text()='arrow_back_ios']/following-sibling::div</msg>
<status status="PASS" starttime="20240314 14:24:56.549" endtime="20240314 14:24:56.550"/>
</kw>
<kw name="Wait And Click Element" library="Base">
<arg>${Record_List_Button}</arg>
<kw name="Wait Until Element Is Visible" library="SeleniumLibrary">
<arg>${LOCATOR}</arg>
<arg>timeout=${Wait_Time}</arg>
<arg>error=${Timeout_Message}</arg>
<doc>Waits until the element ``locator`` is visible.</doc>
<status status="PASS" starttime="20240314 14:24:56.552" endtime="20240314 14:24:56.588"/>
</kw>
<kw name="Run Keyword And Return Status" library="BuiltIn">
<var>${element_enabled}</var>
<arg>Element Should Be Enabled</arg>
<arg>${LOCATOR}</arg>
<doc>Runs the given keyword with given arguments and returns the status as a Boolean value.</doc>
<kw name="Element Should Be Enabled" library="SeleniumLibrary">
<arg>${LOCATOR}</arg>
<doc>Verifies that element identified by ``locator`` is enabled.</doc>
<status status="PASS" starttime="20240314 14:24:56.589" endtime="20240314 14:24:56.620"/>
</kw>
<msg timestamp="20240314 14:24:56.620" level="INFO">${element_enabled} = True</msg>
<status status="PASS" starttime="20240314 14:24:56.588" endtime="20240314 14:24:56.620"/>
</kw>
<if>
<branch type="IF" condition="$element_enabled">
<kw name="Click Element" library="SeleniumLibrary">
<arg>${LOCATOR}</arg>
<doc>Click the element identified by ``locator``.</doc>
<msg timestamp="20240314 14:24:56.621" level="INFO">Clicking element 'xpath=//mdl-icon[text()='arrow_back_ios']/following-sibling::div'.</msg>
<status status="PASS" starttime="20240314 14:24:56.620" endtime="20240314 14:24:56.661"/>
</kw>
<status status="PASS" starttime="20240314 14:24:56.620" endtime="20240314 14:24:56.662"/>
</branch>
<branch type="ELSE">
<kw name="Log" library="BuiltIn">
<arg>Element is not enabled, ${LOCATOR}, ${Wait_Time}, ${Timeout_Message}</arg>
<doc>Logs the given message with the given level.</doc>
<status status="NOT RUN" starttime="20240314 14:24:56.662" endtime="20240314 14:24:56.663"/>
</kw>
<status status="NOT RUN" starttime="20240314 14:24:56.662" endtime="20240314 14:24:56.663"/>
</branch>
<status status="PASS" starttime="20240314 14:24:56.620" endtime="20240314 14:24:56.663"/>
</if>
<status status="PASS" starttime="20240314 14:24:56.551" endtime="20240314 14:24:56.663"/>
</kw>
<status status="PASS" starttime="20240314 14:24:56.548" endtime="20240314 14:24:56.663"/>
</kw>
<kw name="Verify Patient View Page Loaded" library="PatientView">
<kw name="Wait Until Page Contains" library="SeleniumLibrary">
<arg>Record List</arg>
<arg>40s</arg>
<doc>Waits until ``text`` appears on the current page.</doc>
<status status="PASS" starttime="20240314 14:24:56.663" endtime="20240314 14:24:56.675"/>
</kw>
<status status="PASS" starttime="20240314 14:24:56.663" endtime="20240314 14:24:56.675"/>
</kw>
<status status="PASS" starttime="20240314 14:24:56.546" endtime="20240314 14:24:56.675"/>
</kw>
<status status="PASS" starttime="20240314 14:24:24.959" endtime="20240314 14:24:56.675"/>
</iter>
<iter>
<var name="${index}">1</var>
<kw name="Log" library="BuiltIn">
<arg>Iteration: ${index + 1}</arg>
<doc>Logs the given message with the given level.</doc>
<msg timestamp="20240314 14:24:56.677" level="INFO">Iteration: 2</msg>
<status status="PASS" starttime="20240314 14:24:56.676" endtime="20240314 14:24:56.677"/>
</kw>
<kw name="Enter Patient Name In The Patient Name Textfield" library="PatientView">
<arg>${Record_Name}</arg>
<kw name="Input Text" library="SeleniumLibrary">
<arg>xpath=${Patient_Filter_Textfield}</arg>
<arg>${PATIENT_NAME}</arg>
<arg>clear=True</arg>
<doc>Types the given ``text`` into the text field identified by ``locator``.</doc>
<msg timestamp="20240314 14:24:56.678" level="INFO">Typing text 'A2_24-clip-sz' into text field 'xpath=//mdl-textfield[@label='Record Filter']/div/input'.</msg>
<status status="PASS" starttime="20240314 14:24:56.677" endtime="20240314 14:24:56.812"/>
</kw>
<status status="PASS" starttime="20240314 14:24:56.677" endtime="20240314 14:24:56.812"/>
</kw>
<kw name="Click On Record By Name" library="PatientView">
<arg>${Record_Name}</arg>
<kw name="Set Variable" library="BuiltIn">
<var>${Record_With_Name}</var>
<arg>//span[text()="${Patient_Name}"]</arg>
<doc>Returns the given values which can then be assigned to a variables.</doc>
<msg timestamp="20240314 14:24:56.813" level="INFO">${Record_With_Name} = //span[text()="A2_24-clip-sz"]</msg>
<status status="PASS" starttime="20240314 14:24:56.813" endtime="20240314 14:24:56.813"/>
</kw>
<kw name="Wait And Click Element" library="Base">
<arg>xpath=${Record_With_Name}</arg>
<kw name="Wait Until Element Is Visible" library="SeleniumLibrary">
<arg>${LOCATOR}</arg>
<arg>timeout=${Wait_Time}</arg>
<arg>error=${Timeout_Message}</arg>
<doc>Waits until the element ``locator`` is visible.</doc>
<status status="PASS" starttime="20240314 14:24:56.814" endtime="20240314 14:24:56.835"/>
</kw>
<kw name="Run Keyword And Return Status" library="BuiltIn">
<var>${element_enabled}</var>
<arg>Element Should Be Enabled</arg>
<arg>${LOCATOR}</arg>
<doc>Runs the given keyword with given arguments and returns the status as a Boolean value.</doc>
<kw name="Element Should Be Enabled" library="SeleniumLibrary">
<arg>${LOCATOR}</arg>
<doc>Verifies that element identified by ``locator`` is enabled.</doc>
<status status="PASS" starttime="20240314 14:24:56.836" endtime="20240314 14:24:56.860"/>
</kw>
<msg timestamp="20240314 14:24:56.860" level="INFO">${element_enabled} = True</msg>
<status status="PASS" starttime="20240314 14:24:56.836" endtime="20240314 14:24:56.860"/>
</kw>
<if>
<branch type="IF" condition="$element_enabled">
<kw name="Click Element" library="SeleniumLibrary">
<arg>${LOCATOR}</arg>
<doc>Click the element identified by ``locator``.</doc>
<msg timestamp="20240314 14:24:56.861" level="INFO">Clicking element 'xpath=//span[text()="A2_24-clip-sz"]'.</msg>
<status status="PASS" starttime="20240314 14:24:56.861" endtime="20240314 14:24:56.901"/>
</kw>
<status status="PASS" starttime="20240314 14:24:56.860" endtime="20240314 14:24:56.901"/>
</branch>
<branch type="ELSE">
<kw name="Log" library="BuiltIn">
<arg>Element is not enabled, ${LOCATOR}, ${Wait_Time}, ${Timeout_Message}</arg>
<doc>Logs the given message with the given level.</doc>
<status status="NOT RUN" starttime="20240314 14:24:56.901" endtime="20240314 14:24:56.901"/>
</kw>
<status status="NOT RUN" starttime="20240314 14:24:56.901" endtime="20240314 14:24:56.901"/>
</branch>
<status status="PASS" starttime="20240314 14:24:56.860" endtime="20240314 14:24:56.901"/>
</if>
<status status="PASS" starttime="20240314 14:24:56.814" endtime="20240314 14:24:56.901"/>
</kw>
<kw name="Sleep" library="BuiltIn">
<arg>3s</arg>
<doc>Pauses the test executed for the given time.</doc>
<msg timestamp="20240314 14:24:59.902" level="INFO">Slept 3 seconds</msg>
<status status="PASS" starttime="20240314 14:24:56.902" endtime="20240314 14:24:59.902"/>
</kw>
<status status="PASS" starttime="20240314 14:24:56.812" endtime="20240314 14:24:59.902"/>
</kw>
<kw name="Click on Patient Beginning of Record" library="PatientView">
<kw name="Wait Until Page Contains" library="SeleniumLibrary">
<arg>Beginning of Record</arg>
<doc>Waits until ``text`` appears on the current page.</doc>
<status status="PASS" starttime="20240314 14:24:59.903" endtime="20240314 14:24:59.915"/>
</kw>
<kw name="Wait Until Page Contains Element" library="SeleniumLibrary">
<arg>${Beginning_Of_Recording}</arg>
<doc>Waits until the element ``locator`` appears on the current page.</doc>
<status status="PASS" starttime="20240314 14:24:59.915" endtime="20240314 14:24:59.923"/>
</kw>
<kw name="Click Element" library="SeleniumLibrary">
<arg>${Beginning_Of_Recording}</arg>
<doc>Click the element identified by ``locator``.</doc>
<msg timestamp="20240314 14:24:59.924" level="INFO">Clicking element 'id=Beginning of Record'.</msg>
<status status="PASS" starttime="20240314 14:24:59.923" endtime="20240314 14:24:59.963"/>
</kw>
<status status="PASS" starttime="20240314 14:24:59.902" endtime="20240314 14:24:59.963"/>
</kw>
<kw name="Sleep" library="BuiltIn">
<arg>2s</arg>
<doc>Pauses the test executed for the given time.</doc>
<msg timestamp="20240314 14:25:01.964" level="INFO">Slept 2 seconds</msg>
<status status="PASS" starttime="20240314 14:24:59.963" endtime="20240314 14:25:01.964"/>
</kw>
<kw name="Click on Right Page Button" library="EEGPage">
<kw name="Wait And Click Element" library="Base">
<arg>//button[@title="Page Right"]</arg>
<kw name="Wait Until Element Is Visible" library="SeleniumLibrary">
<arg>${LOCATOR}</arg>
<arg>timeout=${Wait_Time}</arg>
<arg>error=${Timeout_Message}</arg>
<doc>Waits until the element ``locator`` is visible.</doc>
<status status="PASS" starttime="20240314 14:25:01.967" endtime="20240314 14:25:01.996"/>
</kw>
<kw name="Run Keyword And Return Status" library="BuiltIn">
<var>${element_enabled}</var>
<arg>Element Should Be Enabled</arg>
<arg>${LOCATOR}</arg>
<doc>Runs the given keyword with given arguments and returns the status as a Boolean value.</doc>
<kw name="Element Should Be Enabled" library="SeleniumLibrary">
<arg>${LOCATOR}</arg>
<doc>Verifies that element identified by ``locator`` is enabled.</doc>
<status status="PASS" starttime="20240314 14:25:01.996" endtime="20240314 14:25:02.017"/>
</kw>
<msg timestamp="20240314 14:25:02.017" level="INFO">${element_enabled} = True</msg>
<status status="PASS" starttime="20240314 14:25:01.996" endtime="20240314 14:25:02.017"/>
</kw>
<if>
<branch type="IF" condition="$element_enabled">
<kw name="Click Element" library="SeleniumLibrary">
<arg>${LOCATOR}</arg>
<doc>Click the element identified by ``locator``.</doc>
<msg timestamp="20240314 14:25:02.017" level="INFO">Clicking element '//button[@title="Page Right"]'.</msg>
<status status="PASS" starttime="20240314 14:25:02.017" endtime="20240314 14:25:02.058"/>
</kw>
<status status="PASS" starttime="20240314 14:25:02.017" endtime="20240314 14:25:02.058"/>
</branch>
<branch type="ELSE">
<kw name="Log" library="BuiltIn">
<arg>Element is not enabled, ${LOCATOR}, ${Wait_Time}, ${Timeout_Message}</arg>
<doc>Logs the given message with the given level.</doc>
<status status="NOT RUN" starttime="20240314 14:25:02.058" endtime="20240314 14:25:02.058"/>
</kw>
<status status="NOT RUN" starttime="20240314 14:25:02.058" endtime="20240314 14:25:02.058"/>
</branch>
<status status="PASS" starttime="20240314 14:25:02.017" endtime="20240314 14:25:02.058"/>
</if>
<status status="PASS" starttime="20240314 14:25:01.965" endtime="20240314 14:25:02.058"/>
</kw>
<kw name="Sleep" library="BuiltIn">
<arg>1s</arg>
<doc>Pauses the test executed for the given time.</doc>
<msg timestamp="20240314 14:25:03.059" level="INFO">Slept 1 second</msg>
<status status="PASS" starttime="20240314 14:25:02.059" endtime="20240314 14:25:03.059"/>
</kw>
<status status="PASS" starttime="20240314 14:25:01.965" endtime="20240314 14:25:03.059"/>
</kw>
<kw name="Click on Right Page Button" library="EEGPage">
<kw name="Wait And Click Element" library="Base">
<arg>//button[@title="Page Right"]</arg>
<kw name="Wait Until Element Is Visible" library="SeleniumLibrary">
<arg>${LOCATOR}</arg>
<arg>timeout=${Wait_Time}</arg>
<arg>error=${Timeout_Message}</arg>
<doc>Waits until the element ``locator`` is visible.</doc>
<status status="PASS" starttime="20240314 14:25:03.061" endtime="20240314 14:25:03.159"/>
</kw>
<kw name="Run Keyword And Return Status" library="BuiltIn">
<var>${element_enabled}</var>
<arg>Element Should Be Enabled</arg>
<arg>${LOCATOR}</arg>
<doc>Runs the given keyword with given arguments and returns the status as a Boolean value.</doc>
<kw name="Element Should Be Enabled" library="SeleniumLibrary">
<arg>${LOCATOR}</arg>
<doc>Verifies that element identified by ``locator`` is enabled.</doc>
<status status="PASS" starttime="20240314 14:25:03.160" endtime="20240314 14:25:03.181"/>
</kw>
<msg timestamp="20240314 14:25:03.181" level="INFO">${element_enabled} = True</msg>
<status status="PASS" starttime="20240314 14:25:03.159" endtime="20240314 14:25:03.181"/>
</kw>
<if>
<branch type="IF" condition="$element_enabled">
<kw name="Click Element" library="SeleniumLibrary">
<arg>${LOCATOR}</arg>
<doc>Click the element identified by ``locator``.</doc>
<msg timestamp="20240314 14:25:03.182" level="INFO">Clicking element '//button[@title="Page Right"]'.</msg>
<status status="PASS" starttime="20240314 14:25:03.182" endtime="20240314 14:25:03.216"/>
</kw>
<status status="PASS" starttime="20240314 14:25:03.182" endtime="20240314 14:25:03.216"/>
</branch>
<branch type="ELSE">
<kw name="Log" library="BuiltIn">
<arg>Element is not enabled, ${LOCATOR}, ${Wait_Time}, ${Timeout_Message}</arg>
<doc>Logs the given message with the given level.</doc>
<status status="NOT RUN" starttime="20240314 14:25:03.217" endtime="20240314 14:25:03.217"/>
</kw>
<status status="NOT RUN" starttime="20240314 14:25:03.216" endtime="20240314 14:25:03.217"/>
</branch>
<status status="PASS" starttime="20240314 14:25:03.182" endtime="20240314 14:25:03.217"/>
</if>
<status status="PASS" starttime="20240314 14:25:03.059" endtime="20240314 14:25:03.217"/>
</kw>
<kw name="Sleep" library="BuiltIn">
<arg>1s</arg>
<doc>Pauses the test executed for the given time.</doc>
<msg timestamp="20240314 14:25:04.217" level="INFO">Slept 1 second</msg>
<status status="PASS" starttime="20240314 14:25:03.217" endtime="20240314 14:25:04.217"/>
</kw>
<status status="PASS" starttime="20240314 14:25:03.059" endtime="20240314 14:25:04.217"/>
</kw>
<kw name="Click on Play EEG" library="EEGPage">
<kw name="Click Element" library="SeleniumLibrary">
<arg>${Play_Button}</arg>
<doc>Click the element identified by ``locator``.</doc>
<msg timestamp="20240314 14:25:04.219" level="INFO">Clicking element 'css=body button[title='Start Playing']'.</msg>
<status status="PASS" starttime="20240314 14:25:04.218" endtime="20240314 14:25:04.276"/>
</kw>
<kw name="Sleep" library="BuiltIn">
<arg>3s</arg>
<doc>Pauses the test executed for the given time.</doc>
<msg timestamp="20240314 14:25:07.276" level="INFO">Slept 3 seconds</msg>
<status status="PASS" starttime="20240314 14:25:04.276" endtime="20240314 14:25:07.276"/>
</kw>
<status status="PASS" starttime="20240314 14:25:04.217" endtime="20240314 14:25:07.276"/>
</kw>
<kw name="Sleep" library="BuiltIn">
<arg>15s</arg>
<doc>Pauses the test executed for the given time.</doc>
<msg timestamp="20240314 14:25:22.277" level="INFO">Slept 15 seconds</msg>
<status status="PASS" starttime="20240314 14:25:07.277" endtime="20240314 14:25:22.277"/>
</kw>
<kw name="Navigate to Trends Page From EEG Page" library="PMCApp">
<kw name="Click on &quot;Trends&quot; link" library="EEGPage">
<kw name="Click Element" library="SeleniumLibrary">
<arg>${Trends_Link}</arg>
<doc>Click the element identified by ``locator``.</doc>
<msg timestamp="20240314 14:25:22.278" level="INFO">Clicking element 'xpath=//span[text()='Trends']'.</msg>
<status status="PASS" starttime="20240314 14:25:22.278" endtime="20240314 14:25:22.420"/>
</kw>
<status status="PASS" starttime="20240314 14:25:22.277" endtime="20240314 14:25:22.420"/>
</kw>
<kw name="Verify Trends Page Loads Successfully" library="TrendsPage">
<kw name="Wait Until Page Contains Element" library="SeleniumLibrary">
<arg>css=${Trends_View}</arg>
<doc>Waits until the element ``locator`` appears on the current page.</doc>
<status status="PASS" starttime="20240314 14:25:22.421" endtime="20240314 14:25:27.369"/>
</kw>
<kw name="Wait Until Page Contains Element" library="SeleniumLibrary">
<arg>${Trends_Image}</arg>
<doc>Waits until the element ``locator`` appears on the current page.</doc>
<status status="PASS" starttime="20240314 14:25:27.369" endtime="20240314 14:25:27.385"/>
</kw>
<kw name="Wait Until Page Does Not Contain Element" library="SeleniumLibrary">
<arg>${Circle_Spinner}</arg>
<doc>Waits until the element ``locator`` disappears from the current page.</doc>
<status status="PASS" starttime="20240314 14:25:27.385" endtime="20240314 14:25:27.408"/>
</kw>
<kw name="Wait Until Page Does Not Contain Element" library="SeleniumLibrary">
<arg>${second_spinner}</arg>
<doc>Waits until the element ``locator`` disappears from the current page.</doc>
<status status="PASS" starttime="20240314 14:25:27.409" endtime="20240314 14:25:31.283"/>
</kw>
<kw name="Wait Until Element Is Visible" library="SeleniumLibrary">
<arg>${Trends_Canvas}</arg>
<doc>Waits until the element ``locator`` is visible.</doc>
<status status="PASS" starttime="20240314 14:25:31.283" endtime="20240314 14:25:31.307"/>
</kw>
<kw name="Sleep" library="BuiltIn">
<arg>1s</arg>
<doc>Pauses the test executed for the given time.</doc>
<msg timestamp="20240314 14:25:32.307" level="INFO">Slept 1 second</msg>
<status status="PASS" starttime="20240314 14:25:31.307" endtime="20240314 14:25:32.307"/>
</kw>
<status status="PASS" starttime="20240314 14:25:22.420" endtime="20240314 14:25:32.307"/>
</kw>
<status status="PASS" starttime="20240314 14:25:22.277" endtime="20240314 14:25:32.307"/>
</kw>
<kw name="Navigate to Patient View From Trends" library="PMCApp">
<kw name="Click on Record List On Trends Page" library="TrendsPage">
<kw name="Set Variable" library="BuiltIn">
<var>${Record_List_Button}</var>
<arg>xpath=//mdl-icon[text()='arrow_back_ios']/following-sibling::div</arg>
<doc>Returns the given values which can then be assigned to a variables.</doc>
<msg timestamp="20240314 14:25:32.308" level="INFO">${Record_List_Button} = xpath=//mdl-icon[text()='arrow_back_ios']/following-sibling::div</msg>
<status status="PASS" starttime="20240314 14:25:32.308" endtime="20240314 14:25:32.308"/>
</kw>
<kw name="Wait And Click Element" library="Base">
<arg>${Record_List_Button}</arg>
<kw name="Wait Until Element Is Visible" library="SeleniumLibrary">
<arg>${LOCATOR}</arg>
<arg>timeout=${Wait_Time}</arg>
<arg>error=${Timeout_Message}</arg>
<doc>Waits until the element ``locator`` is visible.</doc>
<status status="PASS" starttime="20240314 14:25:32.309" endtime="20240314 14:25:32.333"/>
</kw>
<kw name="Run Keyword And Return Status" library="BuiltIn">
<var>${element_enabled}</var>
<arg>Element Should Be Enabled</arg>
<arg>${LOCATOR}</arg>
<doc>Runs the given keyword with given arguments and returns the status as a Boolean value.</doc>
<kw name="Element Should Be Enabled" library="SeleniumLibrary">
<arg>${LOCATOR}</arg>
<doc>Verifies that element identified by ``locator`` is enabled.</doc>
<status status="PASS" starttime="20240314 14:25:32.333" endtime="20240314 14:25:32.354"/>
</kw>
<msg timestamp="20240314 14:25:32.354" level="INFO">${element_enabled} = True</msg>
<status status="PASS" starttime="20240314 14:25:32.333" endtime="20240314 14:25:32.354"/>
</kw>
<if>
<branch type="IF" condition="$element_enabled">
<kw name="Click Element" library="SeleniumLibrary">
<arg>${LOCATOR}</arg>
<doc>Click the element identified by ``locator``.</doc>
<msg timestamp="20240314 14:25:32.354" level="INFO">Clicking element 'xpath=//mdl-icon[text()='arrow_back_ios']/following-sibling::div'.</msg>
<status status="PASS" starttime="20240314 14:25:32.354" endtime="20240314 14:25:32.416"/>
</kw>
<status status="PASS" starttime="20240314 14:25:32.354" endtime="20240314 14:25:32.416"/>
</branch>
<branch type="ELSE">
<kw name="Log" library="BuiltIn">
<arg>Element is not enabled, ${LOCATOR}, ${Wait_Time}, ${Timeout_Message}</arg>
<doc>Logs the given message with the given level.</doc>
<status status="NOT RUN" starttime="20240314 14:25:32.416" endtime="20240314 14:25:32.416"/>
</kw>
<status status="NOT RUN" starttime="20240314 14:25:32.416" endtime="20240314 14:25:32.416"/>
</branch>
<status status="PASS" starttime="20240314 14:25:32.354" endtime="20240314 14:25:32.417"/>
</if>
<status status="PASS" starttime="20240314 14:25:32.308" endtime="20240314 14:25:32.417"/>
</kw>
<status status="PASS" starttime="20240314 14:25:32.308" endtime="20240314 14:25:32.417"/>
</kw>
<kw name="Verify Patient View Page Loaded" library="PatientView">
<kw name="Wait Until Page Contains" library="SeleniumLibrary">
<arg>Record List</arg>
<arg>40s</arg>
<doc>Waits until ``text`` appears on the current page.</doc>
<status status="PASS" starttime="20240314 14:25:32.417" endtime="20240314 14:25:32.429"/>
</kw>
<status status="PASS" starttime="20240314 14:25:32.417" endtime="20240314 14:25:32.429"/>
</kw>
<status status="PASS" starttime="20240314 14:25:32.308" endtime="20240314 14:25:32.429"/>
</kw>
<status status="PASS" starttime="20240314 14:24:56.675" endtime="20240314 14:25:32.429"/>
</iter>
<iter>
<var name="${index}">2</var>
<kw name="Log" library="BuiltIn">
<arg>Iteration: ${index + 1}</arg>
<doc>Logs the given message with the given level.</doc>
<msg timestamp="20240314 14:25:32.431" level="INFO">Iteration: 3</msg>
<status status="PASS" starttime="20240314 14:25:32.430" endtime="20240314 14:25:32.431"/>
</kw>
<kw name="Enter Patient Name In The Patient Name Textfield" library="PatientView">
<arg>${Record_Name}</arg>
<kw name="Input Text" library="SeleniumLibrary">
<arg>xpath=${Patient_Filter_Textfield}</arg>
<arg>${PATIENT_NAME}</arg>
<arg>clear=True</arg>
<doc>Types the given ``text`` into the text field identified by ``locator``.</doc>
<msg timestamp="20240314 14:25:32.434" level="INFO">Typing text 'A2_24-clip-sz' into text field 'xpath=//mdl-textfield[@label='Record Filter']/div/input'.</msg>
<status status="PASS" starttime="20240314 14:25:32.432" endtime="20240314 14:25:32.600"/>
</kw>
<status status="PASS" starttime="20240314 14:25:32.431" endtime="20240314 14:25:32.600"/>
</kw>
<kw name="Click On Record By Name" library="PatientView">
<arg>${Record_Name}</arg>
<kw name="Set Variable" library="BuiltIn">
<var>${Record_With_Name}</var>
<arg>//span[text()="${Patient_Name}"]</arg>
<doc>Returns the given values which can then be assigned to a variables.</doc>
<msg timestamp="20240314 14:25:32.601" level="INFO">${Record_With_Name} = //span[text()="A2_24-clip-sz"]</msg>
<status status="PASS" starttime="20240314 14:25:32.601" endtime="20240314 14:25:32.601"/>
</kw>
<kw name="Wait And Click Element" library="Base">
<arg>xpath=${Record_With_Name}</arg>
<kw name="Wait Until Element Is Visible" library="SeleniumLibrary">
<arg>${LOCATOR}</arg>
<arg>timeout=${Wait_Time}</arg>
<arg>error=${Timeout_Message}</arg>
<doc>Waits until the element ``locator`` is visible.</doc>
<status status="PASS" starttime="20240314 14:25:32.602" endtime="20240314 14:25:32.632"/>
</kw>
<kw name="Run Keyword And Return Status" library="BuiltIn">
<var>${element_enabled}</var>
<arg>Element Should Be Enabled</arg>
<arg>${LOCATOR}</arg>
<doc>Runs the given keyword with given arguments and returns the status as a Boolean value.</doc>
<kw name="Element Should Be Enabled" library="SeleniumLibrary">
<arg>${LOCATOR}</arg>
<doc>Verifies that element identified by ``locator`` is enabled.</doc>
<status status="PASS" starttime="20240314 14:25:32.633" endtime="20240314 14:25:32.660"/>
</kw>
<msg timestamp="20240314 14:25:32.660" level="INFO">${element_enabled} = True</msg>
<status status="PASS" starttime="20240314 14:25:32.633" endtime="20240314 14:25:32.660"/>
</kw>
<if>
<branch type="IF" condition="$element_enabled">
<kw name="Click Element" library="SeleniumLibrary">
<arg>${LOCATOR}</arg>
<doc>Click the element identified by ``locator``.</doc>
<msg timestamp="20240314 14:25:32.662" level="INFO">Clicking element 'xpath=//span[text()="A2_24-clip-sz"]'.</msg>
<status status="PASS" starttime="20240314 14:25:32.662" endtime="20240314 14:25:32.740"/>
</kw>
<status status="PASS" starttime="20240314 14:25:32.661" endtime="20240314 14:25:32.740"/>
</branch>
<branch type="ELSE">
<kw name="Log" library="BuiltIn">
<arg>Element is not enabled, ${LOCATOR}, ${Wait_Time}, ${Timeout_Message}</arg>
<doc>Logs the given message with the given level.</doc>
<status status="NOT RUN" starttime="20240314 14:25:32.741" endtime="20240314 14:25:32.741"/>
</kw>
<status status="NOT RUN" starttime="20240314 14:25:32.740" endtime="20240314 14:25:32.741"/>
</branch>
<status status="PASS" starttime="20240314 14:25:32.661" endtime="20240314 14:25:32.741"/>
</if>
<status status="PASS" starttime="20240314 14:25:32.602" endtime="20240314 14:25:32.741"/>
</kw>
<kw name="Sleep" library="BuiltIn">
<arg>3s</arg>
<doc>Pauses the test executed for the given time.</doc>
<msg timestamp="20240314 14:25:35.741" level="INFO">Slept 3 seconds</msg>
<status status="PASS" starttime="20240314 14:25:32.741" endtime="20240314 14:25:35.741"/>
</kw>
<status status="PASS" starttime="20240314 14:25:32.600" endtime="20240314 14:25:35.741"/>
</kw>
<kw name="Click on Patient Beginning of Record" library="PatientView">
<kw name="Wait Until Page Contains" library="SeleniumLibrary">
<arg>Beginning of Record</arg>
<doc>Waits until ``text`` appears on the current page.</doc>
<status status="PASS" starttime="20240314 14:25:35.742" endtime="20240314 14:25:35.764"/>
</kw>
<kw name="Wait Until Page Contains Element" library="SeleniumLibrary">
<arg>${Beginning_Of_Recording}</arg>
<doc>Waits until the element ``locator`` appears on the current page.</doc>
<status status="PASS" starttime="20240314 14:25:35.764" endtime="20240314 14:25:35.781"/>
</kw>
<kw name="Click Element" library="SeleniumLibrary">
<arg>${Beginning_Of_Recording}</arg>
<doc>Click the element identified by ``locator``.</doc>
<msg timestamp="20240314 14:25:35.782" level="INFO">Clicking element 'id=Beginning of Record'.</msg>
<status status="PASS" starttime="20240314 14:25:35.781" endtime="20240314 14:25:35.882"/>
</kw>
<status status="PASS" starttime="20240314 14:25:35.741" endtime="20240314 14:25:35.882"/>
</kw>
<kw name="Sleep" library="BuiltIn">
<arg>2s</arg>
<doc>Pauses the test executed for the given time.</doc>
<msg timestamp="20240314 14:25:37.883" level="INFO">Slept 2 seconds</msg>
<status status="PASS" starttime="20240314 14:25:35.883" endtime="20240314 14:25:37.883"/>
</kw>
<kw name="Click on Right Page Button" library="EEGPage">
<kw name="Wait And Click Element" library="Base">
<arg>//button[@title="Page Right"]</arg>
<kw name="Wait Until Element Is Visible" library="SeleniumLibrary">
<arg>${LOCATOR}</arg>
<arg>timeout=${Wait_Time}</arg>
<arg>error=${Timeout_Message}</arg>
<doc>Waits until the element ``locator`` is visible.</doc>
<status status="PASS" starttime="20240314 14:25:37.884" endtime="20240314 14:25:37.905"/>
</kw>
<kw name="Run Keyword And Return Status" library="BuiltIn">
<var>${element_enabled}</var>
<arg>Element Should Be Enabled</arg>
<arg>${LOCATOR}</arg>
<doc>Runs the given keyword with given arguments and returns the status as a Boolean value.</doc>
<kw name="Element Should Be Enabled" library="SeleniumLibrary">
<arg>${LOCATOR}</arg>
<doc>Verifies that element identified by ``locator`` is enabled.</doc>
<status status="PASS" starttime="20240314 14:25:37.905" endtime="20240314 14:25:37.928"/>
</kw>
<msg timestamp="20240314 14:25:37.928" level="INFO">${element_enabled} = True</msg>
<status status="PASS" starttime="20240314 14:25:37.905" endtime="20240314 14:25:37.928"/>
</kw>
<if>
<branch type="IF" condition="$element_enabled">
<kw name="Click Element" library="SeleniumLibrary">
<arg>${LOCATOR}</arg>
<doc>Click the element identified by ``locator``.</doc>
<msg timestamp="20240314 14:25:37.928" level="INFO">Clicking element '//button[@title="Page Right"]'.</msg>
<status status="PASS" starttime="20240314 14:25:37.928" endtime="20240314 14:25:37.973"/>
</kw>
<status status="PASS" starttime="20240314 14:25:37.928" endtime="20240314 14:25:37.973"/>
</branch>
<branch type="ELSE">
<kw name="Log" library="BuiltIn">
<arg>Element is not enabled, ${LOCATOR}, ${Wait_Time}, ${Timeout_Message}</arg>
<doc>Logs the given message with the given level.</doc>
<status status="NOT RUN" starttime="20240314 14:25:37.974" endtime="20240314 14:25:37.974"/>
</kw>
<status status="NOT RUN" starttime="20240314 14:25:37.973" endtime="20240314 14:25:37.974"/>
</branch>
<status status="PASS" starttime="20240314 14:25:37.928" endtime="20240314 14:25:37.974"/>
</if>
<status status="PASS" starttime="20240314 14:25:37.884" endtime="20240314 14:25:37.974"/>
</kw>
<kw name="Sleep" library="BuiltIn">
<arg>1s</arg>
<doc>Pauses the test executed for the given time.</doc>
<msg timestamp="20240314 14:25:38.975" level="INFO">Slept 1 second</msg>
<status status="PASS" starttime="20240314 14:25:37.975" endtime="20240314 14:25:38.975"/>
</kw>
<status status="PASS" starttime="20240314 14:25:37.883" endtime="20240314 14:25:38.975"/>
</kw>
<kw name="Click on Right Page Button" library="EEGPage">
<kw name="Wait And Click Element" library="Base">
<arg>//button[@title="Page Right"]</arg>
<kw name="Wait Until Element Is Visible" library="SeleniumLibrary">
<arg>${LOCATOR}</arg>
<arg>timeout=${Wait_Time}</arg>
<arg>error=${Timeout_Message}</arg>
<doc>Waits until the element ``locator`` is visible.</doc>
<status status="PASS" starttime="20240314 14:25:38.976" endtime="20240314 14:25:38.995"/>
</kw>
<kw name="Run Keyword And Return Status" library="BuiltIn">
<var>${element_enabled}</var>
<arg>Element Should Be Enabled</arg>
<arg>${LOCATOR}</arg>
<doc>Runs the given keyword with given arguments and returns the status as a Boolean value.</doc>
<kw name="Element Should Be Enabled" library="SeleniumLibrary">
<arg>${LOCATOR}</arg>
<doc>Verifies that element identified by ``locator`` is enabled.</doc>
<status status="PASS" starttime="20240314 14:25:38.996" endtime="20240314 14:25:39.025"/>
</kw>
<msg timestamp="20240314 14:25:39.025" level="INFO">${element_enabled} = True</msg>
<status status="PASS" starttime="20240314 14:25:38.996" endtime="20240314 14:25:39.025"/>
</kw>
<if>
<branch type="IF" condition="$element_enabled">
<kw name="Click Element" library="SeleniumLibrary">
<arg>${LOCATOR}</arg>
<doc>Click the element identified by ``locator``.</doc>
<msg timestamp="20240314 14:25:39.026" level="INFO">Clicking element '//button[@title="Page Right"]'.</msg>
<status status="PASS" starttime="20240314 14:25:39.026" endtime="20240314 14:25:39.067"/>
</kw>
<status status="PASS" starttime="20240314 14:25:39.025" endtime="20240314 14:25:39.067"/>
</branch>
<branch type="ELSE">
<kw name="Log" library="BuiltIn">
<arg>Element is not enabled, ${LOCATOR}, ${Wait_Time}, ${Timeout_Message}</arg>
<doc>Logs the given message with the given level.</doc>
<status status="NOT RUN" starttime="20240314 14:25:39.067" endtime="20240314 14:25:39.067"/>
</kw>
<status status="NOT RUN" starttime="20240314 14:25:39.067" endtime="20240314 14:25:39.068"/>
</branch>
<status status="PASS" starttime="20240314 14:25:39.025" endtime="20240314 14:25:39.068"/>
</if>
<status status="PASS" starttime="20240314 14:25:38.976" endtime="20240314 14:25:39.068"/>
</kw>
<kw name="Sleep" library="BuiltIn">
<arg>1s</arg>
<doc>Pauses the test executed for the given time.</doc>
<msg timestamp="20240314 14:25:40.068" level="INFO">Slept 1 second</msg>
<status status="PASS" starttime="20240314 14:25:39.068" endtime="20240314 14:25:40.068"/>
</kw>
<status status="PASS" starttime="20240314 14:25:38.975" endtime="20240314 14:25:40.068"/>
</kw>
<kw name="Click on Play EEG" library="EEGPage">
<kw name="Click Element" library="SeleniumLibrary">
<arg>${Play_Button}</arg>
<doc>Click the element identified by ``locator``.</doc>
<msg timestamp="20240314 14:25:40.070" level="INFO">Clicking element 'css=body button[title='Start Playing']'.</msg>
<status status="PASS" starttime="20240314 14:25:40.069" endtime="20240314 14:25:40.166"/>
</kw>
<kw name="Sleep" library="BuiltIn">
<arg>3s</arg>
<doc>Pauses the test executed for the given time.</doc>
<msg timestamp="20240314 14:25:43.166" level="INFO">Slept 3 seconds</msg>
<status status="PASS" starttime="20240314 14:25:40.166" endtime="20240314 14:25:43.166"/>
</kw>
<status status="PASS" starttime="20240314 14:25:40.068" endtime="20240314 14:25:43.166"/>
</kw>
<kw name="Sleep" library="BuiltIn">
<arg>15s</arg>
<doc>Pauses the test executed for the given time.</doc>
<msg timestamp="20240314 14:25:58.167" level="INFO">Slept 15 seconds</msg>
<status status="PASS" starttime="20240314 14:25:43.166" endtime="20240314 14:25:58.167"/>
</kw>
<kw name="Navigate to Trends Page From EEG Page" library="PMCApp">
<kw name="Click on &quot;Trends&quot; link" library="EEGPage">
<kw name="Click Element" library="SeleniumLibrary">
<arg>${Trends_Link}</arg>
<doc>Click the element identified by ``locator``.</doc>
<msg timestamp="20240314 14:25:58.290" level="INFO">Clicking element 'xpath=//span[text()='Trends']'.</msg>
<status status="PASS" starttime="20240314 14:25:58.290" endtime="20240314 14:25:58.374"/>
</kw>
<status status="PASS" starttime="20240314 14:25:58.290" endtime="20240314 14:25:58.374"/>
</kw>
<kw name="Verify Trends Page Loads Successfully" library="TrendsPage">
<kw name="Wait Until Page Contains Element" library="SeleniumLibrary">
<arg>css=${Trends_View}</arg>
<doc>Waits until the element ``locator`` appears on the current page.</doc>
<status status="PASS" starttime="20240314 14:25:58.375" endtime="20240314 14:26:00.262"/>
</kw>
<kw name="Wait Until Page Contains Element" library="SeleniumLibrary">
<arg>${Trends_Image}</arg>
<doc>Waits until the element ``locator`` appears on the current page.</doc>
<status status="PASS" starttime="20240314 14:26:00.262" endtime="20240314 14:26:00.273"/>
</kw>
<kw name="Wait Until Page Does Not Contain Element" library="SeleniumLibrary">
<arg>${Circle_Spinner}</arg>
<doc>Waits until the element ``locator`` disappears from the current page.</doc>
<status status="PASS" starttime="20240314 14:26:00.273" endtime="20240314 14:26:00.281"/>
</kw>
<kw name="Wait Until Page Does Not Contain Element" library="SeleniumLibrary">
<arg>${second_spinner}</arg>
<doc>Waits until the element ``locator`` disappears from the current page.</doc>
<status status="PASS" starttime="20240314 14:26:00.281" endtime="20240314 14:26:03.207"/>
</kw>
<kw name="Wait Until Element Is Visible" library="SeleniumLibrary">
<arg>${Trends_Canvas}</arg>
<doc>Waits until the element ``locator`` is visible.</doc>
<status status="PASS" starttime="20240314 14:26:03.207" endtime="20240314 14:26:03.224"/>
</kw>
<kw name="Sleep" library="BuiltIn">
<arg>1s</arg>
<doc>Pauses the test executed for the given time.</doc>
<msg timestamp="20240314 14:26:04.224" level="INFO">Slept 1 second</msg>
<status status="PASS" starttime="20240314 14:26:03.224" endtime="20240314 14:26:04.224"/>
</kw>
<status status="PASS" starttime="20240314 14:25:58.374" endtime="20240314 14:26:04.224"/>
</kw>
<status status="PASS" starttime="20240314 14:25:58.167" endtime="20240314 14:26:04.224"/>
</kw>
<kw name="Navigate to Patient View From Trends" library="PMCApp">
<kw name="Click on Record List On Trends Page" library="TrendsPage">
<kw name="Set Variable" library="BuiltIn">
<var>${Record_List_Button}</var>
<arg>xpath=//mdl-icon[text()='arrow_back_ios']/following-sibling::div</arg>
<doc>Returns the given values which can then be assigned to a variables.</doc>
<msg timestamp="20240314 14:26:04.224" level="INFO">${Record_List_Button} = xpath=//mdl-icon[text()='arrow_back_ios']/following-sibling::div</msg>
<status status="PASS" starttime="20240314 14:26:04.224" endtime="20240314 14:26:04.224"/>
</kw>
<kw name="Wait And Click Element" library="Base">
<arg>${Record_List_Button}</arg>
<kw name="Wait Until Element Is Visible" library="SeleniumLibrary">
<arg>${LOCATOR}</arg>
<arg>timeout=${Wait_Time}</arg>
<arg>error=${Timeout_Message}</arg>
<doc>Waits until the element ``locator`` is visible.</doc>
<status status="PASS" starttime="20240314 14:26:04.226" endtime="20240314 14:26:04.243"/>
</kw>
<kw name="Run Keyword And Return Status" library="BuiltIn">
<var>${element_enabled}</var>
<arg>Element Should Be Enabled</arg>
<arg>${LOCATOR}</arg>
<doc>Runs the given keyword with given arguments and returns the status as a Boolean value.</doc>
<kw name="Element Should Be Enabled" library="SeleniumLibrary">
<arg>${LOCATOR}</arg>
<doc>Verifies that element identified by ``locator`` is enabled.</doc>
<status status="PASS" starttime="20240314 14:26:04.244" endtime="20240314 14:26:04.263"/>
</kw>
<msg timestamp="20240314 14:26:04.263" level="INFO">${element_enabled} = True</msg>
<status status="PASS" starttime="20240314 14:26:04.243" endtime="20240314 14:26:04.263"/>
</kw>
<if>
<branch type="IF" condition="$element_enabled">
<kw name="Click Element" library="SeleniumLibrary">
<arg>${LOCATOR}</arg>
<doc>Click the element identified by ``locator``.</doc>
<msg timestamp="20240314 14:26:04.263" level="INFO">Clicking element 'xpath=//mdl-icon[text()='arrow_back_ios']/following-sibling::div'.</msg>
<status status="PASS" starttime="20240314 14:26:04.263" endtime="20240314 14:26:04.307"/>
</kw>
<status status="PASS" starttime="20240314 14:26:04.263" endtime="20240314 14:26:04.307"/>
</branch>
<branch type="ELSE">
<kw name="Log" library="BuiltIn">
<arg>Element is not enabled, ${LOCATOR}, ${Wait_Time}, ${Timeout_Message}</arg>
<doc>Logs the given message with the given level.</doc>
<status status="NOT RUN" starttime="20240314 14:26:04.308" endtime="20240314 14:26:04.308"/>
</kw>
<status status="NOT RUN" starttime="20240314 14:26:04.307" endtime="20240314 14:26:04.308"/>
</branch>
<status status="PASS" starttime="20240314 14:26:04.263" endtime="20240314 14:26:04.308"/>
</if>
<status status="PASS" starttime="20240314 14:26:04.224" endtime="20240314 14:26:04.308"/>
</kw>
<status status="PASS" starttime="20240314 14:26:04.224" endtime="20240314 14:26:04.308"/>
</kw>
<kw name="Verify Patient View Page Loaded" library="PatientView">
<kw name="Wait Until Page Contains" library="SeleniumLibrary">
<arg>Record List</arg>
<arg>40s</arg>
<doc>Waits until ``text`` appears on the current page.</doc>
<status status="PASS" starttime="20240314 14:26:04.309" endtime="20240314 14:26:04.315"/>
</kw>
<status status="PASS" starttime="20240314 14:26:04.308" endtime="20240314 14:26:04.315"/>
</kw>
<status status="PASS" starttime="20240314 14:26:04.224" endtime="20240314 14:26:04.315"/>
</kw>
<status status="PASS" starttime="20240314 14:25:32.429" endtime="20240314 14:26:04.319"/>
</iter>
<status status="PASS" starttime="20240314 14:24:24.958" endtime="20240314 14:26:04.319"/>
</for>
<kw name="Logging Out From PMC" library="PMCApp">
<kw name="Logging out" library="Settings">
<kw name="Click On Settings Button" library="Settings">
<kw name="Get Location" library="SeleniumLibrary">
<var>${current_url}</var>
<doc>Returns the current browser window URL.</doc>
<msg timestamp="20240314 14:26:04.326" level="INFO">${current_url} = https://pmc.persyst.com/record-views</msg>
<status status="PASS" starttime="20240314 14:26:04.319" endtime="20240314 14:26:04.326"/>
</kw>
<if>
<branch type="IF" condition="$current_url == $Setting_Page_URL">
<kw name="No Operation" library="BuiltIn">
<doc>Does absolutely nothing.</doc>
<status status="NOT RUN" starttime="20240314 14:26:04.326" endtime="20240314 14:26:04.326"/>
</kw>
<status status="NOT RUN" starttime="20240314 14:26:04.326" endtime="20240314 14:26:04.326"/>
</branch>
<branch type="ELSE">
<kw name="Wait Until Page Contains Element" library="SeleniumLibrary">
<arg>${Setting_Button_Locator}</arg>
<doc>Waits until the element ``locator`` appears on the current page.</doc>
<status status="PASS" starttime="20240314 14:26:04.326" endtime="20240314 14:26:04.337"/>
</kw>
<kw name="Wait And Click Element" library="Base">
<arg>${Setting_Button_Locator}</arg>
<kw name="Wait Until Element Is Visible" library="SeleniumLibrary">
<arg>${LOCATOR}</arg>
<arg>timeout=${Wait_Time}</arg>
<arg>error=${Timeout_Message}</arg>
<doc>Waits until the element ``locator`` is visible.</doc>
<status status="PASS" starttime="20240314 14:26:04.339" endtime="20240314 14:26:04.350"/>
</kw>
<kw name="Run Keyword And Return Status" library="BuiltIn">
<var>${element_enabled}</var>
<arg>Element Should Be Enabled</arg>
<arg>${LOCATOR}</arg>
<doc>Runs the given keyword with given arguments and returns the status as a Boolean value.</doc>
<kw name="Element Should Be Enabled" library="SeleniumLibrary">
<arg>${LOCATOR}</arg>
<doc>Verifies that element identified by ``locator`` is enabled.</doc>
<status status="PASS" starttime="20240314 14:26:04.350" endtime="20240314 14:26:04.375"/>
</kw>
<msg timestamp="20240314 14:26:04.375" level="INFO">${element_enabled} = True</msg>
<status status="PASS" starttime="20240314 14:26:04.350" endtime="20240314 14:26:04.375"/>
</kw>
<if>
<branch type="IF" condition="$element_enabled">
<kw name="Click Element" library="SeleniumLibrary">
<arg>${LOCATOR}</arg>
<doc>Click the element identified by ``locator``.</doc>
<msg timestamp="20240314 14:26:04.375" level="INFO">Clicking element 'css=button[title="Settings"]'.</msg>
<status status="PASS" starttime="20240314 14:26:04.375" endtime="20240314 14:26:04.464"/>
</kw>
<status status="PASS" starttime="20240314 14:26:04.375" endtime="20240314 14:26:04.464"/>
</branch>
<branch type="ELSE">
<kw name="Log" library="BuiltIn">
<arg>Element is not enabled, ${LOCATOR}, ${Wait_Time}, ${Timeout_Message}</arg>
<doc>Logs the given message with the given level.</doc>
<status status="NOT RUN" starttime="20240314 14:26:04.464" endtime="20240314 14:26:04.464"/>
</kw>
<status status="NOT RUN" starttime="20240314 14:26:04.464" endtime="20240314 14:26:04.464"/>
</branch>
<status status="PASS" starttime="20240314 14:26:04.375" endtime="20240314 14:26:04.464"/>
</if>
<status status="PASS" starttime="20240314 14:26:04.337" endtime="20240314 14:26:04.470"/>
</kw>
<kw name="Verify &quot;Setting&quot; page loaded" library="Settings">
<kw name="Wait Until Page Contains Element" library="SeleniumLibrary">
<arg>${Setting_Page_Last_Element}</arg>
<doc>Waits until the element ``locator`` appears on the current page.</doc>
<status status="PASS" starttime="20240314 14:26:04.471" endtime="20240314 14:26:04.493"/>
</kw>
<status status="PASS" starttime="20240314 14:26:04.470" endtime="20240314 14:26:04.493"/>
</kw>
<status status="PASS" starttime="20240314 14:26:04.326" endtime="20240314 14:26:04.493"/>
</branch>
<status status="PASS" starttime="20240314 14:26:04.326" endtime="20240314 14:26:04.493"/>
</if>
<status status="PASS" starttime="20240314 14:26:04.319" endtime="20240314 14:26:04.493"/>
</kw>
<kw name="Verify &quot;Setting&quot; page loaded" library="Settings">
<kw name="Wait Until Page Contains Element" library="SeleniumLibrary">
<arg>${Setting_Page_Last_Element}</arg>
<doc>Waits until the element ``locator`` appears on the current page.</doc>
<status status="PASS" starttime="20240314 14:26:04.493" endtime="20240314 14:26:04.501"/>
</kw>
<status status="PASS" starttime="20240314 14:26:04.493" endtime="20240314 14:26:04.502"/>
</kw>
<kw name="Click On &quot;Logout&quot;" library="Settings">
<kw name="Wait Until Page Contains Element" library="SeleniumLibrary">
<arg>${Logout_Button_Locator}</arg>
<doc>Waits until the element ``locator`` appears on the current page.</doc>
<status status="PASS" starttime="20240314 14:26:04.502" endtime="20240314 14:26:04.527"/>
</kw>
<kw name="Wait And Click Element" library="Base">
<arg>${Logout_Button_Locator}</arg>
<kw name="Wait Until Element Is Visible" library="SeleniumLibrary">
<arg>${LOCATOR}</arg>
<arg>timeout=${Wait_Time}</arg>
<arg>error=${Timeout_Message}</arg>
<doc>Waits until the element ``locator`` is visible.</doc>
<status status="PASS" starttime="20240314 14:26:04.528" endtime="20240314 14:26:04.553"/>
</kw>
<kw name="Run Keyword And Return Status" library="BuiltIn">
<var>${element_enabled}</var>
<arg>Element Should Be Enabled</arg>
<arg>${LOCATOR}</arg>
<doc>Runs the given keyword with given arguments and returns the status as a Boolean value.</doc>
<kw name="Element Should Be Enabled" library="SeleniumLibrary">
<arg>${LOCATOR}</arg>
<doc>Verifies that element identified by ``locator`` is enabled.</doc>
<status status="PASS" starttime="20240314 14:26:04.554" endtime="20240314 14:26:04.614"/>
</kw>
<msg timestamp="20240314 14:26:04.614" level="INFO">${element_enabled} = True</msg>
<status status="PASS" starttime="20240314 14:26:04.553" endtime="20240314 14:26:04.614"/>
</kw>
<if>
<branch type="IF" condition="$element_enabled">
<kw name="Click Element" library="SeleniumLibrary">
<arg>${LOCATOR}</arg>
<doc>Click the element identified by ``locator``.</doc>
<msg timestamp="20240314 14:26:04.616" level="INFO">Clicking element 'xpath=//div[text()=' Logout ']'.</msg>
<status status="PASS" starttime="20240314 14:26:04.616" endtime="20240314 14:26:04.717"/>
</kw>
<status status="PASS" starttime="20240314 14:26:04.615" endtime="20240314 14:26:04.717"/>
</branch>
<branch type="ELSE">
<kw name="Log" library="BuiltIn">
<arg>Element is not enabled, ${LOCATOR}, ${Wait_Time}, ${Timeout_Message}</arg>
<doc>Logs the given message with the given level.</doc>
<status status="NOT RUN" starttime="20240314 14:26:04.718" endtime="20240314 14:26:04.718"/>
</kw>
<status status="NOT RUN" starttime="20240314 14:26:04.717" endtime="20240314 14:26:04.718"/>
</branch>
<status status="PASS" starttime="20240314 14:26:04.615" endtime="20240314 14:26:04.718"/>
</if>
<status status="PASS" starttime="20240314 14:26:04.527" endtime="20240314 14:26:04.718"/>
</kw>
<kw name="Sleep" library="BuiltIn">
<arg>3s</arg>
<doc>Pauses the test executed for the given time.</doc>
<msg timestamp="20240314 14:26:07.719" level="INFO">Slept 3 seconds</msg>
<status status="PASS" starttime="20240314 14:26:04.718" endtime="20240314 14:26:07.719"/>
</kw>
<status status="PASS" starttime="20240314 14:26:04.502" endtime="20240314 14:26:07.719"/>
</kw>
<kw name="Verify User Successfully Logged Out" library="Settings">
<kw name="Wait Until Page Contains" library="SeleniumLibrary">
<arg>Welcome To Persyst Mobile</arg>
<doc>Waits until ``text`` appears on the current page.</doc>
<status status="PASS" starttime="20240314 14:26:07.719" endtime="20240314 14:26:07.737"/>
</kw>
<status status="PASS" starttime="20240314 14:26:07.719" endtime="20240314 14:26:07.737"/>
</kw>
<status status="PASS" starttime="20240314 14:26:04.319" endtime="20240314 14:26:07.737"/>
</kw>
<status status="PASS" starttime="20240314 14:26:04.319" endtime="20240314 14:26:07.737"/>
</kw>
<kw name="End Web Suit" library="Common" type="TEARDOWN">
<kw name="Close Browser" library="SeleniumLibrary">
<doc>Closes the current browser.</doc>
<status status="PASS" starttime="20240314 14:26:07.737" endtime="20240314 14:26:10.079"/>
</kw>
<status status="PASS" starttime="20240314 14:26:07.737" endtime="20240314 14:26:10.079"/>
</kw>
<doc>Login is happening in this test with incorrect credentials</doc>
<tag>Login</tag>
<status status="PASS" starttime="20240314 14:24:15.120" endtime="20240314 14:26:10.079"/>
</test>
<doc>This test is going to test persyst login</doc>
<status status="PASS" starttime="20240314 14:24:14.140" endtime="20240314 14:26:10.080"/>
</suite>
<status status="PASS" starttime="20240314 14:24:14.124" endtime="20240314 14:26:10.082"/>
</suite>
<statistics>
<total>
<stat pass="1" fail="0" skip="0">All Tests</stat>
</total>
<tag>
<stat pass="1" fail="0" skip="0">Login</stat>
</tag>
<suite>
<stat pass="1" fail="0" skip="0" id="s1" name="PMC-AES">PMC-AES</stat>
<stat pass="1" fail="0" skip="0" id="s1-s1" name="SmokeTest13">PMC-AES.SmokeTest13</stat>
</suite>
</statistics>
<errors>
</errors>
</robot>
