<?xml version="1.0" encoding="UTF-8"?>
<robot generator="Robot 6.1.1 (Python 3.12.0 on win32)" generated="20240314 14:24:14.067" rpa="false" schemaversion="4">
<suite id="s1" name="PMC-AES" source="C:\Users\mojgan.dadashi\PycharmProjects\PersystRobotAutomation\Tests\PMC\PMC-AES">
<suite id="s1-s1" name="SmokeTest2" source="C:\Users\mojgan.dadashi\PycharmProjects\PersystRobotAutomation\Tests\PMC\PMC-AES\SmokeTest2.robot">
<test id="s1-s1-t1" name="User should be able to login with valid credentials" line="15">
<kw name="Begin Web Suit With No Login" library="Common" type="SETUP">
<kw name="Set Selenium Timeout" library="SeleniumLibrary">
<arg>15s</arg>
<doc>Sets the timeout that is used by various keywords.</doc>
<status status="PASS" starttime="20240314 14:24:14.977" endtime="20240314 14:24:14.977"/>
</kw>
<kw name="Set Reference Folder" library="ImageHorizonLibrary">
<arg>${COMPARISON_IMAGES_PATH}</arg>
<doc>Sets where all reference images are stored.</doc>
<status status="PASS" starttime="20240314 14:24:14.979" endtime="20240314 14:24:14.979"/>
</kw>
<kw name="Open Browser" library="SeleniumLibrary">
<arg>sbout:blank</arg>
<arg>${Browser}[0]</arg>
<doc>Opens a new browser instance to the optional ``url``.</doc>
<msg timestamp="20240314 14:24:14.980" level="INFO">Opening browser 'chrome' to base url 'sbout:blank'.</msg>
<status status="PASS" starttime="20240314 14:24:14.979" endtime="20240314 14:24:20.042"/>
</kw>
<kw name="Set Window Size" library="SeleniumLibrary">
<arg>1552</arg>
<arg>928</arg>
<doc>Sets current windows size to given ``width`` and ``height``.</doc>
<status status="PASS" starttime="20240314 14:24:20.042" endtime="20240314 14:24:20.216"/>
</kw>
<status status="PASS" starttime="20240314 14:24:14.977" endtime="20240314 14:24:20.216"/>
</kw>
<kw name="Navigate To Login Page" library="LoginPage">
<arg>${PMC_Prod_URL}</arg>
<kw name="Get Location" library="SeleniumLibrary">
<var>${current_url}</var>
<doc>Returns the current browser window URL.</doc>
<msg timestamp="20240314 14:24:20.235" level="INFO">${current_url} = data:,</msg>
<status status="PASS" starttime="20240314 14:24:20.217" endtime="20240314 14:24:20.235"/>
</kw>
<if>
<branch type="IF" condition="$current_url == $URL">
<kw name="No Operation" library="BuiltIn">
<doc>Does absolutely nothing.</doc>
<status status="NOT RUN" starttime="20240314 14:24:20.236" endtime="20240314 14:24:20.236"/>
</kw>
<status status="NOT RUN" starttime="20240314 14:24:20.236" endtime="20240314 14:24:20.237"/>
</branch>
<branch type="ELSE">
<kw name="Go To" library="SeleniumLibrary">
<arg>${URL}</arg>
<doc>Navigates the current browser window to the provided ``url``.</doc>
<msg timestamp="20240314 14:24:20.238" level="INFO">Opening url 'https://pmc.persyst.com/login'</msg>
<status status="PASS" starttime="20240314 14:24:20.238" endtime="20240314 14:24:23.843"/>
</kw>
<status status="PASS" starttime="20240314 14:24:20.237" endtime="20240314 14:24:23.845"/>
</branch>
<status status="PASS" starttime="20240314 14:24:20.236" endtime="20240314 14:24:23.845"/>
</if>
<status status="PASS" starttime="20240314 14:24:20.217" endtime="20240314 14:24:23.845"/>
</kw>
<kw name="Login Into PMC With Valid Credentials" library="PMCApp">
<arg>${CORRECT_USERNAME}</arg>
<arg>${CORRECT_PASSWORD}</arg>
<kw name="Login With Valid Credentials" library="LoginPage">
<arg>${USERNAME}</arg>
<arg>${PASSWORD}</arg>
<kw name="Fill &quot;Username&quot; field" library="LoginPage">
<arg>${USERNAME}</arg>
<kw name="Input Text" library="SeleniumLibrary">
<arg>${USER_NAME_LOCATOR}</arg>
<arg>${Username}</arg>
<doc>Types the given ``text`` into the text field identified by ``locator``.</doc>
<msg timestamp="20240314 14:24:23.848" level="INFO">Typing text 'astonstudent2@persyst.com' into text field 'name=username'.</msg>
<status status="PASS" starttime="20240314 14:24:23.847" endtime="20240314 14:24:24.115"/>
</kw>
<status status="PASS" starttime="20240314 14:24:23.847" endtime="20240314 14:24:24.115"/>
</kw>
<kw name="Fill &quot;Password&quot; Field" library="LoginPage">
<arg>${PASSWORD}</arg>
<kw name="Input Text" library="SeleniumLibrary">
<arg>${PASSWORD_LOCATOR}</arg>
<arg>${Password}</arg>
<doc>Types the given ``text`` into the text field identified by ``locator``.</doc>
<msg timestamp="20240314 14:24:24.117" level="INFO">Typing text 'AstonUni2024!' into text field 'name=password'.</msg>
<status status="PASS" starttime="20240314 14:24:24.116" endtime="20240314 14:24:24.318"/>
</kw>
<status status="PASS" starttime="20240314 14:24:24.116" endtime="20240314 14:24:24.319"/>
</kw>
<kw name="Click Login Button" library="LoginPage">
<kw name="Click Button" library="SeleniumLibrary">
<arg>Sign in</arg>
<doc>Clicks the button identified by ``locator``.</doc>
<msg timestamp="20240314 14:24:24.321" level="INFO">Clicking button 'Sign in'.</msg>
<status status="PASS" starttime="20240314 14:24:24.320" endtime="20240314 14:24:24.673"/>
</kw>
<kw name="Sleep" library="BuiltIn">
<arg>3s</arg>
<doc>Pauses the test executed for the given time.</doc>
<msg timestamp="20240314 14:24:27.675" level="INFO">Slept 3 seconds</msg>
<status status="PASS" starttime="20240314 14:24:24.673" endtime="20240314 14:24:27.676"/>
</kw>
<status status="PASS" starttime="20240314 14:24:24.319" endtime="20240314 14:24:27.676"/>
</kw>
<status status="PASS" starttime="20240314 14:24:23.845" endtime="20240314 14:24:27.676"/>
</kw>
<kw name="Verify Patient View Page Loaded" library="PatientView">
<kw name="Wait Until Page Contains" library="SeleniumLibrary">
<arg>Record List</arg>
<arg>40s</arg>
<doc>Waits until ``text`` appears on the current page.</doc>
<status status="PASS" starttime="20240314 14:24:27.676" endtime="20240314 14:24:27.696"/>
</kw>
<status status="PASS" starttime="20240314 14:24:27.676" endtime="20240314 14:24:27.697"/>
</kw>
<status status="PASS" starttime="20240314 14:24:23.845" endtime="20240314 14:24:27.697"/>
</kw>
<for flavor="IN RANGE">
<var>${index}</var>
<value>3</value>
<iter>
<var name="${index}">0</var>
<kw name="Log" library="BuiltIn">
<arg>Iteration: ${index + 1}</arg>
<doc>Logs the given message with the given level.</doc>
<msg timestamp="20240314 14:24:27.700" level="INFO">Iteration: 1</msg>
<status status="PASS" starttime="20240314 14:24:27.698" endtime="20240314 14:24:27.700"/>
</kw>
<kw name="Enter Patient Name In The Patient Name Textfield" library="PatientView">
<arg>${Record_Name}</arg>
<kw name="Input Text" library="SeleniumLibrary">
<arg>xpath=${Patient_Filter_Textfield}</arg>
<arg>${PATIENT_NAME}</arg>
<arg>clear=True</arg>
<doc>Types the given ``text`` into the text field identified by ``locator``.</doc>
<msg timestamp="20240314 14:24:27.702" level="INFO">Typing text 'A2_24-clip-sz' into text field 'xpath=//mdl-textfield[@label='Record Filter']/div/input'.</msg>
<status status="PASS" starttime="20240314 14:24:27.701" endtime="20240314 14:24:27.943"/>
</kw>
<status status="PASS" starttime="20240314 14:24:27.700" endtime="20240314 14:24:27.943"/>
</kw>
<kw name="Click On Record By Name" library="PatientView">
<arg>${Record_Name}</arg>
<kw name="Set Variable" library="BuiltIn">
<var>${Record_With_Name}</var>
<arg>//span[text()="${Patient_Name}"]</arg>
<doc>Returns the given values which can then be assigned to a variables.</doc>
<msg timestamp="20240314 14:24:27.944" level="INFO">${Record_With_Name} = //span[text()="A2_24-clip-sz"]</msg>
<status status="PASS" starttime="20240314 14:24:27.944" endtime="20240314 14:24:27.944"/>
</kw>
<kw name="Wait And Click Element" library="Base">
<arg>xpath=${Record_With_Name}</arg>
<kw name="Wait Until Element Is Visible" library="SeleniumLibrary">
<arg>${LOCATOR}</arg>
<arg>timeout=${Wait_Time}</arg>
<arg>error=${Timeout_Message}</arg>
<doc>Waits until the element ``locator`` is visible.</doc>
<status status="PASS" starttime="20240314 14:24:27.945" endtime="20240314 14:24:27.993"/>
</kw>
<kw name="Run Keyword And Return Status" library="BuiltIn">
<var>${element_enabled}</var>
<arg>Element Should Be Enabled</arg>
<arg>${LOCATOR}</arg>
<doc>Runs the given keyword with given arguments and returns the status as a Boolean value.</doc>
<kw name="Element Should Be Enabled" library="SeleniumLibrary">
<arg>${LOCATOR}</arg>
<doc>Verifies that element identified by ``locator`` is enabled.</doc>
<status status="PASS" starttime="20240314 14:24:27.994" endtime="20240314 14:24:28.045"/>
</kw>
<msg timestamp="20240314 14:24:28.045" level="INFO">${element_enabled} = True</msg>
<status status="PASS" starttime="20240314 14:24:27.993" endtime="20240314 14:24:28.045"/>
</kw>
<if>
<branch type="IF" condition="$element_enabled">
<kw name="Click Element" library="SeleniumLibrary">
<arg>${LOCATOR}</arg>
<doc>Click the element identified by ``locator``.</doc>
<msg timestamp="20240314 14:24:28.047" level="INFO">Clicking element 'xpath=//span[text()="A2_24-clip-sz"]'.</msg>
<status status="PASS" starttime="20240314 14:24:28.046" endtime="20240314 14:24:28.148"/>
</kw>
<status status="PASS" starttime="20240314 14:24:28.045" endtime="20240314 14:24:28.148"/>
</branch>
<branch type="ELSE">
<kw name="Log" library="BuiltIn">
<arg>Element is not enabled, ${LOCATOR}, ${Wait_Time}, ${Timeout_Message}</arg>
<doc>Logs the given message with the given level.</doc>
<status status="NOT RUN" starttime="20240314 14:24:28.149" endtime="20240314 14:24:28.149"/>
</kw>
<status status="NOT RUN" starttime="20240314 14:24:28.148" endtime="20240314 14:24:28.149"/>
</branch>
<status status="PASS" starttime="20240314 14:24:28.045" endtime="20240314 14:24:28.149"/>
</if>
<status status="PASS" starttime="20240314 14:24:27.944" endtime="20240314 14:24:28.149"/>
</kw>
<kw name="Sleep" library="BuiltIn">
<arg>3s</arg>
<doc>Pauses the test executed for the given time.</doc>
<msg timestamp="20240314 14:24:31.150" level="INFO">Slept 3 seconds</msg>
<status status="PASS" starttime="20240314 14:24:28.150" endtime="20240314 14:24:31.150"/>
</kw>
<status status="PASS" starttime="20240314 14:24:27.944" endtime="20240314 14:24:31.150"/>
</kw>
<kw name="Click on Patient Beginning of Record" library="PatientView">
<kw name="Wait Until Page Contains" library="SeleniumLibrary">
<arg>Beginning of Record</arg>
<doc>Waits until ``text`` appears on the current page.</doc>
<status status="PASS" starttime="20240314 14:24:31.151" endtime="20240314 14:24:31.178"/>
</kw>
<kw name="Wait Until Page Contains Element" library="SeleniumLibrary">
<arg>${Beginning_Of_Recording}</arg>
<doc>Waits until the element ``locator`` appears on the current page.</doc>
<status status="PASS" starttime="20240314 14:24:31.179" endtime="20240314 14:24:31.196"/>
</kw>
<kw name="Click Element" library="SeleniumLibrary">
<arg>${Beginning_Of_Recording}</arg>
<doc>Click the element identified by ``locator``.</doc>
<msg timestamp="20240314 14:24:31.196" level="INFO">Clicking element 'id=Beginning of Record'.</msg>
<status status="PASS" starttime="20240314 14:24:31.196" endtime="20240314 14:24:31.283"/>
</kw>
<status status="PASS" starttime="20240314 14:24:31.150" endtime="20240314 14:24:31.283"/>
</kw>
<kw name="Sleep" library="BuiltIn">
<arg>2s</arg>
<doc>Pauses the test executed for the given time.</doc>
<msg timestamp="20240314 14:24:33.285" level="INFO">Slept 2 seconds</msg>
<status status="PASS" starttime="20240314 14:24:31.284" endtime="20240314 14:24:33.285"/>
</kw>
<kw name="Click on Right Page Button" library="EEGPage">
<kw name="Wait And Click Element" library="Base">
<arg>//button[@title="Page Right"]</arg>
<kw name="Wait Until Element Is Visible" library="SeleniumLibrary">
<arg>${LOCATOR}</arg>
<arg>timeout=${Wait_Time}</arg>
<arg>error=${Timeout_Message}</arg>
<doc>Waits until the element ``locator`` is visible.</doc>
<status status="PASS" starttime="20240314 14:24:33.286" endtime="20240314 14:24:33.348"/>
</kw>
<kw name="Run Keyword And Return Status" library="BuiltIn">
<var>${element_enabled}</var>
<arg>Element Should Be Enabled</arg>
<arg>${LOCATOR}</arg>
<doc>Runs the given keyword with given arguments and returns the status as a Boolean value.</doc>
<kw name="Element Should Be Enabled" library="SeleniumLibrary">
<arg>${LOCATOR}</arg>
<doc>Verifies that element identified by ``locator`` is enabled.</doc>
<status status="PASS" starttime="20240314 14:24:33.349" endtime="20240314 14:24:33.419"/>
</kw>
<msg timestamp="20240314 14:24:33.419" level="INFO">${element_enabled} = True</msg>
<status status="PASS" starttime="20240314 14:24:33.348" endtime="20240314 14:24:33.419"/>
</kw>
<if>
<branch type="IF" condition="$element_enabled">
<kw name="Click Element" library="SeleniumLibrary">
<arg>${LOCATOR}</arg>
<doc>Click the element identified by ``locator``.</doc>
<msg timestamp="20240314 14:24:33.421" level="INFO">Clicking element '//button[@title="Page Right"]'.</msg>
<status status="PASS" starttime="20240314 14:24:33.420" endtime="20240314 14:24:33.565"/>
</kw>
<status status="PASS" starttime="20240314 14:24:33.419" endtime="20240314 14:24:33.565"/>
</branch>
<branch type="ELSE">
<kw name="Log" library="BuiltIn">
<arg>Element is not enabled, ${LOCATOR}, ${Wait_Time}, ${Timeout_Message}</arg>
<doc>Logs the given message with the given level.</doc>
<status status="NOT RUN" starttime="20240314 14:24:33.565" endtime="20240314 14:24:33.566"/>
</kw>
<status status="NOT RUN" starttime="20240314 14:24:33.565" endtime="20240314 14:24:33.566"/>
</branch>
<status status="PASS" starttime="20240314 14:24:33.419" endtime="20240314 14:24:33.566"/>
</if>
<status status="PASS" starttime="20240314 14:24:33.285" endtime="20240314 14:24:33.566"/>
</kw>
<kw name="Sleep" library="BuiltIn">
<arg>1s</arg>
<doc>Pauses the test executed for the given time.</doc>
<msg timestamp="20240314 14:24:34.567" level="INFO">Slept 1 second</msg>
<status status="PASS" starttime="20240314 14:24:33.566" endtime="20240314 14:24:34.567"/>
</kw>
<status status="PASS" starttime="20240314 14:24:33.285" endtime="20240314 14:24:34.567"/>
</kw>
<kw name="Click on Right Page Button" library="EEGPage">
<kw name="Wait And Click Element" library="Base">
<arg>//button[@title="Page Right"]</arg>
<kw name="Wait Until Element Is Visible" library="SeleniumLibrary">
<arg>${LOCATOR}</arg>
<arg>timeout=${Wait_Time}</arg>
<arg>error=${Timeout_Message}</arg>
<doc>Waits until the element ``locator`` is visible.</doc>
<status status="PASS" starttime="20240314 14:24:34.569" endtime="20240314 14:24:34.612"/>
</kw>
<kw name="Run Keyword And Return Status" library="BuiltIn">
<var>${element_enabled}</var>
<arg>Element Should Be Enabled</arg>
<arg>${LOCATOR}</arg>
<doc>Runs the given keyword with given arguments and returns the status as a Boolean value.</doc>
<kw name="Element Should Be Enabled" library="SeleniumLibrary">
<arg>${LOCATOR}</arg>
<doc>Verifies that element identified by ``locator`` is enabled.</doc>
<status status="PASS" starttime="20240314 14:24:34.612" endtime="20240314 14:24:34.651"/>
</kw>
<msg timestamp="20240314 14:24:34.653" level="INFO">${element_enabled} = True</msg>
<status status="PASS" starttime="20240314 14:24:34.612" endtime="20240314 14:24:34.653"/>
</kw>
<if>
<branch type="IF" condition="$element_enabled">
<kw name="Click Element" library="SeleniumLibrary">
<arg>${LOCATOR}</arg>
<doc>Click the element identified by ``locator``.</doc>
<msg timestamp="20240314 14:24:34.654" level="INFO">Clicking element '//button[@title="Page Right"]'.</msg>
<status status="PASS" starttime="20240314 14:24:34.653" endtime="20240314 14:24:34.745"/>
</kw>
<status status="PASS" starttime="20240314 14:24:34.653" endtime="20240314 14:24:34.745"/>
</branch>
<branch type="ELSE">
<kw name="Log" library="BuiltIn">
<arg>Element is not enabled, ${LOCATOR}, ${Wait_Time}, ${Timeout_Message}</arg>
<doc>Logs the given message with the given level.</doc>
<status status="NOT RUN" starttime="20240314 14:24:34.745" endtime="20240314 14:24:34.745"/>
</kw>
<status status="NOT RUN" starttime="20240314 14:24:34.745" endtime="20240314 14:24:34.745"/>
</branch>
<status status="PASS" starttime="20240314 14:24:34.653" endtime="20240314 14:24:34.745"/>
</if>
<status status="PASS" starttime="20240314 14:24:34.568" endtime="20240314 14:24:34.745"/>
</kw>
<kw name="Sleep" library="BuiltIn">
<arg>1s</arg>
<doc>Pauses the test executed for the given time.</doc>
<msg timestamp="20240314 14:24:35.748" level="INFO">Slept 1 second</msg>
<status status="PASS" starttime="20240314 14:24:34.747" endtime="20240314 14:24:35.748"/>
</kw>
<status status="PASS" starttime="20240314 14:24:34.567" endtime="20240314 14:24:35.748"/>
</kw>
<kw name="Click on Play EEG" library="EEGPage">
<kw name="Click Element" library="SeleniumLibrary">
<arg>${Play_Button}</arg>
<doc>Click the element identified by ``locator``.</doc>
<msg timestamp="20240314 14:24:35.750" level="INFO">Clicking element 'css=body button[title='Start Playing']'.</msg>
<status status="PASS" starttime="20240314 14:24:35.748" endtime="20240314 14:24:35.829"/>
</kw>
<kw name="Sleep" library="BuiltIn">
<arg>3s</arg>
<doc>Pauses the test executed for the given time.</doc>
<msg timestamp="20240314 14:24:38.831" level="INFO">Slept 3 seconds</msg>
<status status="PASS" starttime="20240314 14:24:35.829" endtime="20240314 14:24:38.831"/>
</kw>
<status status="PASS" starttime="20240314 14:24:35.748" endtime="20240314 14:24:38.831"/>
</kw>
<kw name="Sleep" library="BuiltIn">
<arg>15s</arg>
<doc>Pauses the test executed for the given time.</doc>
<msg timestamp="20240314 14:24:53.831" level="INFO">Slept 15 seconds</msg>
<status status="PASS" starttime="20240314 14:24:38.831" endtime="20240314 14:24:53.832"/>
</kw>
<kw name="Navigate to Trends Page From EEG Page" library="PMCApp">
<kw name="Click on &quot;Trends&quot; link" library="EEGPage">
<kw name="Click Element" library="SeleniumLibrary">
<arg>${Trends_Link}</arg>
<doc>Click the element identified by ``locator``.</doc>
<msg timestamp="20240314 14:24:53.835" level="INFO">Clicking element 'xpath=//span[text()='Trends']'.</msg>
<status status="PASS" starttime="20240314 14:24:53.834" endtime="20240314 14:24:53.914"/>
</kw>
<status status="PASS" starttime="20240314 14:24:53.833" endtime="20240314 14:24:53.914"/>
</kw>
<kw name="Verify Trends Page Loads Successfully" library="TrendsPage">
<kw name="Wait Until Page Contains Element" library="SeleniumLibrary">
<arg>css=${Trends_View}</arg>
<doc>Waits until the element ``locator`` appears on the current page.</doc>
<status status="PASS" starttime="20240314 14:24:53.914" endtime="20240314 14:24:55.634"/>
</kw>
<kw name="Wait Until Page Contains Element" library="SeleniumLibrary">
<arg>${Trends_Image}</arg>
<doc>Waits until the element ``locator`` appears on the current page.</doc>
<status status="PASS" starttime="20240314 14:24:55.634" endtime="20240314 14:24:55.648"/>
</kw>
<kw name="Wait Until Page Does Not Contain Element" library="SeleniumLibrary">
<arg>${Circle_Spinner}</arg>
<doc>Waits until the element ``locator`` disappears from the current page.</doc>
<status status="PASS" starttime="20240314 14:24:55.648" endtime="20240314 14:24:55.660"/>
</kw>
<kw name="Wait Until Page Does Not Contain Element" library="SeleniumLibrary">
<arg>${second_spinner}</arg>
<doc>Waits until the element ``locator`` disappears from the current page.</doc>
<status status="PASS" starttime="20240314 14:24:55.660" endtime="20240314 14:25:05.059"/>
</kw>
<kw name="Wait Until Element Is Visible" library="SeleniumLibrary">
<arg>${Trends_Canvas}</arg>
<doc>Waits until the element ``locator`` is visible.</doc>
<status status="PASS" starttime="20240314 14:25:05.061" endtime="20240314 14:25:05.111"/>
</kw>
<kw name="Sleep" library="BuiltIn">
<arg>1s</arg>
<doc>Pauses the test executed for the given time.</doc>
<msg timestamp="20240314 14:25:06.112" level="INFO">Slept 1 second</msg>
<status status="PASS" starttime="20240314 14:25:05.111" endtime="20240314 14:25:06.112"/>
</kw>
<status status="PASS" starttime="20240314 14:24:53.914" endtime="20240314 14:25:06.113"/>
</kw>
<status status="PASS" starttime="20240314 14:24:53.832" endtime="20240314 14:25:06.113"/>
</kw>
<kw name="Navigate to Patient View From Trends" library="PMCApp">
<kw name="Click on Record List On Trends Page" library="TrendsPage">
<kw name="Set Variable" library="BuiltIn">
<var>${Record_List_Button}</var>
<arg>xpath=//mdl-icon[text()='arrow_back_ios']/following-sibling::div</arg>
<doc>Returns the given values which can then be assigned to a variables.</doc>
<msg timestamp="20240314 14:25:06.115" level="INFO">${Record_List_Button} = xpath=//mdl-icon[text()='arrow_back_ios']/following-sibling::div</msg>
<status status="PASS" starttime="20240314 14:25:06.115" endtime="20240314 14:25:06.115"/>
</kw>
<kw name="Wait And Click Element" library="Base">
<arg>${Record_List_Button}</arg>
<kw name="Wait Until Element Is Visible" library="SeleniumLibrary">
<arg>${LOCATOR}</arg>
<arg>timeout=${Wait_Time}</arg>
<arg>error=${Timeout_Message}</arg>
<doc>Waits until the element ``locator`` is visible.</doc>
<status status="PASS" starttime="20240314 14:25:06.115" endtime="20240314 14:25:06.134"/>
</kw>
<kw name="Run Keyword And Return Status" library="BuiltIn">
<var>${element_enabled}</var>
<arg>Element Should Be Enabled</arg>
<arg>${LOCATOR}</arg>
<doc>Runs the given keyword with given arguments and returns the status as a Boolean value.</doc>
<kw name="Element Should Be Enabled" library="SeleniumLibrary">
<arg>${LOCATOR}</arg>
<doc>Verifies that element identified by ``locator`` is enabled.</doc>
<status status="PASS" starttime="20240314 14:25:06.135" endtime="20240314 14:25:06.159"/>
</kw>
<msg timestamp="20240314 14:25:06.159" level="INFO">${element_enabled} = True</msg>
<status status="PASS" starttime="20240314 14:25:06.135" endtime="20240314 14:25:06.159"/>
</kw>
<if>
<branch type="IF" condition="$element_enabled">
<kw name="Click Element" library="SeleniumLibrary">
<arg>${LOCATOR}</arg>
<doc>Click the element identified by ``locator``.</doc>
<msg timestamp="20240314 14:25:06.160" level="INFO">Clicking element 'xpath=//mdl-icon[text()='arrow_back_ios']/following-sibling::div'.</msg>
<status status="PASS" starttime="20240314 14:25:06.159" endtime="20240314 14:25:06.204"/>
</kw>
<status status="PASS" starttime="20240314 14:25:06.159" endtime="20240314 14:25:06.204"/>
</branch>
<branch type="ELSE">
<kw name="Log" library="BuiltIn">
<arg>Element is not enabled, ${LOCATOR}, ${Wait_Time}, ${Timeout_Message}</arg>
<doc>Logs the given message with the given level.</doc>
<status status="NOT RUN" starttime="20240314 14:25:06.205" endtime="20240314 14:25:06.205"/>
</kw>
<status status="NOT RUN" starttime="20240314 14:25:06.204" endtime="20240314 14:25:06.205"/>
</branch>
<status status="PASS" starttime="20240314 14:25:06.159" endtime="20240314 14:25:06.205"/>
</if>
<status status="PASS" starttime="20240314 14:25:06.115" endtime="20240314 14:25:06.205"/>
</kw>
<status status="PASS" starttime="20240314 14:25:06.113" endtime="20240314 14:25:06.205"/>
</kw>
<kw name="Verify Patient View Page Loaded" library="PatientView">
<kw name="Wait Until Page Contains" library="SeleniumLibrary">
<arg>Record List</arg>
<arg>40s</arg>
<doc>Waits until ``text`` appears on the current page.</doc>
<status status="PASS" starttime="20240314 14:25:06.206" endtime="20240314 14:25:06.219"/>
</kw>
<status status="PASS" starttime="20240314 14:25:06.205" endtime="20240314 14:25:06.219"/>
</kw>
<status status="PASS" starttime="20240314 14:25:06.113" endtime="20240314 14:25:06.219"/>
</kw>
<status status="PASS" starttime="20240314 14:24:27.697" endtime="20240314 14:25:06.219"/>
</iter>
<iter>
<var name="${index}">1</var>
<kw name="Log" library="BuiltIn">
<arg>Iteration: ${index + 1}</arg>
<doc>Logs the given message with the given level.</doc>
<msg timestamp="20240314 14:25:06.221" level="INFO">Iteration: 2</msg>
<status status="PASS" starttime="20240314 14:25:06.220" endtime="20240314 14:25:06.221"/>
</kw>
<kw name="Enter Patient Name In The Patient Name Textfield" library="PatientView">
<arg>${Record_Name}</arg>
<kw name="Input Text" library="SeleniumLibrary">
<arg>xpath=${Patient_Filter_Textfield}</arg>
<arg>${PATIENT_NAME}</arg>
<arg>clear=True</arg>
<doc>Types the given ``text`` into the text field identified by ``locator``.</doc>
<msg timestamp="20240314 14:25:06.222" level="INFO">Typing text 'A2_24-clip-sz' into text field 'xpath=//mdl-textfield[@label='Record Filter']/div/input'.</msg>
<status status="PASS" starttime="20240314 14:25:06.221" endtime="20240314 14:25:06.362"/>
</kw>
<status status="PASS" starttime="20240314 14:25:06.221" endtime="20240314 14:25:06.362"/>
</kw>
<kw name="Click On Record By Name" library="PatientView">
<arg>${Record_Name}</arg>
<kw name="Set Variable" library="BuiltIn">
<var>${Record_With_Name}</var>
<arg>//span[text()="${Patient_Name}"]</arg>
<doc>Returns the given values which can then be assigned to a variables.</doc>
<msg timestamp="20240314 14:25:06.363" level="INFO">${Record_With_Name} = //span[text()="A2_24-clip-sz"]</msg>
<status status="PASS" starttime="20240314 14:25:06.363" endtime="20240314 14:25:06.363"/>
</kw>
<kw name="Wait And Click Element" library="Base">
<arg>xpath=${Record_With_Name}</arg>
<kw name="Wait Until Element Is Visible" library="SeleniumLibrary">
<arg>${LOCATOR}</arg>
<arg>timeout=${Wait_Time}</arg>
<arg>error=${Timeout_Message}</arg>
<doc>Waits until the element ``locator`` is visible.</doc>
<status status="PASS" starttime="20240314 14:25:06.364" endtime="20240314 14:25:06.382"/>
</kw>
<kw name="Run Keyword And Return Status" library="BuiltIn">
<var>${element_enabled}</var>
<arg>Element Should Be Enabled</arg>
<arg>${LOCATOR}</arg>
<doc>Runs the given keyword with given arguments and returns the status as a Boolean value.</doc>
<kw name="Element Should Be Enabled" library="SeleniumLibrary">
<arg>${LOCATOR}</arg>
<doc>Verifies that element identified by ``locator`` is enabled.</doc>
<status status="PASS" starttime="20240314 14:25:06.382" endtime="20240314 14:25:06.401"/>
</kw>
<msg timestamp="20240314 14:25:06.402" level="INFO">${element_enabled} = True</msg>
<status status="PASS" starttime="20240314 14:25:06.382" endtime="20240314 14:25:06.402"/>
</kw>
<if>
<branch type="IF" condition="$element_enabled">
<kw name="Click Element" library="SeleniumLibrary">
<arg>${LOCATOR}</arg>
<doc>Click the element identified by ``locator``.</doc>
<msg timestamp="20240314 14:25:06.402" level="INFO">Clicking element 'xpath=//span[text()="A2_24-clip-sz"]'.</msg>
<status status="PASS" starttime="20240314 14:25:06.402" endtime="20240314 14:25:06.442"/>
</kw>
<status status="PASS" starttime="20240314 14:25:06.402" endtime="20240314 14:25:06.442"/>
</branch>
<branch type="ELSE">
<kw name="Log" library="BuiltIn">
<arg>Element is not enabled, ${LOCATOR}, ${Wait_Time}, ${Timeout_Message}</arg>
<doc>Logs the given message with the given level.</doc>
<status status="NOT RUN" starttime="20240314 14:25:06.442" endtime="20240314 14:25:06.442"/>
</kw>
<status status="NOT RUN" starttime="20240314 14:25:06.442" endtime="20240314 14:25:06.442"/>
</branch>
<status status="PASS" starttime="20240314 14:25:06.402" endtime="20240314 14:25:06.442"/>
</if>
<status status="PASS" starttime="20240314 14:25:06.363" endtime="20240314 14:25:06.442"/>
</kw>
<kw name="Sleep" library="BuiltIn">
<arg>3s</arg>
<doc>Pauses the test executed for the given time.</doc>
<msg timestamp="20240314 14:25:09.443" level="INFO">Slept 3 seconds</msg>
<status status="PASS" starttime="20240314 14:25:06.442" endtime="20240314 14:25:09.443"/>
</kw>
<status status="PASS" starttime="20240314 14:25:06.362" endtime="20240314 14:25:09.443"/>
</kw>
<kw name="Click on Patient Beginning of Record" library="PatientView">
<kw name="Wait Until Page Contains" library="SeleniumLibrary">
<arg>Beginning of Record</arg>
<doc>Waits until ``text`` appears on the current page.</doc>
<status status="PASS" starttime="20240314 14:25:09.444" endtime="20240314 14:25:09.458"/>
</kw>
<kw name="Wait Until Page Contains Element" library="SeleniumLibrary">
<arg>${Beginning_Of_Recording}</arg>
<doc>Waits until the element ``locator`` appears on the current page.</doc>
<status status="PASS" starttime="20240314 14:25:09.458" endtime="20240314 14:25:09.507"/>
</kw>
<kw name="Click Element" library="SeleniumLibrary">
<arg>${Beginning_Of_Recording}</arg>
<doc>Click the element identified by ``locator``.</doc>
<msg timestamp="20240314 14:25:09.508" level="INFO">Clicking element 'id=Beginning of Record'.</msg>
<status status="PASS" starttime="20240314 14:25:09.507" endtime="20240314 14:25:09.559"/>
</kw>
<status status="PASS" starttime="20240314 14:25:09.444" endtime="20240314 14:25:09.559"/>
</kw>
<kw name="Sleep" library="BuiltIn">
<arg>2s</arg>
<doc>Pauses the test executed for the given time.</doc>
<msg timestamp="20240314 14:25:11.559" level="INFO">Slept 2 seconds</msg>
<status status="PASS" starttime="20240314 14:25:09.559" endtime="20240314 14:25:11.559"/>
</kw>
<kw name="Click on Right Page Button" library="EEGPage">
<kw name="Wait And Click Element" library="Base">
<arg>//button[@title="Page Right"]</arg>
<kw name="Wait Until Element Is Visible" library="SeleniumLibrary">
<arg>${LOCATOR}</arg>
<arg>timeout=${Wait_Time}</arg>
<arg>error=${Timeout_Message}</arg>
<doc>Waits until the element ``locator`` is visible.</doc>
<status status="PASS" starttime="20240314 14:25:11.559" endtime="20240314 14:25:11.579"/>
</kw>
<kw name="Run Keyword And Return Status" library="BuiltIn">
<var>${element_enabled}</var>
<arg>Element Should Be Enabled</arg>
<arg>${LOCATOR}</arg>
<doc>Runs the given keyword with given arguments and returns the status as a Boolean value.</doc>
<kw name="Element Should Be Enabled" library="SeleniumLibrary">
<arg>${LOCATOR}</arg>
<doc>Verifies that element identified by ``locator`` is enabled.</doc>
<status status="PASS" starttime="20240314 14:25:11.581" endtime="20240314 14:25:11.601"/>
</kw>
<msg timestamp="20240314 14:25:11.601" level="INFO">${element_enabled} = True</msg>
<status status="PASS" starttime="20240314 14:25:11.579" endtime="20240314 14:25:11.601"/>
</kw>
<if>
<branch type="IF" condition="$element_enabled">
<kw name="Click Element" library="SeleniumLibrary">
<arg>${LOCATOR}</arg>
<doc>Click the element identified by ``locator``.</doc>
<msg timestamp="20240314 14:25:11.602" level="INFO">Clicking element '//button[@title="Page Right"]'.</msg>
<status status="PASS" starttime="20240314 14:25:11.602" endtime="20240314 14:25:11.651"/>
</kw>
<status status="PASS" starttime="20240314 14:25:11.601" endtime="20240314 14:25:11.651"/>
</branch>
<branch type="ELSE">
<kw name="Log" library="BuiltIn">
<arg>Element is not enabled, ${LOCATOR}, ${Wait_Time}, ${Timeout_Message}</arg>
<doc>Logs the given message with the given level.</doc>
<status status="NOT RUN" starttime="20240314 14:25:11.651" endtime="20240314 14:25:11.651"/>
</kw>
<status status="NOT RUN" starttime="20240314 14:25:11.651" endtime="20240314 14:25:11.651"/>
</branch>
<status status="PASS" starttime="20240314 14:25:11.601" endtime="20240314 14:25:11.651"/>
</if>
<status status="PASS" starttime="20240314 14:25:11.559" endtime="20240314 14:25:11.651"/>
</kw>
<kw name="Sleep" library="BuiltIn">
<arg>1s</arg>
<doc>Pauses the test executed for the given time.</doc>
<msg timestamp="20240314 14:25:12.653" level="INFO">Slept 1 second</msg>
<status status="PASS" starttime="20240314 14:25:11.653" endtime="20240314 14:25:12.653"/>
</kw>
<status status="PASS" starttime="20240314 14:25:11.559" endtime="20240314 14:25:12.653"/>
</kw>
<kw name="Click on Right Page Button" library="EEGPage">
<kw name="Wait And Click Element" library="Base">
<arg>//button[@title="Page Right"]</arg>
<kw name="Wait Until Element Is Visible" library="SeleniumLibrary">
<arg>${LOCATOR}</arg>
<arg>timeout=${Wait_Time}</arg>
<arg>error=${Timeout_Message}</arg>
<doc>Waits until the element ``locator`` is visible.</doc>
<status status="PASS" starttime="20240314 14:25:12.653" endtime="20240314 14:25:12.674"/>
</kw>
<kw name="Run Keyword And Return Status" library="BuiltIn">
<var>${element_enabled}</var>
<arg>Element Should Be Enabled</arg>
<arg>${LOCATOR}</arg>
<doc>Runs the given keyword with given arguments and returns the status as a Boolean value.</doc>
<kw name="Element Should Be Enabled" library="SeleniumLibrary">
<arg>${LOCATOR}</arg>
<doc>Verifies that element identified by ``locator`` is enabled.</doc>
<status status="PASS" starttime="20240314 14:25:12.675" endtime="20240314 14:25:12.693"/>
</kw>
<msg timestamp="20240314 14:25:12.693" level="INFO">${element_enabled} = True</msg>
<status status="PASS" starttime="20240314 14:25:12.674" endtime="20240314 14:25:12.693"/>
</kw>
<if>
<branch type="IF" condition="$element_enabled">
<kw name="Click Element" library="SeleniumLibrary">
<arg>${LOCATOR}</arg>
<doc>Click the element identified by ``locator``.</doc>
<msg timestamp="20240314 14:25:12.695" level="INFO">Clicking element '//button[@title="Page Right"]'.</msg>
<status status="PASS" starttime="20240314 14:25:12.694" endtime="20240314 14:25:12.733"/>
</kw>
<status status="PASS" starttime="20240314 14:25:12.694" endtime="20240314 14:25:12.733"/>
</branch>
<branch type="ELSE">
<kw name="Log" library="BuiltIn">
<arg>Element is not enabled, ${LOCATOR}, ${Wait_Time}, ${Timeout_Message}</arg>
<doc>Logs the given message with the given level.</doc>
<status status="NOT RUN" starttime="20240314 14:25:12.733" endtime="20240314 14:25:12.733"/>
</kw>
<status status="NOT RUN" starttime="20240314 14:25:12.733" endtime="20240314 14:25:12.734"/>
</branch>
<status status="PASS" starttime="20240314 14:25:12.694" endtime="20240314 14:25:12.734"/>
</if>
<status status="PASS" starttime="20240314 14:25:12.653" endtime="20240314 14:25:12.734"/>
</kw>
<kw name="Sleep" library="BuiltIn">
<arg>1s</arg>
<doc>Pauses the test executed for the given time.</doc>
<msg timestamp="20240314 14:25:13.735" level="INFO">Slept 1 second</msg>
<status status="PASS" starttime="20240314 14:25:12.734" endtime="20240314 14:25:13.735"/>
</kw>
<status status="PASS" starttime="20240314 14:25:12.653" endtime="20240314 14:25:13.735"/>
</kw>
<kw name="Click on Play EEG" library="EEGPage">
<kw name="Click Element" library="SeleniumLibrary">
<arg>${Play_Button}</arg>
<doc>Click the element identified by ``locator``.</doc>
<msg timestamp="20240314 14:25:13.737" level="INFO">Clicking element 'css=body button[title='Start Playing']'.</msg>
<status status="PASS" starttime="20240314 14:25:13.736" endtime="20240314 14:25:13.778"/>
</kw>
<kw name="Sleep" library="BuiltIn">
<arg>3s</arg>
<doc>Pauses the test executed for the given time.</doc>
<msg timestamp="20240314 14:25:16.780" level="INFO">Slept 3 seconds</msg>
<status status="PASS" starttime="20240314 14:25:13.778" endtime="20240314 14:25:16.780"/>
</kw>
<status status="PASS" starttime="20240314 14:25:13.735" endtime="20240314 14:25:16.781"/>
</kw>
<kw name="Sleep" library="BuiltIn">
<arg>15s</arg>
<doc>Pauses the test executed for the given time.</doc>
<msg timestamp="20240314 14:25:31.782" level="INFO">Slept 15 seconds</msg>
<status status="PASS" starttime="20240314 14:25:16.781" endtime="20240314 14:25:31.782"/>
</kw>
<kw name="Navigate to Trends Page From EEG Page" library="PMCApp">
<kw name="Click on &quot;Trends&quot; link" library="EEGPage">
<kw name="Click Element" library="SeleniumLibrary">
<arg>${Trends_Link}</arg>
<doc>Click the element identified by ``locator``.</doc>
<msg timestamp="20240314 14:25:31.782" level="INFO">Clicking element 'xpath=//span[text()='Trends']'.</msg>
<status status="PASS" starttime="20240314 14:25:31.782" endtime="20240314 14:25:31.857"/>
</kw>
<status status="PASS" starttime="20240314 14:25:31.782" endtime="20240314 14:25:31.857"/>
</kw>
<kw name="Verify Trends Page Loads Successfully" library="TrendsPage">
<kw name="Wait Until Page Contains Element" library="SeleniumLibrary">
<arg>css=${Trends_View}</arg>
<doc>Waits until the element ``locator`` appears on the current page.</doc>
<status status="PASS" starttime="20240314 14:25:31.857" endtime="20240314 14:25:32.927"/>
</kw>
<kw name="Wait Until Page Contains Element" library="SeleniumLibrary">
<arg>${Trends_Image}</arg>
<doc>Waits until the element ``locator`` appears on the current page.</doc>
<status status="PASS" starttime="20240314 14:25:32.927" endtime="20240314 14:25:32.943"/>
</kw>
<kw name="Wait Until Page Does Not Contain Element" library="SeleniumLibrary">
<arg>${Circle_Spinner}</arg>
<doc>Waits until the element ``locator`` disappears from the current page.</doc>
<status status="PASS" starttime="20240314 14:25:32.943" endtime="20240314 14:25:32.955"/>
</kw>
<kw name="Wait Until Page Does Not Contain Element" library="SeleniumLibrary">
<arg>${second_spinner}</arg>
<doc>Waits until the element ``locator`` disappears from the current page.</doc>
<status status="PASS" starttime="20240314 14:25:32.955" endtime="20240314 14:25:34.659"/>
</kw>
<kw name="Wait Until Element Is Visible" library="SeleniumLibrary">
<arg>${Trends_Canvas}</arg>
<doc>Waits until the element ``locator`` is visible.</doc>
<status status="PASS" starttime="20240314 14:25:34.659" endtime="20240314 14:25:34.686"/>
</kw>
<kw name="Sleep" library="BuiltIn">
<arg>1s</arg>
<doc>Pauses the test executed for the given time.</doc>
<msg timestamp="20240314 14:25:35.688" level="INFO">Slept 1 second</msg>
<status status="PASS" starttime="20240314 14:25:34.688" endtime="20240314 14:25:35.688"/>
</kw>
<status status="PASS" starttime="20240314 14:25:31.857" endtime="20240314 14:25:35.688"/>
</kw>
<status status="PASS" starttime="20240314 14:25:31.782" endtime="20240314 14:25:35.688"/>
</kw>
<kw name="Navigate to Patient View From Trends" library="PMCApp">
<kw name="Click on Record List On Trends Page" library="TrendsPage">
<kw name="Set Variable" library="BuiltIn">
<var>${Record_List_Button}</var>
<arg>xpath=//mdl-icon[text()='arrow_back_ios']/following-sibling::div</arg>
<doc>Returns the given values which can then be assigned to a variables.</doc>
<msg timestamp="20240314 14:25:35.689" level="INFO">${Record_List_Button} = xpath=//mdl-icon[text()='arrow_back_ios']/following-sibling::div</msg>
<status status="PASS" starttime="20240314 14:25:35.689" endtime="20240314 14:25:35.689"/>
</kw>
<kw name="Wait And Click Element" library="Base">
<arg>${Record_List_Button}</arg>
<kw name="Wait Until Element Is Visible" library="SeleniumLibrary">
<arg>${LOCATOR}</arg>
<arg>timeout=${Wait_Time}</arg>
<arg>error=${Timeout_Message}</arg>
<doc>Waits until the element ``locator`` is visible.</doc>
<status status="PASS" starttime="20240314 14:25:35.689" endtime="20240314 14:25:35.721"/>
</kw>
<kw name="Run Keyword And Return Status" library="BuiltIn">
<var>${element_enabled}</var>
<arg>Element Should Be Enabled</arg>
<arg>${LOCATOR}</arg>
<doc>Runs the given keyword with given arguments and returns the status as a Boolean value.</doc>
<kw name="Element Should Be Enabled" library="SeleniumLibrary">
<arg>${LOCATOR}</arg>
<doc>Verifies that element identified by ``locator`` is enabled.</doc>
<status status="PASS" starttime="20240314 14:25:35.722" endtime="20240314 14:25:35.764"/>
</kw>
<msg timestamp="20240314 14:25:35.765" level="INFO">${element_enabled} = True</msg>
<status status="PASS" starttime="20240314 14:25:35.721" endtime="20240314 14:25:35.765"/>
</kw>
<if>
<branch type="IF" condition="$element_enabled">
<kw name="Click Element" library="SeleniumLibrary">
<arg>${LOCATOR}</arg>
<doc>Click the element identified by ``locator``.</doc>
<msg timestamp="20240314 14:25:35.766" level="INFO">Clicking element 'xpath=//mdl-icon[text()='arrow_back_ios']/following-sibling::div'.</msg>
<status status="PASS" starttime="20240314 14:25:35.765" endtime="20240314 14:25:35.857"/>
</kw>
<status status="PASS" starttime="20240314 14:25:35.765" endtime="20240314 14:25:35.857"/>
</branch>
<branch type="ELSE">
<kw name="Log" library="BuiltIn">
<arg>Element is not enabled, ${LOCATOR}, ${Wait_Time}, ${Timeout_Message}</arg>
<doc>Logs the given message with the given level.</doc>
<status status="NOT RUN" starttime="20240314 14:25:35.857" endtime="20240314 14:25:35.858"/>
</kw>
<status status="NOT RUN" starttime="20240314 14:25:35.857" endtime="20240314 14:25:35.858"/>
</branch>
<status status="PASS" starttime="20240314 14:25:35.765" endtime="20240314 14:25:35.858"/>
</if>
<status status="PASS" starttime="20240314 14:25:35.689" endtime="20240314 14:25:35.858"/>
</kw>
<status status="PASS" starttime="20240314 14:25:35.689" endtime="20240314 14:25:35.859"/>
</kw>
<kw name="Verify Patient View Page Loaded" library="PatientView">
<kw name="Wait Until Page Contains" library="SeleniumLibrary">
<arg>Record List</arg>
<arg>40s</arg>
<doc>Waits until ``text`` appears on the current page.</doc>
<status status="PASS" starttime="20240314 14:25:35.859" endtime="20240314 14:25:35.878"/>
</kw>
<status status="PASS" starttime="20240314 14:25:35.859" endtime="20240314 14:25:35.878"/>
</kw>
<status status="PASS" starttime="20240314 14:25:35.688" endtime="20240314 14:25:35.878"/>
</kw>
<status status="PASS" starttime="20240314 14:25:06.219" endtime="20240314 14:25:35.878"/>
</iter>
<iter>
<var name="${index}">2</var>
<kw name="Log" library="BuiltIn">
<arg>Iteration: ${index + 1}</arg>
<doc>Logs the given message with the given level.</doc>
<msg timestamp="20240314 14:25:35.882" level="INFO">Iteration: 3</msg>
<status status="PASS" starttime="20240314 14:25:35.879" endtime="20240314 14:25:35.882"/>
</kw>
<kw name="Enter Patient Name In The Patient Name Textfield" library="PatientView">
<arg>${Record_Name}</arg>
<kw name="Input Text" library="SeleniumLibrary">
<arg>xpath=${Patient_Filter_Textfield}</arg>
<arg>${PATIENT_NAME}</arg>
<arg>clear=True</arg>
<doc>Types the given ``text`` into the text field identified by ``locator``.</doc>
<msg timestamp="20240314 14:25:35.885" level="INFO">Typing text 'A2_24-clip-sz' into text field 'xpath=//mdl-textfield[@label='Record Filter']/div/input'.</msg>
<status status="PASS" starttime="20240314 14:25:35.883" endtime="20240314 14:25:36.165"/>
</kw>
<status status="PASS" starttime="20240314 14:25:35.882" endtime="20240314 14:25:36.165"/>
</kw>
<kw name="Click On Record By Name" library="PatientView">
<arg>${Record_Name}</arg>
<kw name="Set Variable" library="BuiltIn">
<var>${Record_With_Name}</var>
<arg>//span[text()="${Patient_Name}"]</arg>
<doc>Returns the given values which can then be assigned to a variables.</doc>
<msg timestamp="20240314 14:25:36.168" level="INFO">${Record_With_Name} = //span[text()="A2_24-clip-sz"]</msg>
<status status="PASS" starttime="20240314 14:25:36.167" endtime="20240314 14:25:36.168"/>
</kw>
<kw name="Wait And Click Element" library="Base">
<arg>xpath=${Record_With_Name}</arg>
<kw name="Wait Until Element Is Visible" library="SeleniumLibrary">
<arg>${LOCATOR}</arg>
<arg>timeout=${Wait_Time}</arg>
<arg>error=${Timeout_Message}</arg>
<doc>Waits until the element ``locator`` is visible.</doc>
<status status="PASS" starttime="20240314 14:25:36.170" endtime="20240314 14:25:36.213"/>
</kw>
<kw name="Run Keyword And Return Status" library="BuiltIn">
<var>${element_enabled}</var>
<arg>Element Should Be Enabled</arg>
<arg>${LOCATOR}</arg>
<doc>Runs the given keyword with given arguments and returns the status as a Boolean value.</doc>
<kw name="Element Should Be Enabled" library="SeleniumLibrary">
<arg>${LOCATOR}</arg>
<doc>Verifies that element identified by ``locator`` is enabled.</doc>
<status status="PASS" starttime="20240314 14:25:36.213" endtime="20240314 14:25:36.261"/>
</kw>
<msg timestamp="20240314 14:25:36.262" level="INFO">${element_enabled} = True</msg>
<status status="PASS" starttime="20240314 14:25:36.213" endtime="20240314 14:25:36.262"/>
</kw>
<if>
<branch type="IF" condition="$element_enabled">
<kw name="Click Element" library="SeleniumLibrary">
<arg>${LOCATOR}</arg>
<doc>Click the element identified by ``locator``.</doc>
<msg timestamp="20240314 14:25:36.264" level="INFO">Clicking element 'xpath=//span[text()="A2_24-clip-sz"]'.</msg>
<status status="PASS" starttime="20240314 14:25:36.263" endtime="20240314 14:25:36.344"/>
</kw>
<status status="PASS" starttime="20240314 14:25:36.262" endtime="20240314 14:25:36.346"/>
</branch>
<branch type="ELSE">
<kw name="Log" library="BuiltIn">
<arg>Element is not enabled, ${LOCATOR}, ${Wait_Time}, ${Timeout_Message}</arg>
<doc>Logs the given message with the given level.</doc>
<status status="NOT RUN" starttime="20240314 14:25:36.346" endtime="20240314 14:25:36.346"/>
</kw>
<status status="NOT RUN" starttime="20240314 14:25:36.346" endtime="20240314 14:25:36.346"/>
</branch>
<status status="PASS" starttime="20240314 14:25:36.262" endtime="20240314 14:25:36.346"/>
</if>
<status status="PASS" starttime="20240314 14:25:36.169" endtime="20240314 14:25:36.347"/>
</kw>
<kw name="Sleep" library="BuiltIn">
<arg>3s</arg>
<doc>Pauses the test executed for the given time.</doc>
<msg timestamp="20240314 14:25:39.347" level="INFO">Slept 3 seconds</msg>
<status status="PASS" starttime="20240314 14:25:36.347" endtime="20240314 14:25:39.347"/>
</kw>
<status status="PASS" starttime="20240314 14:25:36.165" endtime="20240314 14:25:39.347"/>
</kw>
<kw name="Click on Patient Beginning of Record" library="PatientView">
<kw name="Wait Until Page Contains" library="SeleniumLibrary">
<arg>Beginning of Record</arg>
<doc>Waits until ``text`` appears on the current page.</doc>
<status status="PASS" starttime="20240314 14:25:39.347" endtime="20240314 14:25:39.371"/>
</kw>
<kw name="Wait Until Page Contains Element" library="SeleniumLibrary">
<arg>${Beginning_Of_Recording}</arg>
<doc>Waits until the element ``locator`` appears on the current page.</doc>
<status status="PASS" starttime="20240314 14:25:39.371" endtime="20240314 14:25:39.387"/>
</kw>
<kw name="Click Element" library="SeleniumLibrary">
<arg>${Beginning_Of_Recording}</arg>
<doc>Click the element identified by ``locator``.</doc>
<msg timestamp="20240314 14:25:39.388" level="INFO">Clicking element 'id=Beginning of Record'.</msg>
<status status="PASS" starttime="20240314 14:25:39.388" endtime="20240314 14:25:39.450"/>
</kw>
<status status="PASS" starttime="20240314 14:25:39.347" endtime="20240314 14:25:39.451"/>
</kw>
<kw name="Sleep" library="BuiltIn">
<arg>2s</arg>
<doc>Pauses the test executed for the given time.</doc>
<msg timestamp="20240314 14:25:41.452" level="INFO">Slept 2 seconds</msg>
<status status="PASS" starttime="20240314 14:25:39.451" endtime="20240314 14:25:41.452"/>
</kw>
<kw name="Click on Right Page Button" library="EEGPage">
<kw name="Wait And Click Element" library="Base">
<arg>//button[@title="Page Right"]</arg>
<kw name="Wait Until Element Is Visible" library="SeleniumLibrary">
<arg>${LOCATOR}</arg>
<arg>timeout=${Wait_Time}</arg>
<arg>error=${Timeout_Message}</arg>
<doc>Waits until the element ``locator`` is visible.</doc>
<status status="PASS" starttime="20240314 14:25:41.454" endtime="20240314 14:25:41.485"/>
</kw>
<kw name="Run Keyword And Return Status" library="BuiltIn">
<var>${element_enabled}</var>
<arg>Element Should Be Enabled</arg>
<arg>${LOCATOR}</arg>
<doc>Runs the given keyword with given arguments and returns the status as a Boolean value.</doc>
<kw name="Element Should Be Enabled" library="SeleniumLibrary">
<arg>${LOCATOR}</arg>
<doc>Verifies that element identified by ``locator`` is enabled.</doc>
<status status="PASS" starttime="20240314 14:25:41.485" endtime="20240314 14:25:41.550"/>
</kw>
<msg timestamp="20240314 14:25:41.550" level="INFO">${element_enabled} = True</msg>
<status status="PASS" starttime="20240314 14:25:41.485" endtime="20240314 14:25:41.550"/>
</kw>
<if>
<branch type="IF" condition="$element_enabled">
<kw name="Click Element" library="SeleniumLibrary">
<arg>${LOCATOR}</arg>
<doc>Click the element identified by ``locator``.</doc>
<msg timestamp="20240314 14:25:41.552" level="INFO">Clicking element '//button[@title="Page Right"]'.</msg>
<status status="PASS" starttime="20240314 14:25:41.551" endtime="20240314 14:25:41.642"/>
</kw>
<status status="PASS" starttime="20240314 14:25:41.550" endtime="20240314 14:25:41.642"/>
</branch>
<branch type="ELSE">
<kw name="Log" library="BuiltIn">
<arg>Element is not enabled, ${LOCATOR}, ${Wait_Time}, ${Timeout_Message}</arg>
<doc>Logs the given message with the given level.</doc>
<status status="NOT RUN" starttime="20240314 14:25:41.642" endtime="20240314 14:25:41.644"/>
</kw>
<status status="NOT RUN" starttime="20240314 14:25:41.642" endtime="20240314 14:25:41.644"/>
</branch>
<status status="PASS" starttime="20240314 14:25:41.550" endtime="20240314 14:25:41.644"/>
</if>
<status status="PASS" starttime="20240314 14:25:41.453" endtime="20240314 14:25:41.644"/>
</kw>
<kw name="Sleep" library="BuiltIn">
<arg>1s</arg>
<doc>Pauses the test executed for the given time.</doc>
<msg timestamp="20240314 14:25:42.645" level="INFO">Slept 1 second</msg>
<status status="PASS" starttime="20240314 14:25:41.644" endtime="20240314 14:25:42.645"/>
</kw>
<status status="PASS" starttime="20240314 14:25:41.452" endtime="20240314 14:25:42.645"/>
</kw>
<kw name="Click on Right Page Button" library="EEGPage">
<kw name="Wait And Click Element" library="Base">
<arg>//button[@title="Page Right"]</arg>
<kw name="Wait Until Element Is Visible" library="SeleniumLibrary">
<arg>${LOCATOR}</arg>
<arg>timeout=${Wait_Time}</arg>
<arg>error=${Timeout_Message}</arg>
<doc>Waits until the element ``locator`` is visible.</doc>
<status status="PASS" starttime="20240314 14:25:42.646" endtime="20240314 14:25:42.667"/>
</kw>
<kw name="Run Keyword And Return Status" library="BuiltIn">
<var>${element_enabled}</var>
<arg>Element Should Be Enabled</arg>
<arg>${LOCATOR}</arg>
<doc>Runs the given keyword with given arguments and returns the status as a Boolean value.</doc>
<kw name="Element Should Be Enabled" library="SeleniumLibrary">
<arg>${LOCATOR}</arg>
<doc>Verifies that element identified by ``locator`` is enabled.</doc>
<status status="PASS" starttime="20240314 14:25:42.667" endtime="20240314 14:25:42.685"/>
</kw>
<msg timestamp="20240314 14:25:42.685" level="INFO">${element_enabled} = True</msg>
<status status="PASS" starttime="20240314 14:25:42.667" endtime="20240314 14:25:42.685"/>
</kw>
<if>
<branch type="IF" condition="$element_enabled">
<kw name="Click Element" library="SeleniumLibrary">
<arg>${LOCATOR}</arg>
<doc>Click the element identified by ``locator``.</doc>
<msg timestamp="20240314 14:25:42.686" level="INFO">Clicking element '//button[@title="Page Right"]'.</msg>
<status status="PASS" starttime="20240314 14:25:42.685" endtime="20240314 14:25:42.725"/>
</kw>
<status status="PASS" starttime="20240314 14:25:42.685" endtime="20240314 14:25:42.725"/>
</branch>
<branch type="ELSE">
<kw name="Log" library="BuiltIn">
<arg>Element is not enabled, ${LOCATOR}, ${Wait_Time}, ${Timeout_Message}</arg>
<doc>Logs the given message with the given level.</doc>
<status status="NOT RUN" starttime="20240314 14:25:42.726" endtime="20240314 14:25:42.726"/>
</kw>
<status status="NOT RUN" starttime="20240314 14:25:42.725" endtime="20240314 14:25:42.726"/>
</branch>
<status status="PASS" starttime="20240314 14:25:42.685" endtime="20240314 14:25:42.726"/>
</if>
<status status="PASS" starttime="20240314 14:25:42.645" endtime="20240314 14:25:42.726"/>
</kw>
<kw name="Sleep" library="BuiltIn">
<arg>1s</arg>
<doc>Pauses the test executed for the given time.</doc>
<msg timestamp="20240314 14:25:43.727" level="INFO">Slept 1 second</msg>
<status status="PASS" starttime="20240314 14:25:42.726" endtime="20240314 14:25:43.727"/>
</kw>
<status status="PASS" starttime="20240314 14:25:42.645" endtime="20240314 14:25:43.727"/>
</kw>
<kw name="Click on Play EEG" library="EEGPage">
<kw name="Click Element" library="SeleniumLibrary">
<arg>${Play_Button}</arg>
<doc>Click the element identified by ``locator``.</doc>
<msg timestamp="20240314 14:25:43.728" level="INFO">Clicking element 'css=body button[title='Start Playing']'.</msg>
<status status="PASS" starttime="20240314 14:25:43.727" endtime="20240314 14:25:43.782"/>
</kw>
<kw name="Sleep" library="BuiltIn">
<arg>3s</arg>
<doc>Pauses the test executed for the given time.</doc>
<msg timestamp="20240314 14:25:46.783" level="INFO">Slept 3 seconds</msg>
<status status="PASS" starttime="20240314 14:25:43.782" endtime="20240314 14:25:46.783"/>
</kw>
<status status="PASS" starttime="20240314 14:25:43.727" endtime="20240314 14:25:46.783"/>
</kw>
<kw name="Sleep" library="BuiltIn">
<arg>15s</arg>
<doc>Pauses the test executed for the given time.</doc>
<msg timestamp="20240314 14:26:01.783" level="INFO">Slept 15 seconds</msg>
<status status="PASS" starttime="20240314 14:25:46.783" endtime="20240314 14:26:01.783"/>
</kw>
<kw name="Navigate to Trends Page From EEG Page" library="PMCApp">
<kw name="Click on &quot;Trends&quot; link" library="EEGPage">
<kw name="Click Element" library="SeleniumLibrary">
<arg>${Trends_Link}</arg>
<doc>Click the element identified by ``locator``.</doc>
<msg timestamp="20240314 14:26:01.785" level="INFO">Clicking element 'xpath=//span[text()='Trends']'.</msg>
<status status="PASS" starttime="20240314 14:26:01.784" endtime="20240314 14:26:01.839"/>
</kw>
<status status="PASS" starttime="20240314 14:26:01.784" endtime="20240314 14:26:01.839"/>
</kw>
<kw name="Verify Trends Page Loads Successfully" library="TrendsPage">
<kw name="Wait Until Page Contains Element" library="SeleniumLibrary">
<arg>css=${Trends_View}</arg>
<doc>Waits until the element ``locator`` appears on the current page.</doc>
<status status="PASS" starttime="20240314 14:26:01.840" endtime="20240314 14:26:03.318"/>
</kw>
<kw name="Wait Until Page Contains Element" library="SeleniumLibrary">
<arg>${Trends_Image}</arg>
<doc>Waits until the element ``locator`` appears on the current page.</doc>
<status status="PASS" starttime="20240314 14:26:03.318" endtime="20240314 14:26:03.327"/>
</kw>
<kw name="Wait Until Page Does Not Contain Element" library="SeleniumLibrary">
<arg>${Circle_Spinner}</arg>
<doc>Waits until the element ``locator`` disappears from the current page.</doc>
<status status="PASS" starttime="20240314 14:26:03.327" endtime="20240314 14:26:03.334"/>
</kw>
<kw name="Wait Until Page Does Not Contain Element" library="SeleniumLibrary">
<arg>${second_spinner}</arg>
<doc>Waits until the element ``locator`` disappears from the current page.</doc>
<status status="PASS" starttime="20240314 14:26:03.334" endtime="20240314 14:26:03.340"/>
</kw>
<kw name="Wait Until Element Is Visible" library="SeleniumLibrary">
<arg>${Trends_Canvas}</arg>
<doc>Waits until the element ``locator`` is visible.</doc>
<status status="PASS" starttime="20240314 14:26:03.340" endtime="20240314 14:26:03.352"/>
</kw>
<kw name="Sleep" library="BuiltIn">
<arg>1s</arg>
<doc>Pauses the test executed for the given time.</doc>
<msg timestamp="20240314 14:26:04.353" level="INFO">Slept 1 second</msg>
<status status="PASS" starttime="20240314 14:26:03.352" endtime="20240314 14:26:04.353"/>
</kw>
<status status="PASS" starttime="20240314 14:26:01.840" endtime="20240314 14:26:04.353"/>
</kw>
<status status="PASS" starttime="20240314 14:26:01.783" endtime="20240314 14:26:04.353"/>
</kw>
<kw name="Navigate to Patient View From Trends" library="PMCApp">
<kw name="Click on Record List On Trends Page" library="TrendsPage">
<kw name="Set Variable" library="BuiltIn">
<var>${Record_List_Button}</var>
<arg>xpath=//mdl-icon[text()='arrow_back_ios']/following-sibling::div</arg>
<doc>Returns the given values which can then be assigned to a variables.</doc>
<msg timestamp="20240314 14:26:04.354" level="INFO">${Record_List_Button} = xpath=//mdl-icon[text()='arrow_back_ios']/following-sibling::div</msg>
<status status="PASS" starttime="20240314 14:26:04.354" endtime="20240314 14:26:04.354"/>
</kw>
<kw name="Wait And Click Element" library="Base">
<arg>${Record_List_Button}</arg>
<kw name="Wait Until Element Is Visible" library="SeleniumLibrary">
<arg>${LOCATOR}</arg>
<arg>timeout=${Wait_Time}</arg>
<arg>error=${Timeout_Message}</arg>
<doc>Waits until the element ``locator`` is visible.</doc>
<status status="PASS" starttime="20240314 14:26:04.355" endtime="20240314 14:26:04.371"/>
</kw>
<kw name="Run Keyword And Return Status" library="BuiltIn">
<var>${element_enabled}</var>
<arg>Element Should Be Enabled</arg>
<arg>${LOCATOR}</arg>
<doc>Runs the given keyword with given arguments and returns the status as a Boolean value.</doc>
<kw name="Element Should Be Enabled" library="SeleniumLibrary">
<arg>${LOCATOR}</arg>
<doc>Verifies that element identified by ``locator`` is enabled.</doc>
<status status="PASS" starttime="20240314 14:26:04.371" endtime="20240314 14:26:04.392"/>
</kw>
<msg timestamp="20240314 14:26:04.392" level="INFO">${element_enabled} = True</msg>
<status status="PASS" starttime="20240314 14:26:04.371" endtime="20240314 14:26:04.392"/>
</kw>
<if>
<branch type="IF" condition="$element_enabled">
<kw name="Click Element" library="SeleniumLibrary">
<arg>${LOCATOR}</arg>
<doc>Click the element identified by ``locator``.</doc>
<msg timestamp="20240314 14:26:04.392" level="INFO">Clicking element 'xpath=//mdl-icon[text()='arrow_back_ios']/following-sibling::div'.</msg>
<status status="PASS" starttime="20240314 14:26:04.392" endtime="20240314 14:26:04.440"/>
</kw>
<status status="PASS" starttime="20240314 14:26:04.392" endtime="20240314 14:26:04.440"/>
</branch>
<branch type="ELSE">
<kw name="Log" library="BuiltIn">
<arg>Element is not enabled, ${LOCATOR}, ${Wait_Time}, ${Timeout_Message}</arg>
<doc>Logs the given message with the given level.</doc>
<status status="NOT RUN" starttime="20240314 14:26:04.441" endtime="20240314 14:26:04.441"/>
</kw>
<status status="NOT RUN" starttime="20240314 14:26:04.440" endtime="20240314 14:26:04.441"/>
</branch>
<status status="PASS" starttime="20240314 14:26:04.392" endtime="20240314 14:26:04.441"/>
</if>
<status status="PASS" starttime="20240314 14:26:04.354" endtime="20240314 14:26:04.441"/>
</kw>
<status status="PASS" starttime="20240314 14:26:04.353" endtime="20240314 14:26:04.441"/>
</kw>
<kw name="Verify Patient View Page Loaded" library="PatientView">
<kw name="Wait Until Page Contains" library="SeleniumLibrary">
<arg>Record List</arg>
<arg>40s</arg>
<doc>Waits until ``text`` appears on the current page.</doc>
<status status="PASS" starttime="20240314 14:26:04.441" endtime="20240314 14:26:04.451"/>
</kw>
<status status="PASS" starttime="20240314 14:26:04.441" endtime="20240314 14:26:04.451"/>
</kw>
<status status="PASS" starttime="20240314 14:26:04.353" endtime="20240314 14:26:04.451"/>
</kw>
<status status="PASS" starttime="20240314 14:25:35.878" endtime="20240314 14:26:04.451"/>
</iter>
<status status="PASS" starttime="20240314 14:24:27.697" endtime="20240314 14:26:04.451"/>
</for>
<kw name="Logging Out From PMC" library="PMCApp">
<kw name="Logging out" library="Settings">
<kw name="Click On Settings Button" library="Settings">
<kw name="Get Location" library="SeleniumLibrary">
<var>${current_url}</var>
<doc>Returns the current browser window URL.</doc>
<msg timestamp="20240314 14:26:04.460" level="INFO">${current_url} = https://pmc.persyst.com/record-views</msg>
<status status="PASS" starttime="20240314 14:26:04.452" endtime="20240314 14:26:04.460"/>
</kw>
<if>
<branch type="IF" condition="$current_url == $Setting_Page_URL">
<kw name="No Operation" library="BuiltIn">
<doc>Does absolutely nothing.</doc>
<status status="NOT RUN" starttime="20240314 14:26:04.461" endtime="20240314 14:26:04.461"/>
</kw>
<status status="NOT RUN" starttime="20240314 14:26:04.461" endtime="20240314 14:26:04.461"/>
</branch>
<branch type="ELSE">
<kw name="Wait Until Page Contains Element" library="SeleniumLibrary">
<arg>${Setting_Button_Locator}</arg>
<doc>Waits until the element ``locator`` appears on the current page.</doc>
<status status="PASS" starttime="20240314 14:26:04.462" endtime="20240314 14:26:04.474"/>
</kw>
<kw name="Wait And Click Element" library="Base">
<arg>${Setting_Button_Locator}</arg>
<kw name="Wait Until Element Is Visible" library="SeleniumLibrary">
<arg>${LOCATOR}</arg>
<arg>timeout=${Wait_Time}</arg>
<arg>error=${Timeout_Message}</arg>
<doc>Waits until the element ``locator`` is visible.</doc>
<status status="PASS" starttime="20240314 14:26:04.475" endtime="20240314 14:26:04.492"/>
</kw>
<kw name="Run Keyword And Return Status" library="BuiltIn">
<var>${element_enabled}</var>
<arg>Element Should Be Enabled</arg>
<arg>${LOCATOR}</arg>
<doc>Runs the given keyword with given arguments and returns the status as a Boolean value.</doc>
<kw name="Element Should Be Enabled" library="SeleniumLibrary">
<arg>${LOCATOR}</arg>
<doc>Verifies that element identified by ``locator`` is enabled.</doc>
<status status="PASS" starttime="20240314 14:26:04.493" endtime="20240314 14:26:04.529"/>
</kw>
<msg timestamp="20240314 14:26:04.530" level="INFO">${element_enabled} = True</msg>
<status status="PASS" starttime="20240314 14:26:04.493" endtime="20240314 14:26:04.530"/>
</kw>
<if>
<branch type="IF" condition="$element_enabled">
<kw name="Click Element" library="SeleniumLibrary">
<arg>${LOCATOR}</arg>
<doc>Click the element identified by ``locator``.</doc>
<msg timestamp="20240314 14:26:04.531" level="INFO">Clicking element 'css=button[title="Settings"]'.</msg>
<status status="PASS" starttime="20240314 14:26:04.530" endtime="20240314 14:26:04.707"/>
</kw>
<status status="PASS" starttime="20240314 14:26:04.530" endtime="20240314 14:26:04.707"/>
</branch>
<branch type="ELSE">
<kw name="Log" library="BuiltIn">
<arg>Element is not enabled, ${LOCATOR}, ${Wait_Time}, ${Timeout_Message}</arg>
<doc>Logs the given message with the given level.</doc>
<status status="NOT RUN" starttime="20240314 14:26:04.708" endtime="20240314 14:26:04.708"/>
</kw>
<status status="NOT RUN" starttime="20240314 14:26:04.707" endtime="20240314 14:26:04.708"/>
</branch>
<status status="PASS" starttime="20240314 14:26:04.530" endtime="20240314 14:26:04.709"/>
</if>
<status status="PASS" starttime="20240314 14:26:04.474" endtime="20240314 14:26:04.709"/>
</kw>
<kw name="Verify &quot;Setting&quot; page loaded" library="Settings">
<kw name="Wait Until Page Contains Element" library="SeleniumLibrary">
<arg>${Setting_Page_Last_Element}</arg>
<doc>Waits until the element ``locator`` appears on the current page.</doc>
<status status="PASS" starttime="20240314 14:26:04.709" endtime="20240314 14:26:04.759"/>
</kw>
<status status="PASS" starttime="20240314 14:26:04.709" endtime="20240314 14:26:04.759"/>
</kw>
<status status="PASS" starttime="20240314 14:26:04.461" endtime="20240314 14:26:04.759"/>
</branch>
<status status="PASS" starttime="20240314 14:26:04.461" endtime="20240314 14:26:04.760"/>
</if>
<status status="PASS" starttime="20240314 14:26:04.452" endtime="20240314 14:26:04.760"/>
</kw>
<kw name="Verify &quot;Setting&quot; page loaded" library="Settings">
<kw name="Wait Until Page Contains Element" library="SeleniumLibrary">
<arg>${Setting_Page_Last_Element}</arg>
<doc>Waits until the element ``locator`` appears on the current page.</doc>
<status status="PASS" starttime="20240314 14:26:04.761" endtime="20240314 14:26:04.779"/>
</kw>
<status status="PASS" starttime="20240314 14:26:04.760" endtime="20240314 14:26:04.779"/>
</kw>
<kw name="Click On &quot;Logout&quot;" library="Settings">
<kw name="Wait Until Page Contains Element" library="SeleniumLibrary">
<arg>${Logout_Button_Locator}</arg>
<doc>Waits until the element ``locator`` appears on the current page.</doc>
<status status="PASS" starttime="20240314 14:26:04.779" endtime="20240314 14:26:04.800"/>
</kw>
<kw name="Wait And Click Element" library="Base">
<arg>${Logout_Button_Locator}</arg>
<kw name="Wait Until Element Is Visible" library="SeleniumLibrary">
<arg>${LOCATOR}</arg>
<arg>timeout=${Wait_Time}</arg>
<arg>error=${Timeout_Message}</arg>
<doc>Waits until the element ``locator`` is visible.</doc>
<status status="PASS" starttime="20240314 14:26:04.801" endtime="20240314 14:26:04.834"/>
</kw>
<kw name="Run Keyword And Return Status" library="BuiltIn">
<var>${element_enabled}</var>
<arg>Element Should Be Enabled</arg>
<arg>${LOCATOR}</arg>
<doc>Runs the given keyword with given arguments and returns the status as a Boolean value.</doc>
<kw name="Element Should Be Enabled" library="SeleniumLibrary">
<arg>${LOCATOR}</arg>
<doc>Verifies that element identified by ``locator`` is enabled.</doc>
<status status="PASS" starttime="20240314 14:26:04.835" endtime="20240314 14:26:04.887"/>
</kw>
<msg timestamp="20240314 14:26:04.888" level="INFO">${element_enabled} = True</msg>
<status status="PASS" starttime="20240314 14:26:04.834" endtime="20240314 14:26:04.888"/>
</kw>
<if>
<branch type="IF" condition="$element_enabled">
<kw name="Click Element" library="SeleniumLibrary">
<arg>${LOCATOR}</arg>
<doc>Click the element identified by ``locator``.</doc>
<msg timestamp="20240314 14:26:04.890" level="INFO">Clicking element 'xpath=//div[text()=' Logout ']'.</msg>
<status status="PASS" starttime="20240314 14:26:04.890" endtime="20240314 14:26:05.000"/>
</kw>
<status status="PASS" starttime="20240314 14:26:04.888" endtime="20240314 14:26:05.000"/>
</branch>
<branch type="ELSE">
<kw name="Log" library="BuiltIn">
<arg>Element is not enabled, ${LOCATOR}, ${Wait_Time}, ${Timeout_Message}</arg>
<doc>Logs the given message with the given level.</doc>
<status status="NOT RUN" starttime="20240314 14:26:05.000" endtime="20240314 14:26:05.002"/>
</kw>
<status status="NOT RUN" starttime="20240314 14:26:05.000" endtime="20240314 14:26:05.002"/>
</branch>
<status status="PASS" starttime="20240314 14:26:04.888" endtime="20240314 14:26:05.002"/>
</if>
<status status="PASS" starttime="20240314 14:26:04.800" endtime="20240314 14:26:05.002"/>
</kw>
<kw name="Sleep" library="BuiltIn">
<arg>3s</arg>
<doc>Pauses the test executed for the given time.</doc>
<msg timestamp="20240314 14:26:08.002" level="INFO">Slept 3 seconds</msg>
<status status="PASS" starttime="20240314 14:26:05.002" endtime="20240314 14:26:08.002"/>
</kw>
<status status="PASS" starttime="20240314 14:26:04.779" endtime="20240314 14:26:08.002"/>
</kw>
<kw name="Verify User Successfully Logged Out" library="Settings">
<kw name="Wait Until Page Contains" library="SeleniumLibrary">
<arg>Welcome To Persyst Mobile</arg>
<doc>Waits until ``text`` appears on the current page.</doc>
<status status="PASS" starttime="20240314 14:26:08.003" endtime="20240314 14:26:08.015"/>
</kw>
<status status="PASS" starttime="20240314 14:26:08.003" endtime="20240314 14:26:08.016"/>
</kw>
<status status="PASS" starttime="20240314 14:26:04.452" endtime="20240314 14:26:08.016"/>
</kw>
<status status="PASS" starttime="20240314 14:26:04.451" endtime="20240314 14:26:08.016"/>
</kw>
<kw name="End Web Suit" library="Common" type="TEARDOWN">
<kw name="Close Browser" library="SeleniumLibrary">
<doc>Closes the current browser.</doc>
<status status="PASS" starttime="20240314 14:26:08.017" endtime="20240314 14:26:10.299"/>
</kw>
<status status="PASS" starttime="20240314 14:26:08.017" endtime="20240314 14:26:10.299"/>
</kw>
<doc>Login is happening in this test with incorrect credentials</doc>
<tag>Login</tag>
<status status="PASS" starttime="20240314 14:24:14.976" endtime="20240314 14:26:10.299"/>
</test>
<doc>This test is going to test persyst login</doc>
<status status="PASS" starttime="20240314 14:24:14.090" endtime="20240314 14:26:10.299"/>
</suite>
<status status="PASS" starttime="20240314 14:24:14.077" endtime="20240314 14:26:10.299"/>
</suite>
<statistics>
<total>
<stat pass="1" fail="0" skip="0">All Tests</stat>
</total>
<tag>
<stat pass="1" fail="0" skip="0">Login</stat>
</tag>
<suite>
<stat pass="1" fail="0" skip="0" id="s1" name="PMC-AES">PMC-AES</stat>
<stat pass="1" fail="0" skip="0" id="s1-s1" name="SmokeTest2">PMC-AES.SmokeTest2</stat>
</suite>
</statistics>
<errors>
</errors>
</robot>
